[0.007s] Invoking command in '/home/alumno1/Documents/TP4-PRA-LopezVilaclara/build/custom_msgs': CMAKE_PREFIX_PATH=${CMAKE_PREFIX_PATH}:/home/alumno1/turtlebot3_ws/install/turtlebot3_teleop:/home/alumno1/turtlebot3_ws/install/turtlebot3_example:/opt/ros/humble /usr/bin/cmake /home/alumno1/Documents/TP4-PRA-LopezVilaclara/ros2_ws/src/custom_msgs -DAMENT_CMAKE_SYMLINK_INSTALL=1 -DCMAKE_INSTALL_PREFIX=/home/alumno1/Documents/TP4-PRA-LopezVilaclara/install/custom_msgs
[0.039s] -- The C compiler identification is GNU 11.4.0
[0.069s] -- The CXX compiler identification is GNU 11.4.0
[0.072s] -- Detecting C compiler ABI info
[0.111s] -- Detecting C compiler ABI info - done
[0.115s] -- Check for working C compiler: /usr/bin/cc - skipped
[0.115s] -- Detecting C compile features
[0.115s] -- Detecting C compile features - done
[0.117s] -- Detecting CXX compiler ABI info
[0.161s] -- Detecting CXX compiler ABI info - done
[0.167s] -- Check for working CXX compiler: /usr/bin/c++ - skipped
[0.167s] -- Detecting CXX compile features
[0.167s] -- Detecting CXX compile features - done
[0.169s] -- Found ament_cmake: 1.3.11 (/opt/ros/humble/share/ament_cmake/cmake)
[0.260s] -- Found Python3: /usr/bin/python3 (found version "3.10.12") found components: Interpreter 
[0.289s] -- Override CMake install command with custom implementation using symlinks instead of copying resources
[0.307s] -- Found geometry_msgs: 4.2.4 (/opt/ros/humble/share/geometry_msgs/cmake)
[0.330s] -- Found rosidl_generator_c: 3.1.6 (/opt/ros/humble/share/rosidl_generator_c/cmake)
[0.333s] -- Found rosidl_adapter: 3.1.6 (/opt/ros/humble/share/rosidl_adapter/cmake)
[0.337s] -- Found rosidl_generator_cpp: 3.1.6 (/opt/ros/humble/share/rosidl_generator_cpp/cmake)
[0.343s] -- Using all available rosidl_typesupport_c: rosidl_typesupport_fastrtps_c;rosidl_typesupport_introspection_c
[0.352s] -- Using all available rosidl_typesupport_cpp: rosidl_typesupport_fastrtps_cpp;rosidl_typesupport_introspection_cpp
[0.370s] -- Found rosidl_default_generators: 1.2.0 (/opt/ros/humble/share/rosidl_default_generators/cmake)
[0.375s] -- Found ament_lint_auto: 0.12.11 (/opt/ros/humble/share/ament_lint_auto/cmake)
[0.526s] -- Found ament_cmake_ros: 0.10.0 (/opt/ros/humble/share/ament_cmake_ros/cmake)
[0.726s] -- Using all available rosidl_typesupport_c: rosidl_typesupport_fastrtps_c;rosidl_typesupport_introspection_c
[0.815s] -- Using all available rosidl_typesupport_cpp: rosidl_typesupport_fastrtps_cpp;rosidl_typesupport_introspection_cpp
[0.827s] -- Found PythonInterp: /usr/bin/python3 (found suitable version "3.10.12", minimum required is "3.6") 
[0.828s] -- Found python_cmake_module: 0.10.0 (/opt/ros/humble/share/python_cmake_module/cmake)
[0.844s] -- Found PythonLibs: /usr/lib/x86_64-linux-gnu/libpython3.10.so (found suitable version "3.10.12", minimum required is "3.5") 
[0.844s] -- Using PYTHON_EXECUTABLE: /usr/bin/python3
[0.844s] -- Using PYTHON_INCLUDE_DIRS: /usr/include/python3.10
[0.844s] -- Using PYTHON_LIBRARIES: /usr/lib/x86_64-linux-gnu/libpython3.10.so
[0.855s] -- Found PythonExtra: .so  
[0.889s] -- Added test 'lint_cmake' to check CMake code style
[0.889s] -- Added test 'xmllint' to check XML markup files
[0.892s] -- Configuring done
[0.905s] -- Generating done
[0.910s] -- Build files have been written to: /home/alumno1/Documents/TP4-PRA-LopezVilaclara/build/custom_msgs
[0.915s] Invoked command in '/home/alumno1/Documents/TP4-PRA-LopezVilaclara/build/custom_msgs' returned '0': CMAKE_PREFIX_PATH=${CMAKE_PREFIX_PATH}:/home/alumno1/turtlebot3_ws/install/turtlebot3_teleop:/home/alumno1/turtlebot3_ws/install/turtlebot3_example:/opt/ros/humble /usr/bin/cmake /home/alumno1/Documents/TP4-PRA-LopezVilaclara/ros2_ws/src/custom_msgs -DAMENT_CMAKE_SYMLINK_INSTALL=1 -DCMAKE_INSTALL_PREFIX=/home/alumno1/Documents/TP4-PRA-LopezVilaclara/install/custom_msgs
[0.916s] Invoking command in '/home/alumno1/Documents/TP4-PRA-LopezVilaclara/build/custom_msgs': CMAKE_PREFIX_PATH=${CMAKE_PREFIX_PATH}:/home/alumno1/turtlebot3_ws/install/turtlebot3_teleop:/home/alumno1/turtlebot3_ws/install/turtlebot3_example:/opt/ros/humble /usr/bin/cmake --build /home/alumno1/Documents/TP4-PRA-LopezVilaclara/build/custom_msgs -- -j28 -l28
[0.944s] [  2%] [34m[1mGenerating C code for ROS interfaces[0m
[0.951s] [  5%] [34m[1mGenerating C++ code for ROS interfaces[0m
[0.955s] [  5%] Built target ament_cmake_python_symlink_custom_msgs
[1.063s] running egg_info
[1.063s] creating custom_msgs.egg-info
[1.063s] writing custom_msgs.egg-info/PKG-INFO
[1.063s] writing dependency_links to custom_msgs.egg-info/dependency_links.txt
[1.063s] writing top-level names to custom_msgs.egg-info/top_level.txt
[1.063s] writing manifest file 'custom_msgs.egg-info/SOURCES.txt'
[1.064s] reading manifest file 'custom_msgs.egg-info/SOURCES.txt'
[1.065s] writing manifest file 'custom_msgs.egg-info/SOURCES.txt'
[1.079s] [  5%] Built target ament_cmake_python_build_custom_msgs_egg
[1.081s] [  5%] Built target custom_msgs__cpp
[1.082s] [  7%] [32mBuilding C object CMakeFiles/custom_msgs__rosidl_generator_c.dir/rosidl_generator_c/custom_msgs/msg/detail/belief__functions.c.o[0m
[1.082s] [ 10%] [32mBuilding C object CMakeFiles/custom_msgs__rosidl_generator_c.dir/rosidl_generator_c/custom_msgs/msg/detail/delta_odom__functions.c.o[0m
[1.088s] [ 12%] [34m[1mGenerating C++ type support for eProsima Fast-RTPS[0m
[1.088s] [ 15%] [34m[1mGenerating C++ type support dispatch for ROS interfaces[0m
[1.088s] [ 17%] [34m[1mGenerating C++ introspection for ROS interfaces[0m
[1.109s] [ 20%] [32m[1mLinking C shared library libcustom_msgs__rosidl_generator_c.so[0m
[1.130s] [ 20%] Built target custom_msgs__rosidl_generator_c
[1.137s] [ 28%] [34m[1mGenerating C type support for eProsima Fast-RTPS[0m
[1.137s] [ 28%] [34m[1mGenerating C introspection for ROS interfaces[0m
[1.137s] [ 28%] [34m[1mGenerating C type support dispatch for ROS interfaces[0m
[1.203s] [ 30%] [32mBuilding CXX object CMakeFiles/custom_msgs__rosidl_typesupport_cpp.dir/rosidl_typesupport_cpp/custom_msgs/msg/delta_odom__type_support.cpp.o[0m
[1.204s] [ 33%] [32mBuilding CXX object CMakeFiles/custom_msgs__rosidl_typesupport_cpp.dir/rosidl_typesupport_cpp/custom_msgs/msg/belief__type_support.cpp.o[0m
[1.212s] [ 38%] [32mBuilding CXX object CMakeFiles/custom_msgs__rosidl_typesupport_introspection_cpp.dir/rosidl_typesupport_introspection_cpp/custom_msgs/msg/detail/belief__type_support.cpp.o[0m
[1.212s] [ 38%] [32mBuilding CXX object CMakeFiles/custom_msgs__rosidl_typesupport_introspection_cpp.dir/rosidl_typesupport_introspection_cpp/custom_msgs/msg/detail/delta_odom__type_support.cpp.o[0m
[1.218s] [ 43%] [32mBuilding CXX object CMakeFiles/custom_msgs__rosidl_typesupport_fastrtps_cpp.dir/rosidl_typesupport_fastrtps_cpp/custom_msgs/msg/detail/dds_fastrtps/belief__type_support.cpp.o[0m
[1.218s] [ 43%] [32mBuilding CXX object CMakeFiles/custom_msgs__rosidl_typesupport_fastrtps_cpp.dir/rosidl_typesupport_fastrtps_cpp/custom_msgs/msg/detail/dds_fastrtps/delta_odom__type_support.cpp.o[0m
[1.258s] [ 46%] [32mBuilding CXX object CMakeFiles/custom_msgs__rosidl_typesupport_c.dir/rosidl_typesupport_c/custom_msgs/msg/delta_odom__type_support.cpp.o[0m
[1.258s] [ 48%] [32mBuilding CXX object CMakeFiles/custom_msgs__rosidl_typesupport_c.dir/rosidl_typesupport_c/custom_msgs/msg/belief__type_support.cpp.o[0m
[1.274s] [ 51%] [32mBuilding CXX object CMakeFiles/custom_msgs__rosidl_typesupport_fastrtps_c.dir/rosidl_typesupport_fastrtps_c/custom_msgs/msg/detail/delta_odom__type_support_c.cpp.o[0m
[1.275s] [ 53%] [32mBuilding CXX object CMakeFiles/custom_msgs__rosidl_typesupport_fastrtps_c.dir/rosidl_typesupport_fastrtps_c/custom_msgs/msg/detail/belief__type_support_c.cpp.o[0m
[1.276s] [ 56%] [32mBuilding C object CMakeFiles/custom_msgs__rosidl_typesupport_introspection_c.dir/rosidl_typesupport_introspection_c/custom_msgs/msg/detail/belief__type_support.c.o[0m
[1.277s] [ 58%] [32mBuilding C object CMakeFiles/custom_msgs__rosidl_typesupport_introspection_c.dir/rosidl_typesupport_introspection_c/custom_msgs/msg/detail/delta_odom__type_support.c.o[0m
[1.279s] [ 61%] [32m[1mLinking CXX shared library libcustom_msgs__rosidl_typesupport_c.so[0m
[1.298s] [ 64%] [32m[1mLinking C shared library libcustom_msgs__rosidl_typesupport_introspection_c.so[0m
[1.306s] [ 64%] Built target custom_msgs__rosidl_typesupport_c
[1.316s] [ 66%] [32m[1mLinking CXX shared library libcustom_msgs__rosidl_typesupport_cpp.so[0m
[1.319s] [ 66%] Built target custom_msgs__rosidl_typesupport_introspection_c
[1.340s] [ 66%] Built target custom_msgs__rosidl_typesupport_cpp
[1.411s] [ 69%] [32m[1mLinking CXX shared library libcustom_msgs__rosidl_typesupport_introspection_cpp.so[0m
[1.434s] [ 71%] [32m[1mLinking CXX shared library libcustom_msgs__rosidl_typesupport_fastrtps_cpp.so[0m
[1.440s] [ 74%] [32m[1mLinking CXX shared library libcustom_msgs__rosidl_typesupport_fastrtps_c.so[0m
[1.454s] [ 74%] Built target custom_msgs__rosidl_typesupport_introspection_cpp
[1.475s] [ 74%] Built target custom_msgs__rosidl_typesupport_fastrtps_cpp
[1.478s] [ 74%] Built target custom_msgs__rosidl_typesupport_fastrtps_c
[1.490s] [ 74%] Built target custom_msgs
[1.502s] [ 76%] [34m[1mGenerating Python code for ROS interfaces[0m
[1.667s] [ 76%] Built target custom_msgs__py
[1.678s] [ 79%] [32mBuilding C object CMakeFiles/custom_msgs__rosidl_generator_py.dir/rosidl_generator_py/custom_msgs/msg/_delta_odom_s.c.o[0m
[1.679s] [ 82%] [32mBuilding C object CMakeFiles/custom_msgs__rosidl_generator_py.dir/rosidl_generator_py/custom_msgs/msg/_belief_s.c.o[0m
[1.725s] [ 84%] [32m[1mLinking C shared library rosidl_generator_py/custom_msgs/libcustom_msgs__rosidl_generator_py.so[0m
[1.751s] [ 84%] Built target custom_msgs__rosidl_generator_py
[1.761s] [ 87%] [32mBuilding C object CMakeFiles/custom_msgs__rosidl_typesupport_fastrtps_c__pyext.dir/rosidl_generator_py/custom_msgs/_custom_msgs_s.ep.rosidl_typesupport_fastrtps_c.c.o[0m
[1.764s] [ 92%] [32mBuilding C object CMakeFiles/custom_msgs__rosidl_typesupport_c__pyext.dir/rosidl_generator_py/custom_msgs/_custom_msgs_s.ep.rosidl_typesupport_c.c.o[0m
[1.764s] [ 92%] [32mBuilding C object CMakeFiles/custom_msgs__rosidl_typesupport_introspection_c__pyext.dir/rosidl_generator_py/custom_msgs/_custom_msgs_s.ep.rosidl_typesupport_introspection_c.c.o[0m
[1.808s] [ 94%] [32m[1mLinking C shared library rosidl_generator_py/custom_msgs/custom_msgs_s__rosidl_typesupport_introspection_c.cpython-310-x86_64-linux-gnu.so[0m
[1.808s] [ 97%] [32m[1mLinking C shared library rosidl_generator_py/custom_msgs/custom_msgs_s__rosidl_typesupport_c.cpython-310-x86_64-linux-gnu.so[0m
[1.814s] [100%] [32m[1mLinking C shared library rosidl_generator_py/custom_msgs/custom_msgs_s__rosidl_typesupport_fastrtps_c.cpython-310-x86_64-linux-gnu.so[0m
[1.832s] [100%] Built target custom_msgs__rosidl_typesupport_introspection_c__pyext
[1.835s] [100%] Built target custom_msgs__rosidl_typesupport_c__pyext
[1.837s] [100%] Built target custom_msgs__rosidl_typesupport_fastrtps_c__pyext
[1.844s] Invoked command in '/home/alumno1/Documents/TP4-PRA-LopezVilaclara/build/custom_msgs' returned '0': CMAKE_PREFIX_PATH=${CMAKE_PREFIX_PATH}:/home/alumno1/turtlebot3_ws/install/turtlebot3_teleop:/home/alumno1/turtlebot3_ws/install/turtlebot3_example:/opt/ros/humble /usr/bin/cmake --build /home/alumno1/Documents/TP4-PRA-LopezVilaclara/build/custom_msgs -- -j28 -l28
[1.849s] Invoking command in '/home/alumno1/Documents/TP4-PRA-LopezVilaclara/build/custom_msgs': CMAKE_PREFIX_PATH=${CMAKE_PREFIX_PATH}:/home/alumno1/turtlebot3_ws/install/turtlebot3_teleop:/home/alumno1/turtlebot3_ws/install/turtlebot3_example:/opt/ros/humble /usr/bin/cmake --install /home/alumno1/Documents/TP4-PRA-LopezVilaclara/build/custom_msgs
[1.854s] -- Install configuration: ""
[1.854s] -- Execute custom install script
[1.854s] -- Symlinking: /home/alumno1/Documents/TP4-PRA-LopezVilaclara/install/custom_msgs/share/ament_index/resource_index/rosidl_interfaces/custom_msgs
[1.859s] -- Symlinking: /home/alumno1/Documents/TP4-PRA-LopezVilaclara/install/custom_msgs/include/custom_msgs/custom_msgs/msg/belief.h
[1.864s] -- Symlinking: /home/alumno1/Documents/TP4-PRA-LopezVilaclara/install/custom_msgs/include/custom_msgs/custom_msgs/msg/delta_odom.h
[1.869s] -- Symlinking: /home/alumno1/Documents/TP4-PRA-LopezVilaclara/install/custom_msgs/include/custom_msgs/custom_msgs/msg/detail/belief__functions.h
[1.874s] -- Symlinking: /home/alumno1/Documents/TP4-PRA-LopezVilaclara/install/custom_msgs/include/custom_msgs/custom_msgs/msg/detail/belief__struct.h
[1.879s] -- Symlinking: /home/alumno1/Documents/TP4-PRA-LopezVilaclara/install/custom_msgs/include/custom_msgs/custom_msgs/msg/detail/belief__type_support.h
[1.882s] -- Symlinking: /home/alumno1/Documents/TP4-PRA-LopezVilaclara/install/custom_msgs/include/custom_msgs/custom_msgs/msg/detail/delta_odom__functions.h
[1.886s] -- Symlinking: /home/alumno1/Documents/TP4-PRA-LopezVilaclara/install/custom_msgs/include/custom_msgs/custom_msgs/msg/detail/delta_odom__struct.h
[1.891s] -- Symlinking: /home/alumno1/Documents/TP4-PRA-LopezVilaclara/install/custom_msgs/include/custom_msgs/custom_msgs/msg/detail/delta_odom__type_support.h
[1.896s] -- Symlinking: /home/alumno1/Documents/TP4-PRA-LopezVilaclara/install/custom_msgs/include/custom_msgs/custom_msgs/msg/rosidl_generator_c__visibility_control.h
[1.901s] -- Symlinking: /home/alumno1/Documents/TP4-PRA-LopezVilaclara/install/custom_msgs/share/custom_msgs/environment/library_path.sh
[1.906s] -- Symlinking: /home/alumno1/Documents/TP4-PRA-LopezVilaclara/install/custom_msgs/share/custom_msgs/environment/library_path.dsv
[1.910s] -- Symlinking: /home/alumno1/Documents/TP4-PRA-LopezVilaclara/install/custom_msgs/include/custom_msgs/custom_msgs/msg/detail/belief__rosidl_typesupport_fastrtps_c.h
[1.915s] -- Symlinking: /home/alumno1/Documents/TP4-PRA-LopezVilaclara/install/custom_msgs/include/custom_msgs/custom_msgs/msg/detail/delta_odom__rosidl_typesupport_fastrtps_c.h
[1.920s] -- Symlinking: /home/alumno1/Documents/TP4-PRA-LopezVilaclara/install/custom_msgs/include/custom_msgs/custom_msgs/msg/rosidl_typesupport_fastrtps_c__visibility_control.h
[1.925s] -- Symlinking: /home/alumno1/Documents/TP4-PRA-LopezVilaclara/install/custom_msgs/include/custom_msgs/custom_msgs/msg/belief.hpp
[1.929s] -- Symlinking: /home/alumno1/Documents/TP4-PRA-LopezVilaclara/install/custom_msgs/include/custom_msgs/custom_msgs/msg/delta_odom.hpp
[1.934s] -- Symlinking: /home/alumno1/Documents/TP4-PRA-LopezVilaclara/install/custom_msgs/include/custom_msgs/custom_msgs/msg/detail/belief__builder.hpp
[1.939s] -- Symlinking: /home/alumno1/Documents/TP4-PRA-LopezVilaclara/install/custom_msgs/include/custom_msgs/custom_msgs/msg/detail/belief__struct.hpp
[1.943s] -- Symlinking: /home/alumno1/Documents/TP4-PRA-LopezVilaclara/install/custom_msgs/include/custom_msgs/custom_msgs/msg/detail/belief__traits.hpp
[1.948s] -- Symlinking: /home/alumno1/Documents/TP4-PRA-LopezVilaclara/install/custom_msgs/include/custom_msgs/custom_msgs/msg/detail/belief__type_support.hpp
[1.953s] -- Symlinking: /home/alumno1/Documents/TP4-PRA-LopezVilaclara/install/custom_msgs/include/custom_msgs/custom_msgs/msg/detail/delta_odom__builder.hpp
[1.957s] -- Symlinking: /home/alumno1/Documents/TP4-PRA-LopezVilaclara/install/custom_msgs/include/custom_msgs/custom_msgs/msg/detail/delta_odom__struct.hpp
[1.962s] -- Symlinking: /home/alumno1/Documents/TP4-PRA-LopezVilaclara/install/custom_msgs/include/custom_msgs/custom_msgs/msg/detail/delta_odom__traits.hpp
[1.967s] -- Symlinking: /home/alumno1/Documents/TP4-PRA-LopezVilaclara/install/custom_msgs/include/custom_msgs/custom_msgs/msg/detail/delta_odom__type_support.hpp
[1.971s] -- Symlinking: /home/alumno1/Documents/TP4-PRA-LopezVilaclara/install/custom_msgs/include/custom_msgs/custom_msgs/msg/rosidl_generator_cpp__visibility_control.hpp
[1.975s] -- Symlinking: /home/alumno1/Documents/TP4-PRA-LopezVilaclara/install/custom_msgs/include/custom_msgs/custom_msgs/msg/detail/belief__rosidl_typesupport_fastrtps_cpp.hpp
[1.980s] -- Symlinking: /home/alumno1/Documents/TP4-PRA-LopezVilaclara/install/custom_msgs/include/custom_msgs/custom_msgs/msg/detail/delta_odom__rosidl_typesupport_fastrtps_cpp.hpp
[1.983s] -- Symlinking: /home/alumno1/Documents/TP4-PRA-LopezVilaclara/install/custom_msgs/include/custom_msgs/custom_msgs/msg/rosidl_typesupport_fastrtps_cpp__visibility_control.h
[1.988s] -- Symlinking: /home/alumno1/Documents/TP4-PRA-LopezVilaclara/install/custom_msgs/include/custom_msgs/custom_msgs/msg/detail/belief__rosidl_typesupport_introspection_c.h
[1.993s] -- Symlinking: /home/alumno1/Documents/TP4-PRA-LopezVilaclara/install/custom_msgs/include/custom_msgs/custom_msgs/msg/detail/delta_odom__rosidl_typesupport_introspection_c.h
[1.998s] -- Symlinking: /home/alumno1/Documents/TP4-PRA-LopezVilaclara/install/custom_msgs/include/custom_msgs/custom_msgs/msg/rosidl_typesupport_introspection_c__visibility_control.h
[2.002s] -- Symlinking: /home/alumno1/Documents/TP4-PRA-LopezVilaclara/install/custom_msgs/include/custom_msgs/custom_msgs/msg/detail/belief__rosidl_typesupport_introspection_cpp.hpp
[2.008s] -- Symlinking: /home/alumno1/Documents/TP4-PRA-LopezVilaclara/install/custom_msgs/include/custom_msgs/custom_msgs/msg/detail/delta_odom__rosidl_typesupport_introspection_cpp.hpp
[2.012s] -- Symlinking: /home/alumno1/Documents/TP4-PRA-LopezVilaclara/install/custom_msgs/share/custom_msgs/environment/pythonpath.sh
[2.017s] -- Symlinking: /home/alumno1/Documents/TP4-PRA-LopezVilaclara/install/custom_msgs/share/custom_msgs/environment/pythonpath.dsv
[2.022s] -- Symlinking: /home/alumno1/Documents/TP4-PRA-LopezVilaclara/install/custom_msgs/local/lib/python3.10/dist-packages/custom_msgs-0.0.0-py3.10.egg-info/PKG-INFO
[2.026s] -- Symlinking: /home/alumno1/Documents/TP4-PRA-LopezVilaclara/install/custom_msgs/local/lib/python3.10/dist-packages/custom_msgs-0.0.0-py3.10.egg-info/SOURCES.txt
[2.030s] -- Symlinking: /home/alumno1/Documents/TP4-PRA-LopezVilaclara/install/custom_msgs/local/lib/python3.10/dist-packages/custom_msgs-0.0.0-py3.10.egg-info/dependency_links.txt
[2.035s] -- Symlinking: /home/alumno1/Documents/TP4-PRA-LopezVilaclara/install/custom_msgs/local/lib/python3.10/dist-packages/custom_msgs-0.0.0-py3.10.egg-info/top_level.txt
[2.039s] -- Symlinking: /home/alumno1/Documents/TP4-PRA-LopezVilaclara/install/custom_msgs/local/lib/python3.10/dist-packages/custom_msgs/__init__.py
[2.042s] -- Symlinking: /home/alumno1/Documents/TP4-PRA-LopezVilaclara/install/custom_msgs/local/lib/python3.10/dist-packages/custom_msgs/_custom_msgs_s.ep.rosidl_typesupport_c.c
[2.046s] -- Symlinking: /home/alumno1/Documents/TP4-PRA-LopezVilaclara/install/custom_msgs/local/lib/python3.10/dist-packages/custom_msgs/_custom_msgs_s.ep.rosidl_typesupport_fastrtps_c.c
[2.050s] -- Symlinking: /home/alumno1/Documents/TP4-PRA-LopezVilaclara/install/custom_msgs/local/lib/python3.10/dist-packages/custom_msgs/_custom_msgs_s.ep.rosidl_typesupport_introspection_c.c
[2.055s] -- Symlinking: /home/alumno1/Documents/TP4-PRA-LopezVilaclara/install/custom_msgs/local/lib/python3.10/dist-packages/custom_msgs/custom_msgs_s__rosidl_typesupport_c.cpython-310-x86_64-linux-gnu.so
[2.060s] -- Symlinking: /home/alumno1/Documents/TP4-PRA-LopezVilaclara/install/custom_msgs/local/lib/python3.10/dist-packages/custom_msgs/custom_msgs_s__rosidl_typesupport_fastrtps_c.cpython-310-x86_64-linux-gnu.so
[2.064s] -- Symlinking: /home/alumno1/Documents/TP4-PRA-LopezVilaclara/install/custom_msgs/local/lib/python3.10/dist-packages/custom_msgs/custom_msgs_s__rosidl_typesupport_introspection_c.cpython-310-x86_64-linux-gnu.so
[2.069s] -- Symlinking: /home/alumno1/Documents/TP4-PRA-LopezVilaclara/install/custom_msgs/local/lib/python3.10/dist-packages/custom_msgs/libcustom_msgs__rosidl_generator_py.so
[2.073s] -- Symlinking: /home/alumno1/Documents/TP4-PRA-LopezVilaclara/install/custom_msgs/local/lib/python3.10/dist-packages/custom_msgs/msg/__init__.py
[2.078s] -- Symlinking: /home/alumno1/Documents/TP4-PRA-LopezVilaclara/install/custom_msgs/local/lib/python3.10/dist-packages/custom_msgs/msg/_belief.py
[2.083s] -- Symlinking: /home/alumno1/Documents/TP4-PRA-LopezVilaclara/install/custom_msgs/local/lib/python3.10/dist-packages/custom_msgs/msg/_belief_s.c
[2.087s] -- Symlinking: /home/alumno1/Documents/TP4-PRA-LopezVilaclara/install/custom_msgs/local/lib/python3.10/dist-packages/custom_msgs/msg/_delta_odom.py
[2.091s] -- Symlinking: /home/alumno1/Documents/TP4-PRA-LopezVilaclara/install/custom_msgs/local/lib/python3.10/dist-packages/custom_msgs/msg/_delta_odom_s.c
[2.094s] -- Up-to-date symlink: /home/alumno1/Documents/TP4-PRA-LopezVilaclara/install/custom_msgs/local/lib/python3.10/dist-packages/custom_msgs/custom_msgs_s__rosidl_typesupport_fastrtps_c.cpython-310-x86_64-linux-gnu.so
[2.094s] -- Up-to-date symlink: /home/alumno1/Documents/TP4-PRA-LopezVilaclara/install/custom_msgs/local/lib/python3.10/dist-packages/custom_msgs/custom_msgs_s__rosidl_typesupport_introspection_c.cpython-310-x86_64-linux-gnu.so
[2.095s] -- Up-to-date symlink: /home/alumno1/Documents/TP4-PRA-LopezVilaclara/install/custom_msgs/local/lib/python3.10/dist-packages/custom_msgs/custom_msgs_s__rosidl_typesupport_c.cpython-310-x86_64-linux-gnu.so
[2.095s] -- Symlinking: /home/alumno1/Documents/TP4-PRA-LopezVilaclara/install/custom_msgs/share/custom_msgs/msg/DeltaOdom.idl
[2.098s] -- Symlinking: /home/alumno1/Documents/TP4-PRA-LopezVilaclara/install/custom_msgs/share/custom_msgs/msg/Belief.idl
[2.102s] -- Symlinking: /home/alumno1/Documents/TP4-PRA-LopezVilaclara/install/custom_msgs/share/custom_msgs/msg/DeltaOdom.msg
[2.106s] -- Symlinking: /home/alumno1/Documents/TP4-PRA-LopezVilaclara/install/custom_msgs/share/custom_msgs/msg/Belief.msg
[2.111s] -- Symlinking: /home/alumno1/Documents/TP4-PRA-LopezVilaclara/install/custom_msgs/share/ament_index/resource_index/package_run_dependencies/custom_msgs
[2.116s] -- Symlinking: /home/alumno1/Documents/TP4-PRA-LopezVilaclara/install/custom_msgs/share/ament_index/resource_index/parent_prefix_path/custom_msgs
[2.121s] -- Symlinking: /home/alumno1/Documents/TP4-PRA-LopezVilaclara/install/custom_msgs/share/custom_msgs/environment/ament_prefix_path.sh
[2.127s] -- Symlinking: /home/alumno1/Documents/TP4-PRA-LopezVilaclara/install/custom_msgs/share/custom_msgs/environment/ament_prefix_path.dsv
[2.130s] -- Symlinking: /home/alumno1/Documents/TP4-PRA-LopezVilaclara/install/custom_msgs/share/custom_msgs/environment/path.sh
[2.135s] -- Symlinking: /home/alumno1/Documents/TP4-PRA-LopezVilaclara/install/custom_msgs/share/custom_msgs/environment/path.dsv
[2.139s] -- Symlinking: /home/alumno1/Documents/TP4-PRA-LopezVilaclara/install/custom_msgs/share/custom_msgs/local_setup.bash
[2.143s] -- Symlinking: /home/alumno1/Documents/TP4-PRA-LopezVilaclara/install/custom_msgs/share/custom_msgs/local_setup.sh
[2.148s] -- Symlinking: /home/alumno1/Documents/TP4-PRA-LopezVilaclara/install/custom_msgs/share/custom_msgs/local_setup.zsh
[2.153s] -- Symlinking: /home/alumno1/Documents/TP4-PRA-LopezVilaclara/install/custom_msgs/share/custom_msgs/local_setup.dsv
[2.157s] -- Symlinking: /home/alumno1/Documents/TP4-PRA-LopezVilaclara/install/custom_msgs/share/custom_msgs/package.dsv
[2.162s] -- Symlinking: /home/alumno1/Documents/TP4-PRA-LopezVilaclara/install/custom_msgs/share/ament_index/resource_index/packages/custom_msgs
[2.167s] -- Symlinking: /home/alumno1/Documents/TP4-PRA-LopezVilaclara/install/custom_msgs/share/custom_msgs/cmake/rosidl_cmake-extras.cmake
[2.171s] -- Symlinking: /home/alumno1/Documents/TP4-PRA-LopezVilaclara/install/custom_msgs/share/custom_msgs/cmake/ament_cmake_export_dependencies-extras.cmake
[2.176s] -- Symlinking: /home/alumno1/Documents/TP4-PRA-LopezVilaclara/install/custom_msgs/share/custom_msgs/cmake/ament_cmake_export_include_directories-extras.cmake
[2.181s] -- Symlinking: /home/alumno1/Documents/TP4-PRA-LopezVilaclara/install/custom_msgs/share/custom_msgs/cmake/ament_cmake_export_libraries-extras.cmake
[2.185s] -- Symlinking: /home/alumno1/Documents/TP4-PRA-LopezVilaclara/install/custom_msgs/share/custom_msgs/cmake/ament_cmake_export_targets-extras.cmake
[2.190s] -- Symlinking: /home/alumno1/Documents/TP4-PRA-LopezVilaclara/install/custom_msgs/share/custom_msgs/cmake/rosidl_cmake_export_typesupport_targets-extras.cmake
[2.195s] -- Symlinking: /home/alumno1/Documents/TP4-PRA-LopezVilaclara/install/custom_msgs/share/custom_msgs/cmake/rosidl_cmake_export_typesupport_libraries-extras.cmake
[2.199s] -- Symlinking: /home/alumno1/Documents/TP4-PRA-LopezVilaclara/install/custom_msgs/share/custom_msgs/cmake/custom_msgsConfig.cmake
[2.203s] -- Symlinking: /home/alumno1/Documents/TP4-PRA-LopezVilaclara/install/custom_msgs/share/custom_msgs/cmake/custom_msgsConfig-version.cmake
[2.208s] -- Symlinking: /home/alumno1/Documents/TP4-PRA-LopezVilaclara/install/custom_msgs/share/custom_msgs/package.xml
[2.212s] -- Installing: /home/alumno1/Documents/TP4-PRA-LopezVilaclara/install/custom_msgs/lib/libcustom_msgs__rosidl_generator_c.so
[2.212s] -- Set runtime path of "/home/alumno1/Documents/TP4-PRA-LopezVilaclara/install/custom_msgs/lib/libcustom_msgs__rosidl_generator_c.so" to ""
[2.213s] -- Installing: /home/alumno1/Documents/TP4-PRA-LopezVilaclara/install/custom_msgs/lib/libcustom_msgs__rosidl_typesupport_fastrtps_c.so
[2.213s] -- Set runtime path of "/home/alumno1/Documents/TP4-PRA-LopezVilaclara/install/custom_msgs/lib/libcustom_msgs__rosidl_typesupport_fastrtps_c.so" to ""
[2.213s] -- Installing: /home/alumno1/Documents/TP4-PRA-LopezVilaclara/install/custom_msgs/lib/libcustom_msgs__rosidl_typesupport_fastrtps_cpp.so
[2.213s] -- Set runtime path of "/home/alumno1/Documents/TP4-PRA-LopezVilaclara/install/custom_msgs/lib/libcustom_msgs__rosidl_typesupport_fastrtps_cpp.so" to ""
[2.213s] -- Installing: /home/alumno1/Documents/TP4-PRA-LopezVilaclara/install/custom_msgs/lib/libcustom_msgs__rosidl_typesupport_introspection_c.so
[2.213s] -- Set runtime path of "/home/alumno1/Documents/TP4-PRA-LopezVilaclara/install/custom_msgs/lib/libcustom_msgs__rosidl_typesupport_introspection_c.so" to ""
[2.213s] -- Installing: /home/alumno1/Documents/TP4-PRA-LopezVilaclara/install/custom_msgs/lib/libcustom_msgs__rosidl_typesupport_c.so
[2.213s] -- Set runtime path of "/home/alumno1/Documents/TP4-PRA-LopezVilaclara/install/custom_msgs/lib/libcustom_msgs__rosidl_typesupport_c.so" to ""
[2.213s] -- Installing: /home/alumno1/Documents/TP4-PRA-LopezVilaclara/install/custom_msgs/lib/libcustom_msgs__rosidl_typesupport_introspection_cpp.so
[2.213s] -- Set runtime path of "/home/alumno1/Documents/TP4-PRA-LopezVilaclara/install/custom_msgs/lib/libcustom_msgs__rosidl_typesupport_introspection_cpp.so" to ""
[2.213s] -- Installing: /home/alumno1/Documents/TP4-PRA-LopezVilaclara/install/custom_msgs/lib/libcustom_msgs__rosidl_typesupport_cpp.so
[2.213s] -- Set runtime path of "/home/alumno1/Documents/TP4-PRA-LopezVilaclara/install/custom_msgs/lib/libcustom_msgs__rosidl_typesupport_cpp.so" to ""
[2.230s] Listing '/home/alumno1/Documents/TP4-PRA-LopezVilaclara/install/custom_msgs/local/lib/python3.10/dist-packages/custom_msgs'...
[2.230s] Compiling '/home/alumno1/Documents/TP4-PRA-LopezVilaclara/install/custom_msgs/local/lib/python3.10/dist-packages/custom_msgs/__init__.py'...
[2.230s] Listing '/home/alumno1/Documents/TP4-PRA-LopezVilaclara/install/custom_msgs/local/lib/python3.10/dist-packages/custom_msgs/msg'...
[2.230s] Compiling '/home/alumno1/Documents/TP4-PRA-LopezVilaclara/install/custom_msgs/local/lib/python3.10/dist-packages/custom_msgs/msg/__init__.py'...
[2.231s] Compiling '/home/alumno1/Documents/TP4-PRA-LopezVilaclara/install/custom_msgs/local/lib/python3.10/dist-packages/custom_msgs/msg/_belief.py'...
[2.231s] Compiling '/home/alumno1/Documents/TP4-PRA-LopezVilaclara/install/custom_msgs/local/lib/python3.10/dist-packages/custom_msgs/msg/_delta_odom.py'...
[2.232s] -- Installing: /home/alumno1/Documents/TP4-PRA-LopezVilaclara/install/custom_msgs/lib/libcustom_msgs__rosidl_generator_py.so
[2.233s] -- Set runtime path of "/home/alumno1/Documents/TP4-PRA-LopezVilaclara/install/custom_msgs/lib/libcustom_msgs__rosidl_generator_py.so" to ""
[2.233s] -- Installing: /home/alumno1/Documents/TP4-PRA-LopezVilaclara/install/custom_msgs/share/custom_msgs/cmake/export_custom_msgs__rosidl_generator_cExport.cmake
[2.233s] -- Installing: /home/alumno1/Documents/TP4-PRA-LopezVilaclara/install/custom_msgs/share/custom_msgs/cmake/export_custom_msgs__rosidl_generator_cExport-noconfig.cmake
[2.233s] -- Installing: /home/alumno1/Documents/TP4-PRA-LopezVilaclara/install/custom_msgs/share/custom_msgs/cmake/export_custom_msgs__rosidl_typesupport_fastrtps_cExport.cmake
[2.233s] -- Installing: /home/alumno1/Documents/TP4-PRA-LopezVilaclara/install/custom_msgs/share/custom_msgs/cmake/export_custom_msgs__rosidl_typesupport_fastrtps_cExport-noconfig.cmake
[2.233s] -- Installing: /home/alumno1/Documents/TP4-PRA-LopezVilaclara/install/custom_msgs/share/custom_msgs/cmake/export_custom_msgs__rosidl_generator_cppExport.cmake
[2.233s] -- Installing: /home/alumno1/Documents/TP4-PRA-LopezVilaclara/install/custom_msgs/share/custom_msgs/cmake/export_custom_msgs__rosidl_typesupport_fastrtps_cppExport.cmake
[2.233s] -- Installing: /home/alumno1/Documents/TP4-PRA-LopezVilaclara/install/custom_msgs/share/custom_msgs/cmake/export_custom_msgs__rosidl_typesupport_fastrtps_cppExport-noconfig.cmake
[2.233s] -- Installing: /home/alumno1/Documents/TP4-PRA-LopezVilaclara/install/custom_msgs/share/custom_msgs/cmake/custom_msgs__rosidl_typesupport_introspection_cExport.cmake
[2.233s] -- Installing: /home/alumno1/Documents/TP4-PRA-LopezVilaclara/install/custom_msgs/share/custom_msgs/cmake/custom_msgs__rosidl_typesupport_introspection_cExport-noconfig.cmake
[2.233s] -- Installing: /home/alumno1/Documents/TP4-PRA-LopezVilaclara/install/custom_msgs/share/custom_msgs/cmake/custom_msgs__rosidl_typesupport_cExport.cmake
[2.233s] -- Installing: /home/alumno1/Documents/TP4-PRA-LopezVilaclara/install/custom_msgs/share/custom_msgs/cmake/custom_msgs__rosidl_typesupport_cExport-noconfig.cmake
[2.233s] -- Installing: /home/alumno1/Documents/TP4-PRA-LopezVilaclara/install/custom_msgs/share/custom_msgs/cmake/custom_msgs__rosidl_typesupport_introspection_cppExport.cmake
[2.233s] -- Installing: /home/alumno1/Documents/TP4-PRA-LopezVilaclara/install/custom_msgs/share/custom_msgs/cmake/custom_msgs__rosidl_typesupport_introspection_cppExport-noconfig.cmake
[2.233s] -- Installing: /home/alumno1/Documents/TP4-PRA-LopezVilaclara/install/custom_msgs/share/custom_msgs/cmake/custom_msgs__rosidl_typesupport_cppExport.cmake
[2.233s] -- Installing: /home/alumno1/Documents/TP4-PRA-LopezVilaclara/install/custom_msgs/share/custom_msgs/cmake/custom_msgs__rosidl_typesupport_cppExport-noconfig.cmake
[2.233s] -- Installing: /home/alumno1/Documents/TP4-PRA-LopezVilaclara/install/custom_msgs/share/custom_msgs/cmake/export_custom_msgs__rosidl_generator_pyExport.cmake
[2.234s] -- Installing: /home/alumno1/Documents/TP4-PRA-LopezVilaclara/install/custom_msgs/share/custom_msgs/cmake/export_custom_msgs__rosidl_generator_pyExport-noconfig.cmake
[2.234s] Invoked command in '/home/alumno1/Documents/TP4-PRA-LopezVilaclara/build/custom_msgs' returned '0': CMAKE_PREFIX_PATH=${CMAKE_PREFIX_PATH}:/home/alumno1/turtlebot3_ws/install/turtlebot3_teleop:/home/alumno1/turtlebot3_ws/install/turtlebot3_example:/opt/ros/humble /usr/bin/cmake --install /home/alumno1/Documents/TP4-PRA-LopezVilaclara/build/custom_msgs
