[0.076s] DEBUG:colcon:Command line arguments: ['/usr/bin/colcon', 'build', '--symlink-install']
[0.076s] DEBUG:colcon:Parsed command line arguments: Namespace(log_base=None, log_level=None, verb_name='build', build_base='build', install_base='install', merge_install=False, symlink_install=True, test_result_base=None, continue_on_error=False, executor='parallel', parallel_workers=28, event_handlers=None, ignore_user_meta=False, metas=['./colcon.meta'], base_paths=['.'], packages_ignore=None, packages_ignore_regex=None, paths=None, packages_up_to=None, packages_up_to_regex=None, packages_above=None, packages_above_and_dependencies=None, packages_above_depth=None, packages_select_by_dep=None, packages_skip_by_dep=None, packages_skip_up_to=None, packages_select_build_failed=False, packages_skip_build_finished=False, packages_select_test_failures=False, packages_skip_test_passed=False, packages_select=None, packages_skip=None, packages_select_regex=None, packages_skip_regex=None, packages_start=None, packages_end=None, allow_overriding=[], cmake_args=None, cmake_target=None, cmake_target_skip_unavailable=False, cmake_clean_cache=False, cmake_clean_first=False, cmake_force_configure=False, ament_cmake_args=None, catkin_cmake_args=None, catkin_skip_building_tests=False, mixin_files=None, mixin=None, verb_parser=<colcon_mixin.mixin.mixin_argument.MixinArgumentDecorator object at 0x79573854b0d0>, verb_extension=<colcon_core.verb.build.BuildVerb object at 0x7957386985e0>, main=<bound method BuildVerb.main of <colcon_core.verb.build.BuildVerb object at 0x7957386985e0>>, mixin_verb=('build',))
[0.199s] Level 1:colcon.colcon_core.package_discovery:discover_packages(colcon_meta) check parameters
[0.199s] Level 1:colcon.colcon_core.package_discovery:discover_packages(recursive) check parameters
[0.199s] Level 1:colcon.colcon_core.package_discovery:discover_packages(ignore) check parameters
[0.199s] Level 1:colcon.colcon_core.package_discovery:discover_packages(path) check parameters
[0.199s] Level 1:colcon.colcon_core.package_discovery:discover_packages(colcon_meta) discover
[0.199s] Level 1:colcon.colcon_core.package_discovery:discover_packages(recursive) discover
[0.199s] INFO:colcon.colcon_core.package_discovery:Crawling recursively for packages in '/home/alumno1/Documents/TP4-PRA-LopezVilaclara/ros2_ws'
[0.199s] Level 1:colcon.colcon_core.package_identification:_identify(.) by extensions ['ignore', 'ignore_ament_install']
[0.199s] Level 1:colcon.colcon_core.package_identification:_identify(.) by extension 'ignore'
[0.199s] Level 1:colcon.colcon_core.package_identification:_identify(.) by extension 'ignore_ament_install'
[0.199s] Level 1:colcon.colcon_core.package_identification:_identify(.) by extensions ['colcon_pkg']
[0.199s] Level 1:colcon.colcon_core.package_identification:_identify(.) by extension 'colcon_pkg'
[0.199s] Level 1:colcon.colcon_core.package_identification:_identify(.) by extensions ['colcon_meta']
[0.199s] Level 1:colcon.colcon_core.package_identification:_identify(.) by extension 'colcon_meta'
[0.199s] Level 1:colcon.colcon_core.package_identification:_identify(.) by extensions ['ros']
[0.199s] Level 1:colcon.colcon_core.package_identification:_identify(.) by extension 'ros'
[0.206s] Level 1:colcon.colcon_core.package_identification:_identify(.) by extensions ['cmake', 'python']
[0.206s] Level 1:colcon.colcon_core.package_identification:_identify(.) by extension 'cmake'
[0.206s] Level 1:colcon.colcon_core.package_identification:_identify(.) by extension 'python'
[0.206s] Level 1:colcon.colcon_core.package_identification:_identify(.) by extensions ['python_setup_py']
[0.206s] Level 1:colcon.colcon_core.package_identification:_identify(.) by extension 'python_setup_py'
[0.206s] Level 1:colcon.colcon_core.package_identification:_identify(build) by extensions ['ignore', 'ignore_ament_install']
[0.206s] Level 1:colcon.colcon_core.package_identification:_identify(build) by extension 'ignore'
[0.206s] Level 1:colcon.colcon_core.package_identification:_identify(build) ignored
[0.206s] Level 1:colcon.colcon_core.package_identification:_identify(install) by extensions ['ignore', 'ignore_ament_install']
[0.206s] Level 1:colcon.colcon_core.package_identification:_identify(install) by extension 'ignore'
[0.206s] Level 1:colcon.colcon_core.package_identification:_identify(install) ignored
[0.206s] Level 1:colcon.colcon_core.package_identification:_identify(log) by extensions ['ignore', 'ignore_ament_install']
[0.206s] Level 1:colcon.colcon_core.package_identification:_identify(log) by extension 'ignore'
[0.206s] Level 1:colcon.colcon_core.package_identification:_identify(log) ignored
[0.206s] Level 1:colcon.colcon_core.package_identification:_identify(src) by extensions ['ignore', 'ignore_ament_install']
[0.206s] Level 1:colcon.colcon_core.package_identification:_identify(src) by extension 'ignore'
[0.206s] Level 1:colcon.colcon_core.package_identification:_identify(src) by extension 'ignore_ament_install'
[0.206s] Level 1:colcon.colcon_core.package_identification:_identify(src) by extensions ['colcon_pkg']
[0.206s] Level 1:colcon.colcon_core.package_identification:_identify(src) by extension 'colcon_pkg'
[0.206s] Level 1:colcon.colcon_core.package_identification:_identify(src) by extensions ['colcon_meta']
[0.206s] Level 1:colcon.colcon_core.package_identification:_identify(src) by extension 'colcon_meta'
[0.207s] Level 1:colcon.colcon_core.package_identification:_identify(src) by extensions ['ros']
[0.207s] Level 1:colcon.colcon_core.package_identification:_identify(src) by extension 'ros'
[0.207s] Level 1:colcon.colcon_core.package_identification:_identify(src) by extensions ['cmake', 'python']
[0.207s] Level 1:colcon.colcon_core.package_identification:_identify(src) by extension 'cmake'
[0.207s] Level 1:colcon.colcon_core.package_identification:_identify(src) by extension 'python'
[0.207s] Level 1:colcon.colcon_core.package_identification:_identify(src) by extensions ['python_setup_py']
[0.207s] Level 1:colcon.colcon_core.package_identification:_identify(src) by extension 'python_setup_py'
[0.207s] Level 1:colcon.colcon_core.package_identification:_identify(src/custom_code) by extensions ['ignore', 'ignore_ament_install']
[0.207s] Level 1:colcon.colcon_core.package_identification:_identify(src/custom_code) by extension 'ignore'
[0.207s] Level 1:colcon.colcon_core.package_identification:_identify(src/custom_code) by extension 'ignore_ament_install'
[0.207s] Level 1:colcon.colcon_core.package_identification:_identify(src/custom_code) by extensions ['colcon_pkg']
[0.207s] Level 1:colcon.colcon_core.package_identification:_identify(src/custom_code) by extension 'colcon_pkg'
[0.207s] Level 1:colcon.colcon_core.package_identification:_identify(src/custom_code) by extensions ['colcon_meta']
[0.207s] Level 1:colcon.colcon_core.package_identification:_identify(src/custom_code) by extension 'colcon_meta'
[0.207s] Level 1:colcon.colcon_core.package_identification:_identify(src/custom_code) by extensions ['ros']
[0.207s] Level 1:colcon.colcon_core.package_identification:_identify(src/custom_code) by extension 'ros'
[0.209s] DEBUG:colcon.colcon_core.package_identification:Package 'src/custom_code' with type 'ros.ament_python' and name 'custom_code'
[0.209s] Level 1:colcon.colcon_core.package_identification:_identify(src/custom_msgs) by extensions ['ignore', 'ignore_ament_install']
[0.209s] Level 1:colcon.colcon_core.package_identification:_identify(src/custom_msgs) by extension 'ignore'
[0.209s] Level 1:colcon.colcon_core.package_identification:_identify(src/custom_msgs) by extension 'ignore_ament_install'
[0.209s] Level 1:colcon.colcon_core.package_identification:_identify(src/custom_msgs) by extensions ['colcon_pkg']
[0.209s] Level 1:colcon.colcon_core.package_identification:_identify(src/custom_msgs) by extension 'colcon_pkg'
[0.209s] Level 1:colcon.colcon_core.package_identification:_identify(src/custom_msgs) by extensions ['colcon_meta']
[0.209s] Level 1:colcon.colcon_core.package_identification:_identify(src/custom_msgs) by extension 'colcon_meta'
[0.209s] Level 1:colcon.colcon_core.package_identification:_identify(src/custom_msgs) by extensions ['ros']
[0.209s] Level 1:colcon.colcon_core.package_identification:_identify(src/custom_msgs) by extension 'ros'
[0.209s] DEBUG:colcon.colcon_core.package_identification:Package 'src/custom_msgs' with type 'ros.ament_cmake' and name 'custom_msgs'
[0.209s] Level 1:colcon.colcon_core.package_identification:_identify(src/turtlebot3_custom_simulation) by extensions ['ignore', 'ignore_ament_install']
[0.209s] Level 1:colcon.colcon_core.package_identification:_identify(src/turtlebot3_custom_simulation) by extension 'ignore'
[0.209s] Level 1:colcon.colcon_core.package_identification:_identify(src/turtlebot3_custom_simulation) by extension 'ignore_ament_install'
[0.209s] Level 1:colcon.colcon_core.package_identification:_identify(src/turtlebot3_custom_simulation) by extensions ['colcon_pkg']
[0.209s] Level 1:colcon.colcon_core.package_identification:_identify(src/turtlebot3_custom_simulation) by extension 'colcon_pkg'
[0.209s] Level 1:colcon.colcon_core.package_identification:_identify(src/turtlebot3_custom_simulation) by extensions ['colcon_meta']
[0.209s] Level 1:colcon.colcon_core.package_identification:_identify(src/turtlebot3_custom_simulation) by extension 'colcon_meta'
[0.209s] Level 1:colcon.colcon_core.package_identification:_identify(src/turtlebot3_custom_simulation) by extensions ['ros']
[0.209s] Level 1:colcon.colcon_core.package_identification:_identify(src/turtlebot3_custom_simulation) by extension 'ros'
[0.210s] DEBUG:colcon.colcon_core.package_identification:Package 'src/turtlebot3_custom_simulation' with type 'ros.ament_cmake' and name 'turtlebot3_custom_simulation'
[0.210s] Level 1:colcon.colcon_core.package_discovery:discover_packages(recursive) using defaults
[0.210s] Level 1:colcon.colcon_core.package_discovery:discover_packages(ignore) discover
[0.210s] Level 1:colcon.colcon_core.package_discovery:discover_packages(ignore) using defaults
[0.210s] Level 1:colcon.colcon_core.package_discovery:discover_packages(path) discover
[0.210s] Level 1:colcon.colcon_core.package_discovery:discover_packages(path) using defaults
[0.229s] Level 1:colcon.colcon_core.package_discovery:discover_packages(prefix_path) check parameters
[0.229s] Level 1:colcon.colcon_core.package_discovery:discover_packages(prefix_path) discover
[0.231s] DEBUG:colcon.colcon_installed_package_information.package_discovery:Found 16 installed packages in /home/alumno1/turtlebot3_ws/install
[0.232s] DEBUG:colcon.colcon_installed_package_information.package_discovery:Found 363 installed packages in /opt/ros/humble
[0.232s] Level 1:colcon.colcon_core.package_discovery:discover_packages(prefix_path) using defaults
[0.256s] Level 5:colcon.colcon_core.verb:set package 'custom_msgs' build argument 'cmake_args' from command line to 'None'
[0.256s] Level 5:colcon.colcon_core.verb:set package 'custom_msgs' build argument 'cmake_target' from command line to 'None'
[0.256s] Level 5:colcon.colcon_core.verb:set package 'custom_msgs' build argument 'cmake_target_skip_unavailable' from command line to 'False'
[0.256s] Level 5:colcon.colcon_core.verb:set package 'custom_msgs' build argument 'cmake_clean_cache' from command line to 'False'
[0.256s] Level 5:colcon.colcon_core.verb:set package 'custom_msgs' build argument 'cmake_clean_first' from command line to 'False'
[0.256s] Level 5:colcon.colcon_core.verb:set package 'custom_msgs' build argument 'cmake_force_configure' from command line to 'False'
[0.256s] Level 5:colcon.colcon_core.verb:set package 'custom_msgs' build argument 'ament_cmake_args' from command line to 'None'
[0.256s] Level 5:colcon.colcon_core.verb:set package 'custom_msgs' build argument 'catkin_cmake_args' from command line to 'None'
[0.256s] Level 5:colcon.colcon_core.verb:set package 'custom_msgs' build argument 'catkin_skip_building_tests' from command line to 'False'
[0.256s] DEBUG:colcon.colcon_core.verb:Building package 'custom_msgs' with the following arguments: {'ament_cmake_args': None, 'build_base': '/home/alumno1/Documents/TP4-PRA-LopezVilaclara/ros2_ws/build/custom_msgs', 'catkin_cmake_args': None, 'catkin_skip_building_tests': False, 'cmake_args': None, 'cmake_clean_cache': False, 'cmake_clean_first': False, 'cmake_force_configure': False, 'cmake_target': None, 'cmake_target_skip_unavailable': False, 'install_base': '/home/alumno1/Documents/TP4-PRA-LopezVilaclara/ros2_ws/install/custom_msgs', 'merge_install': False, 'path': '/home/alumno1/Documents/TP4-PRA-LopezVilaclara/ros2_ws/src/custom_msgs', 'symlink_install': True, 'test_result_base': None}
[0.257s] Level 5:colcon.colcon_core.verb:set package 'turtlebot3_custom_simulation' build argument 'cmake_args' from command line to 'None'
[0.257s] Level 5:colcon.colcon_core.verb:set package 'turtlebot3_custom_simulation' build argument 'cmake_target' from command line to 'None'
[0.257s] Level 5:colcon.colcon_core.verb:set package 'turtlebot3_custom_simulation' build argument 'cmake_target_skip_unavailable' from command line to 'False'
[0.257s] Level 5:colcon.colcon_core.verb:set package 'turtlebot3_custom_simulation' build argument 'cmake_clean_cache' from command line to 'False'
[0.257s] Level 5:colcon.colcon_core.verb:set package 'turtlebot3_custom_simulation' build argument 'cmake_clean_first' from command line to 'False'
[0.257s] Level 5:colcon.colcon_core.verb:set package 'turtlebot3_custom_simulation' build argument 'cmake_force_configure' from command line to 'False'
[0.257s] Level 5:colcon.colcon_core.verb:set package 'turtlebot3_custom_simulation' build argument 'ament_cmake_args' from command line to 'None'
[0.257s] Level 5:colcon.colcon_core.verb:set package 'turtlebot3_custom_simulation' build argument 'catkin_cmake_args' from command line to 'None'
[0.257s] Level 5:colcon.colcon_core.verb:set package 'turtlebot3_custom_simulation' build argument 'catkin_skip_building_tests' from command line to 'False'
[0.257s] DEBUG:colcon.colcon_core.verb:Building package 'turtlebot3_custom_simulation' with the following arguments: {'ament_cmake_args': None, 'build_base': '/home/alumno1/Documents/TP4-PRA-LopezVilaclara/ros2_ws/build/turtlebot3_custom_simulation', 'catkin_cmake_args': None, 'catkin_skip_building_tests': False, 'cmake_args': None, 'cmake_clean_cache': False, 'cmake_clean_first': False, 'cmake_force_configure': False, 'cmake_target': None, 'cmake_target_skip_unavailable': False, 'install_base': '/home/alumno1/Documents/TP4-PRA-LopezVilaclara/ros2_ws/install/turtlebot3_custom_simulation', 'merge_install': False, 'path': '/home/alumno1/Documents/TP4-PRA-LopezVilaclara/ros2_ws/src/turtlebot3_custom_simulation', 'symlink_install': True, 'test_result_base': None}
[0.257s] Level 5:colcon.colcon_core.verb:set package 'custom_code' build argument 'cmake_args' from command line to 'None'
[0.257s] Level 5:colcon.colcon_core.verb:set package 'custom_code' build argument 'cmake_target' from command line to 'None'
[0.257s] Level 5:colcon.colcon_core.verb:set package 'custom_code' build argument 'cmake_target_skip_unavailable' from command line to 'False'
[0.257s] Level 5:colcon.colcon_core.verb:set package 'custom_code' build argument 'cmake_clean_cache' from command line to 'False'
[0.257s] Level 5:colcon.colcon_core.verb:set package 'custom_code' build argument 'cmake_clean_first' from command line to 'False'
[0.257s] Level 5:colcon.colcon_core.verb:set package 'custom_code' build argument 'cmake_force_configure' from command line to 'False'
[0.257s] Level 5:colcon.colcon_core.verb:set package 'custom_code' build argument 'ament_cmake_args' from command line to 'None'
[0.257s] Level 5:colcon.colcon_core.verb:set package 'custom_code' build argument 'catkin_cmake_args' from command line to 'None'
[0.257s] Level 5:colcon.colcon_core.verb:set package 'custom_code' build argument 'catkin_skip_building_tests' from command line to 'False'
[0.257s] DEBUG:colcon.colcon_core.verb:Building package 'custom_code' with the following arguments: {'ament_cmake_args': None, 'build_base': '/home/alumno1/Documents/TP4-PRA-LopezVilaclara/ros2_ws/build/custom_code', 'catkin_cmake_args': None, 'catkin_skip_building_tests': False, 'cmake_args': None, 'cmake_clean_cache': False, 'cmake_clean_first': False, 'cmake_force_configure': False, 'cmake_target': None, 'cmake_target_skip_unavailable': False, 'install_base': '/home/alumno1/Documents/TP4-PRA-LopezVilaclara/ros2_ws/install/custom_code', 'merge_install': False, 'path': '/home/alumno1/Documents/TP4-PRA-LopezVilaclara/ros2_ws/src/custom_code', 'symlink_install': True, 'test_result_base': None}
[0.257s] INFO:colcon.colcon_core.executor:Executing jobs using 'parallel' executor
[0.258s] DEBUG:colcon.colcon_parallel_executor.executor.parallel:run_until_complete
[0.258s] INFO:colcon.colcon_ros.task.ament_cmake.build:Building ROS package in '/home/alumno1/Documents/TP4-PRA-LopezVilaclara/ros2_ws/src/custom_msgs' with build type 'ament_cmake'
[0.258s] INFO:colcon.colcon_cmake.task.cmake.build:Building CMake package in '/home/alumno1/Documents/TP4-PRA-LopezVilaclara/ros2_ws/src/custom_msgs'
[0.260s] INFO:colcon.colcon_core.plugin_system:Skipping extension 'colcon_core.shell.bat': Not used on non-Windows systems
[0.260s] INFO:colcon.colcon_core.shell:Skip shell extension 'powershell' for command environment: Not usable outside of PowerShell
[0.260s] DEBUG:colcon.colcon_core.shell:Skip shell extension 'dsv' for command environment
[0.262s] INFO:colcon.colcon_ros.task.ament_cmake.build:Building ROS package in '/home/alumno1/Documents/TP4-PRA-LopezVilaclara/ros2_ws/src/turtlebot3_custom_simulation' with build type 'ament_cmake'
[0.262s] INFO:colcon.colcon_cmake.task.cmake.build:Building CMake package in '/home/alumno1/Documents/TP4-PRA-LopezVilaclara/ros2_ws/src/turtlebot3_custom_simulation'
[0.262s] INFO:colcon.colcon_core.shell:Skip shell extension 'powershell' for command environment: Not usable outside of PowerShell
[0.262s] DEBUG:colcon.colcon_core.shell:Skip shell extension 'dsv' for command environment
[0.266s] DEBUG:colcon.colcon_core.event_handler.log_command:Invoking command in '/home/alumno1/Documents/TP4-PRA-LopezVilaclara/ros2_ws/build/custom_msgs': CMAKE_PREFIX_PATH=${CMAKE_PREFIX_PATH}:/home/alumno1/turtlebot3_ws/install/turtlebot3_teleop:/home/alumno1/turtlebot3_ws/install/turtlebot3_example:/opt/ros/humble /usr/bin/cmake /home/alumno1/Documents/TP4-PRA-LopezVilaclara/ros2_ws/src/custom_msgs -DAMENT_CMAKE_SYMLINK_INSTALL=1 -DCMAKE_INSTALL_PREFIX=/home/alumno1/Documents/TP4-PRA-LopezVilaclara/ros2_ws/install/custom_msgs
[0.267s] DEBUG:colcon.colcon_core.event_handler.log_command:Invoking command in '/home/alumno1/Documents/TP4-PRA-LopezVilaclara/ros2_ws/build/turtlebot3_custom_simulation': CMAKE_PREFIX_PATH=${CMAKE_PREFIX_PATH}:/home/alumno1/turtlebot3_ws/install/turtlebot3_teleop:/home/alumno1/turtlebot3_ws/install/turtlebot3_example:/opt/ros/humble /usr/bin/cmake /home/alumno1/Documents/TP4-PRA-LopezVilaclara/ros2_ws/src/turtlebot3_custom_simulation -DAMENT_CMAKE_SYMLINK_INSTALL=1 -DCMAKE_INSTALL_PREFIX=/home/alumno1/Documents/TP4-PRA-LopezVilaclara/ros2_ws/install/turtlebot3_custom_simulation
[1.045s] DEBUG:colcon.colcon_core.event_handler.log_command:Invoked command in '/home/alumno1/Documents/TP4-PRA-LopezVilaclara/ros2_ws/build/turtlebot3_custom_simulation' returned '0': CMAKE_PREFIX_PATH=${CMAKE_PREFIX_PATH}:/home/alumno1/turtlebot3_ws/install/turtlebot3_teleop:/home/alumno1/turtlebot3_ws/install/turtlebot3_example:/opt/ros/humble /usr/bin/cmake /home/alumno1/Documents/TP4-PRA-LopezVilaclara/ros2_ws/src/turtlebot3_custom_simulation -DAMENT_CMAKE_SYMLINK_INSTALL=1 -DCMAKE_INSTALL_PREFIX=/home/alumno1/Documents/TP4-PRA-LopezVilaclara/ros2_ws/install/turtlebot3_custom_simulation
[1.045s] DEBUG:colcon.colcon_core.event_handler.log_command:Invoking command in '/home/alumno1/Documents/TP4-PRA-LopezVilaclara/ros2_ws/build/turtlebot3_custom_simulation': CMAKE_PREFIX_PATH=${CMAKE_PREFIX_PATH}:/home/alumno1/turtlebot3_ws/install/turtlebot3_teleop:/home/alumno1/turtlebot3_ws/install/turtlebot3_example:/opt/ros/humble /usr/bin/cmake --build /home/alumno1/Documents/TP4-PRA-LopezVilaclara/ros2_ws/build/turtlebot3_custom_simulation -- -j28 -l28
[1.238s] DEBUG:colcon.colcon_core.event_handler.log_command:Invoked command in '/home/alumno1/Documents/TP4-PRA-LopezVilaclara/ros2_ws/build/custom_msgs' returned '0': CMAKE_PREFIX_PATH=${CMAKE_PREFIX_PATH}:/home/alumno1/turtlebot3_ws/install/turtlebot3_teleop:/home/alumno1/turtlebot3_ws/install/turtlebot3_example:/opt/ros/humble /usr/bin/cmake /home/alumno1/Documents/TP4-PRA-LopezVilaclara/ros2_ws/src/custom_msgs -DAMENT_CMAKE_SYMLINK_INSTALL=1 -DCMAKE_INSTALL_PREFIX=/home/alumno1/Documents/TP4-PRA-LopezVilaclara/ros2_ws/install/custom_msgs
[1.239s] DEBUG:colcon.colcon_core.event_handler.log_command:Invoking command in '/home/alumno1/Documents/TP4-PRA-LopezVilaclara/ros2_ws/build/custom_msgs': CMAKE_PREFIX_PATH=${CMAKE_PREFIX_PATH}:/home/alumno1/turtlebot3_ws/install/turtlebot3_teleop:/home/alumno1/turtlebot3_ws/install/turtlebot3_example:/opt/ros/humble /usr/bin/cmake --build /home/alumno1/Documents/TP4-PRA-LopezVilaclara/ros2_ws/build/custom_msgs -- -j28 -l28
[2.176s] DEBUG:colcon.colcon_core.event_handler.log_command:Invoked command in '/home/alumno1/Documents/TP4-PRA-LopezVilaclara/ros2_ws/build/custom_msgs' returned '0': CMAKE_PREFIX_PATH=${CMAKE_PREFIX_PATH}:/home/alumno1/turtlebot3_ws/install/turtlebot3_teleop:/home/alumno1/turtlebot3_ws/install/turtlebot3_example:/opt/ros/humble /usr/bin/cmake --build /home/alumno1/Documents/TP4-PRA-LopezVilaclara/ros2_ws/build/custom_msgs -- -j28 -l28
[2.182s] DEBUG:colcon.colcon_core.event_handler.log_command:Invoking command in '/home/alumno1/Documents/TP4-PRA-LopezVilaclara/ros2_ws/build/custom_msgs': CMAKE_PREFIX_PATH=${CMAKE_PREFIX_PATH}:/home/alumno1/turtlebot3_ws/install/turtlebot3_teleop:/home/alumno1/turtlebot3_ws/install/turtlebot3_example:/opt/ros/humble /usr/bin/cmake --install /home/alumno1/Documents/TP4-PRA-LopezVilaclara/ros2_ws/build/custom_msgs
[2.573s] Level 1:colcon.colcon_core.environment:create_environment_scripts_only(custom_msgs)
[2.573s] DEBUG:colcon.colcon_core.event_handler.log_command:Invoked command in '/home/alumno1/Documents/TP4-PRA-LopezVilaclara/ros2_ws/build/custom_msgs' returned '0': CMAKE_PREFIX_PATH=${CMAKE_PREFIX_PATH}:/home/alumno1/turtlebot3_ws/install/turtlebot3_teleop:/home/alumno1/turtlebot3_ws/install/turtlebot3_example:/opt/ros/humble /usr/bin/cmake --install /home/alumno1/Documents/TP4-PRA-LopezVilaclara/ros2_ws/build/custom_msgs
[2.576s] Level 1:colcon.colcon_core.environment:checking '/home/alumno1/Documents/TP4-PRA-LopezVilaclara/ros2_ws/install/custom_msgs' for CMake module files
[2.576s] Level 1:colcon.colcon_core.environment:checking '/home/alumno1/Documents/TP4-PRA-LopezVilaclara/ros2_ws/install/custom_msgs' for CMake config files
[2.576s] Level 1:colcon.colcon_core.shell:create_environment_hook('custom_msgs', 'cmake_prefix_path')
[2.576s] INFO:colcon.colcon_core.shell:Creating environment hook '/home/alumno1/Documents/TP4-PRA-LopezVilaclara/ros2_ws/install/custom_msgs/share/custom_msgs/hook/cmake_prefix_path.ps1'
[2.577s] INFO:colcon.colcon_core.shell:Creating environment descriptor '/home/alumno1/Documents/TP4-PRA-LopezVilaclara/ros2_ws/install/custom_msgs/share/custom_msgs/hook/cmake_prefix_path.dsv'
[2.577s] INFO:colcon.colcon_core.shell:Creating environment hook '/home/alumno1/Documents/TP4-PRA-LopezVilaclara/ros2_ws/install/custom_msgs/share/custom_msgs/hook/cmake_prefix_path.sh'
[2.577s] Level 1:colcon.colcon_core.environment:checking '/home/alumno1/Documents/TP4-PRA-LopezVilaclara/ros2_ws/install/custom_msgs/lib'
[2.577s] Level 1:colcon.colcon_core.shell:create_environment_hook('custom_msgs', 'ld_library_path_lib')
[2.577s] INFO:colcon.colcon_core.shell:Creating environment hook '/home/alumno1/Documents/TP4-PRA-LopezVilaclara/ros2_ws/install/custom_msgs/share/custom_msgs/hook/ld_library_path_lib.ps1'
[2.578s] INFO:colcon.colcon_core.shell:Creating environment descriptor '/home/alumno1/Documents/TP4-PRA-LopezVilaclara/ros2_ws/install/custom_msgs/share/custom_msgs/hook/ld_library_path_lib.dsv'
[2.578s] INFO:colcon.colcon_core.shell:Creating environment hook '/home/alumno1/Documents/TP4-PRA-LopezVilaclara/ros2_ws/install/custom_msgs/share/custom_msgs/hook/ld_library_path_lib.sh'
[2.578s] Level 1:colcon.colcon_core.environment:checking '/home/alumno1/Documents/TP4-PRA-LopezVilaclara/ros2_ws/install/custom_msgs/bin'
[2.578s] Level 1:colcon.colcon_core.environment:checking '/home/alumno1/Documents/TP4-PRA-LopezVilaclara/ros2_ws/install/custom_msgs/lib/pkgconfig/custom_msgs.pc'
[2.578s] Level 1:colcon.colcon_core.environment:checking '/home/alumno1/Documents/TP4-PRA-LopezVilaclara/ros2_ws/install/custom_msgs/lib/python3.10/site-packages'
[2.578s] Level 1:colcon.colcon_core.environment:checking '/home/alumno1/Documents/TP4-PRA-LopezVilaclara/ros2_ws/install/custom_msgs/bin'
[2.578s] INFO:colcon.colcon_core.shell:Creating package script '/home/alumno1/Documents/TP4-PRA-LopezVilaclara/ros2_ws/install/custom_msgs/share/custom_msgs/package.ps1'
[2.579s] INFO:colcon.colcon_core.shell:Creating package descriptor '/home/alumno1/Documents/TP4-PRA-LopezVilaclara/ros2_ws/install/custom_msgs/share/custom_msgs/package.dsv'
[2.579s] INFO:colcon.colcon_core.shell:Creating package script '/home/alumno1/Documents/TP4-PRA-LopezVilaclara/ros2_ws/install/custom_msgs/share/custom_msgs/package.sh'
[2.579s] INFO:colcon.colcon_core.shell:Creating package script '/home/alumno1/Documents/TP4-PRA-LopezVilaclara/ros2_ws/install/custom_msgs/share/custom_msgs/package.bash'
[2.580s] INFO:colcon.colcon_core.shell:Creating package script '/home/alumno1/Documents/TP4-PRA-LopezVilaclara/ros2_ws/install/custom_msgs/share/custom_msgs/package.zsh'
[2.580s] Level 1:colcon.colcon_core.environment:create_file_with_runtime_dependencies(/home/alumno1/Documents/TP4-PRA-LopezVilaclara/ros2_ws/install/custom_msgs/share/colcon-core/packages/custom_msgs)
[2.580s] Level 1:colcon.colcon_core.environment:create_environment_scripts_only(custom_msgs)
[2.580s] Level 1:colcon.colcon_core.environment:checking '/home/alumno1/Documents/TP4-PRA-LopezVilaclara/ros2_ws/install/custom_msgs' for CMake module files
[2.581s] Level 1:colcon.colcon_core.environment:checking '/home/alumno1/Documents/TP4-PRA-LopezVilaclara/ros2_ws/install/custom_msgs' for CMake config files
[2.581s] Level 1:colcon.colcon_core.shell:create_environment_hook('custom_msgs', 'cmake_prefix_path')
[2.581s] INFO:colcon.colcon_core.shell:Creating environment hook '/home/alumno1/Documents/TP4-PRA-LopezVilaclara/ros2_ws/install/custom_msgs/share/custom_msgs/hook/cmake_prefix_path.ps1'
[2.581s] INFO:colcon.colcon_core.shell:Creating environment descriptor '/home/alumno1/Documents/TP4-PRA-LopezVilaclara/ros2_ws/install/custom_msgs/share/custom_msgs/hook/cmake_prefix_path.dsv'
[2.581s] INFO:colcon.colcon_core.shell:Creating environment hook '/home/alumno1/Documents/TP4-PRA-LopezVilaclara/ros2_ws/install/custom_msgs/share/custom_msgs/hook/cmake_prefix_path.sh'
[2.581s] Level 1:colcon.colcon_core.environment:checking '/home/alumno1/Documents/TP4-PRA-LopezVilaclara/ros2_ws/install/custom_msgs/lib'
[2.581s] Level 1:colcon.colcon_core.shell:create_environment_hook('custom_msgs', 'ld_library_path_lib')
[2.581s] INFO:colcon.colcon_core.shell:Creating environment hook '/home/alumno1/Documents/TP4-PRA-LopezVilaclara/ros2_ws/install/custom_msgs/share/custom_msgs/hook/ld_library_path_lib.ps1'
[2.582s] INFO:colcon.colcon_core.shell:Creating environment descriptor '/home/alumno1/Documents/TP4-PRA-LopezVilaclara/ros2_ws/install/custom_msgs/share/custom_msgs/hook/ld_library_path_lib.dsv'
[2.582s] INFO:colcon.colcon_core.shell:Creating environment hook '/home/alumno1/Documents/TP4-PRA-LopezVilaclara/ros2_ws/install/custom_msgs/share/custom_msgs/hook/ld_library_path_lib.sh'
[2.582s] Level 1:colcon.colcon_core.environment:checking '/home/alumno1/Documents/TP4-PRA-LopezVilaclara/ros2_ws/install/custom_msgs/bin'
[2.582s] Level 1:colcon.colcon_core.environment:checking '/home/alumno1/Documents/TP4-PRA-LopezVilaclara/ros2_ws/install/custom_msgs/lib/pkgconfig/custom_msgs.pc'
[2.582s] Level 1:colcon.colcon_core.environment:checking '/home/alumno1/Documents/TP4-PRA-LopezVilaclara/ros2_ws/install/custom_msgs/lib/python3.10/site-packages'
[2.582s] Level 1:colcon.colcon_core.environment:checking '/home/alumno1/Documents/TP4-PRA-LopezVilaclara/ros2_ws/install/custom_msgs/bin'
[2.582s] INFO:colcon.colcon_core.shell:Creating package script '/home/alumno1/Documents/TP4-PRA-LopezVilaclara/ros2_ws/install/custom_msgs/share/custom_msgs/package.ps1'
[2.582s] INFO:colcon.colcon_core.shell:Creating package descriptor '/home/alumno1/Documents/TP4-PRA-LopezVilaclara/ros2_ws/install/custom_msgs/share/custom_msgs/package.dsv'
[2.582s] INFO:colcon.colcon_core.shell:Creating package script '/home/alumno1/Documents/TP4-PRA-LopezVilaclara/ros2_ws/install/custom_msgs/share/custom_msgs/package.sh'
[2.583s] INFO:colcon.colcon_core.shell:Creating package script '/home/alumno1/Documents/TP4-PRA-LopezVilaclara/ros2_ws/install/custom_msgs/share/custom_msgs/package.bash'
[2.583s] INFO:colcon.colcon_core.shell:Creating package script '/home/alumno1/Documents/TP4-PRA-LopezVilaclara/ros2_ws/install/custom_msgs/share/custom_msgs/package.zsh'
[2.583s] Level 1:colcon.colcon_core.environment:create_file_with_runtime_dependencies(/home/alumno1/Documents/TP4-PRA-LopezVilaclara/ros2_ws/install/custom_msgs/share/colcon-core/packages/custom_msgs)
[2.583s] INFO:colcon.colcon_ros.task.ament_python.build:Building ROS package in '/home/alumno1/Documents/TP4-PRA-LopezVilaclara/ros2_ws/src/custom_code' with build type 'ament_python'
[2.583s] Level 1:colcon.colcon_core.shell:create_environment_hook('custom_code', 'ament_prefix_path')
[2.583s] INFO:colcon.colcon_core.shell:Creating environment hook '/home/alumno1/Documents/TP4-PRA-LopezVilaclara/ros2_ws/install/custom_code/share/custom_code/hook/ament_prefix_path.ps1'
[2.583s] INFO:colcon.colcon_core.shell:Creating environment descriptor '/home/alumno1/Documents/TP4-PRA-LopezVilaclara/ros2_ws/install/custom_code/share/custom_code/hook/ament_prefix_path.dsv'
[2.584s] INFO:colcon.colcon_core.shell:Creating environment hook '/home/alumno1/Documents/TP4-PRA-LopezVilaclara/ros2_ws/install/custom_code/share/custom_code/hook/ament_prefix_path.sh'
[2.584s] INFO:colcon.colcon_core.shell:Skip shell extension 'powershell' for command environment: Not usable outside of PowerShell
[2.584s] DEBUG:colcon.colcon_core.shell:Skip shell extension 'dsv' for command environment
[2.704s] INFO:colcon.colcon_core.task.python.build:Building Python package in '/home/alumno1/Documents/TP4-PRA-LopezVilaclara/ros2_ws/src/custom_code'
[2.705s] INFO:colcon.colcon_core.shell:Skip shell extension 'powershell' for command environment: Not usable outside of PowerShell
[2.705s] DEBUG:colcon.colcon_core.shell:Skip shell extension 'dsv' for command environment
[2.910s] DEBUG:colcon.colcon_core.event_handler.log_command:Invoking command in '/home/alumno1/Documents/TP4-PRA-LopezVilaclara/ros2_ws/build/custom_code': AMENT_PREFIX_PATH=/home/alumno1/Documents/TP4-PRA-LopezVilaclara/ros2_ws/install/custom_msgs:${AMENT_PREFIX_PATH} CMAKE_PREFIX_PATH=/home/alumno1/Documents/TP4-PRA-LopezVilaclara/ros2_ws/install/custom_msgs:${CMAKE_PREFIX_PATH} LD_LIBRARY_PATH=/home/alumno1/Documents/TP4-PRA-LopezVilaclara/ros2_ws/install/custom_msgs/lib:/home/alumno1/turtlebot3_ws/install/turtlebot3_msgs/lib:/home/alumno1/turtlebot3_ws/install/dynamixel_sdk_custom_interfaces/lib:/home/alumno1/turtlebot3_ws/install/dynamixel_sdk/lib:/usr/lib/x86_64-linux-gnu/gazebo-11/plugins:/opt/ros/humble/opt/rviz_ogre_vendor/lib:/opt/ros/humble/lib/x86_64-linux-gnu:/opt/ros/humble/lib:/usr/lib/x86_64-linux-gnu/gazebo-11/plugins PYTHONPATH=/home/alumno1/Documents/TP4-PRA-LopezVilaclara/ros2_ws/build/custom_code/prefix_override:/usr/lib/python3/dist-packages/colcon_core/task/python/colcon_distutils_commands:/home/alumno1/Documents/TP4-PRA-LopezVilaclara/ros2_ws/install/custom_code/lib/python3.10/site-packages:/home/alumno1/Documents/TP4-PRA-LopezVilaclara/ros2_ws/install/custom_msgs/local/lib/python3.10/dist-packages:${PYTHONPATH} /usr/bin/python3 -W ignore:setup.py install is deprecated -W ignore:easy_install command is deprecated setup.py develop --editable --build-directory /home/alumno1/Documents/TP4-PRA-LopezVilaclara/ros2_ws/build/custom_code/build --no-deps symlink_data
[3.103s] Level 1:colcon.colcon_core.shell:create_environment_hook('custom_code', 'pythonpath_develop')
[3.103s] DEBUG:colcon.colcon_core.event_handler.log_command:Invoked command in '/home/alumno1/Documents/TP4-PRA-LopezVilaclara/ros2_ws/build/custom_code' returned '0': AMENT_PREFIX_PATH=/home/alumno1/Documents/TP4-PRA-LopezVilaclara/ros2_ws/install/custom_msgs:${AMENT_PREFIX_PATH} CMAKE_PREFIX_PATH=/home/alumno1/Documents/TP4-PRA-LopezVilaclara/ros2_ws/install/custom_msgs:${CMAKE_PREFIX_PATH} LD_LIBRARY_PATH=/home/alumno1/Documents/TP4-PRA-LopezVilaclara/ros2_ws/install/custom_msgs/lib:/home/alumno1/turtlebot3_ws/install/turtlebot3_msgs/lib:/home/alumno1/turtlebot3_ws/install/dynamixel_sdk_custom_interfaces/lib:/home/alumno1/turtlebot3_ws/install/dynamixel_sdk/lib:/usr/lib/x86_64-linux-gnu/gazebo-11/plugins:/opt/ros/humble/opt/rviz_ogre_vendor/lib:/opt/ros/humble/lib/x86_64-linux-gnu:/opt/ros/humble/lib:/usr/lib/x86_64-linux-gnu/gazebo-11/plugins PYTHONPATH=/home/alumno1/Documents/TP4-PRA-LopezVilaclara/ros2_ws/build/custom_code/prefix_override:/usr/lib/python3/dist-packages/colcon_core/task/python/colcon_distutils_commands:/home/alumno1/Documents/TP4-PRA-LopezVilaclara/ros2_ws/install/custom_code/lib/python3.10/site-packages:/home/alumno1/Documents/TP4-PRA-LopezVilaclara/ros2_ws/install/custom_msgs/local/lib/python3.10/dist-packages:${PYTHONPATH} /usr/bin/python3 -W ignore:setup.py install is deprecated -W ignore:easy_install command is deprecated setup.py develop --editable --build-directory /home/alumno1/Documents/TP4-PRA-LopezVilaclara/ros2_ws/build/custom_code/build --no-deps symlink_data
[3.103s] INFO:colcon.colcon_core.shell:Creating environment hook '/home/alumno1/Documents/TP4-PRA-LopezVilaclara/ros2_ws/build/custom_code/share/custom_code/hook/pythonpath_develop.ps1'
[3.104s] INFO:colcon.colcon_core.shell:Creating environment descriptor '/home/alumno1/Documents/TP4-PRA-LopezVilaclara/ros2_ws/build/custom_code/share/custom_code/hook/pythonpath_develop.dsv'
[3.104s] INFO:colcon.colcon_core.shell:Creating environment hook '/home/alumno1/Documents/TP4-PRA-LopezVilaclara/ros2_ws/build/custom_code/share/custom_code/hook/pythonpath_develop.sh'
[3.105s] Level 1:colcon.colcon_core.environment:checking '/home/alumno1/Documents/TP4-PRA-LopezVilaclara/ros2_ws/install/custom_code' for CMake module files
[3.105s] Level 1:colcon.colcon_core.environment:checking '/home/alumno1/Documents/TP4-PRA-LopezVilaclara/ros2_ws/install/custom_code' for CMake config files
[3.105s] Level 1:colcon.colcon_core.environment:checking '/home/alumno1/Documents/TP4-PRA-LopezVilaclara/ros2_ws/install/custom_code/lib'
[3.105s] Level 1:colcon.colcon_core.environment:checking '/home/alumno1/Documents/TP4-PRA-LopezVilaclara/ros2_ws/install/custom_code/bin'
[3.105s] Level 1:colcon.colcon_core.environment:checking '/home/alumno1/Documents/TP4-PRA-LopezVilaclara/ros2_ws/install/custom_code/lib/pkgconfig/custom_code.pc'
[3.106s] Level 1:colcon.colcon_core.environment:checking '/home/alumno1/Documents/TP4-PRA-LopezVilaclara/ros2_ws/install/custom_code/lib/python3.10/site-packages'
[3.106s] Level 1:colcon.colcon_core.shell:create_environment_hook('custom_code', 'pythonpath')
[3.106s] INFO:colcon.colcon_core.shell:Creating environment hook '/home/alumno1/Documents/TP4-PRA-LopezVilaclara/ros2_ws/install/custom_code/share/custom_code/hook/pythonpath.ps1'
[3.106s] INFO:colcon.colcon_core.shell:Creating environment descriptor '/home/alumno1/Documents/TP4-PRA-LopezVilaclara/ros2_ws/install/custom_code/share/custom_code/hook/pythonpath.dsv'
[3.106s] INFO:colcon.colcon_core.shell:Creating environment hook '/home/alumno1/Documents/TP4-PRA-LopezVilaclara/ros2_ws/install/custom_code/share/custom_code/hook/pythonpath.sh'
[3.107s] Level 1:colcon.colcon_core.environment:checking '/home/alumno1/Documents/TP4-PRA-LopezVilaclara/ros2_ws/install/custom_code/bin'
[3.107s] Level 1:colcon.colcon_core.environment:create_environment_scripts_only(custom_code)
[3.107s] INFO:colcon.colcon_core.shell:Creating package script '/home/alumno1/Documents/TP4-PRA-LopezVilaclara/ros2_ws/install/custom_code/share/custom_code/package.ps1'
[3.107s] INFO:colcon.colcon_core.shell:Creating package descriptor '/home/alumno1/Documents/TP4-PRA-LopezVilaclara/ros2_ws/install/custom_code/share/custom_code/package.dsv'
[3.108s] INFO:colcon.colcon_core.shell:Creating package script '/home/alumno1/Documents/TP4-PRA-LopezVilaclara/ros2_ws/install/custom_code/share/custom_code/package.sh'
[3.108s] INFO:colcon.colcon_core.shell:Creating package script '/home/alumno1/Documents/TP4-PRA-LopezVilaclara/ros2_ws/install/custom_code/share/custom_code/package.bash'
[3.108s] INFO:colcon.colcon_core.shell:Creating package script '/home/alumno1/Documents/TP4-PRA-LopezVilaclara/ros2_ws/install/custom_code/share/custom_code/package.zsh'
[3.108s] Level 1:colcon.colcon_core.environment:create_file_with_runtime_dependencies(/home/alumno1/Documents/TP4-PRA-LopezVilaclara/ros2_ws/install/custom_code/share/colcon-core/packages/custom_code)
[5.073s] DEBUG:colcon.colcon_core.event_handler.log_command:Invoked command in '/home/alumno1/Documents/TP4-PRA-LopezVilaclara/ros2_ws/build/turtlebot3_custom_simulation' returned '0': CMAKE_PREFIX_PATH=${CMAKE_PREFIX_PATH}:/home/alumno1/turtlebot3_ws/install/turtlebot3_teleop:/home/alumno1/turtlebot3_ws/install/turtlebot3_example:/opt/ros/humble /usr/bin/cmake --build /home/alumno1/Documents/TP4-PRA-LopezVilaclara/ros2_ws/build/turtlebot3_custom_simulation -- -j28 -l28
[5.074s] DEBUG:colcon.colcon_core.event_handler.log_command:Invoking command in '/home/alumno1/Documents/TP4-PRA-LopezVilaclara/ros2_ws/build/turtlebot3_custom_simulation': CMAKE_PREFIX_PATH=${CMAKE_PREFIX_PATH}:/home/alumno1/turtlebot3_ws/install/turtlebot3_teleop:/home/alumno1/turtlebot3_ws/install/turtlebot3_example:/opt/ros/humble /usr/bin/cmake --install /home/alumno1/Documents/TP4-PRA-LopezVilaclara/ros2_ws/build/turtlebot3_custom_simulation
[5.212s] Level 1:colcon.colcon_core.environment:create_environment_scripts_only(turtlebot3_custom_simulation)
[5.212s] DEBUG:colcon.colcon_core.event_handler.log_command:Invoked command in '/home/alumno1/Documents/TP4-PRA-LopezVilaclara/ros2_ws/build/turtlebot3_custom_simulation' returned '0': CMAKE_PREFIX_PATH=${CMAKE_PREFIX_PATH}:/home/alumno1/turtlebot3_ws/install/turtlebot3_teleop:/home/alumno1/turtlebot3_ws/install/turtlebot3_example:/opt/ros/humble /usr/bin/cmake --install /home/alumno1/Documents/TP4-PRA-LopezVilaclara/ros2_ws/build/turtlebot3_custom_simulation
[5.212s] Level 1:colcon.colcon_core.environment:checking '/home/alumno1/Documents/TP4-PRA-LopezVilaclara/ros2_ws/install/turtlebot3_custom_simulation' for CMake module files
[5.212s] Level 1:colcon.colcon_core.environment:checking '/home/alumno1/Documents/TP4-PRA-LopezVilaclara/ros2_ws/install/turtlebot3_custom_simulation' for CMake config files
[5.213s] Level 1:colcon.colcon_core.shell:create_environment_hook('turtlebot3_custom_simulation', 'cmake_prefix_path')
[5.213s] INFO:colcon.colcon_core.shell:Creating environment hook '/home/alumno1/Documents/TP4-PRA-LopezVilaclara/ros2_ws/install/turtlebot3_custom_simulation/share/turtlebot3_custom_simulation/hook/cmake_prefix_path.ps1'
[5.213s] INFO:colcon.colcon_core.shell:Creating environment descriptor '/home/alumno1/Documents/TP4-PRA-LopezVilaclara/ros2_ws/install/turtlebot3_custom_simulation/share/turtlebot3_custom_simulation/hook/cmake_prefix_path.dsv'
[5.213s] INFO:colcon.colcon_core.shell:Creating environment hook '/home/alumno1/Documents/TP4-PRA-LopezVilaclara/ros2_ws/install/turtlebot3_custom_simulation/share/turtlebot3_custom_simulation/hook/cmake_prefix_path.sh'
[5.214s] Level 1:colcon.colcon_core.environment:checking '/home/alumno1/Documents/TP4-PRA-LopezVilaclara/ros2_ws/install/turtlebot3_custom_simulation/lib'
[5.214s] Level 1:colcon.colcon_core.environment:checking '/home/alumno1/Documents/TP4-PRA-LopezVilaclara/ros2_ws/install/turtlebot3_custom_simulation/bin'
[5.214s] Level 1:colcon.colcon_core.environment:checking '/home/alumno1/Documents/TP4-PRA-LopezVilaclara/ros2_ws/install/turtlebot3_custom_simulation/lib/pkgconfig/turtlebot3_custom_simulation.pc'
[5.214s] Level 1:colcon.colcon_core.environment:checking '/home/alumno1/Documents/TP4-PRA-LopezVilaclara/ros2_ws/install/turtlebot3_custom_simulation/lib/python3.10/site-packages'
[5.214s] Level 1:colcon.colcon_core.environment:checking '/home/alumno1/Documents/TP4-PRA-LopezVilaclara/ros2_ws/install/turtlebot3_custom_simulation/bin'
[5.214s] INFO:colcon.colcon_core.shell:Creating package script '/home/alumno1/Documents/TP4-PRA-LopezVilaclara/ros2_ws/install/turtlebot3_custom_simulation/share/turtlebot3_custom_simulation/package.ps1'
[5.215s] INFO:colcon.colcon_core.shell:Creating package descriptor '/home/alumno1/Documents/TP4-PRA-LopezVilaclara/ros2_ws/install/turtlebot3_custom_simulation/share/turtlebot3_custom_simulation/package.dsv'
[5.215s] INFO:colcon.colcon_core.shell:Creating package script '/home/alumno1/Documents/TP4-PRA-LopezVilaclara/ros2_ws/install/turtlebot3_custom_simulation/share/turtlebot3_custom_simulation/package.sh'
[5.215s] INFO:colcon.colcon_core.shell:Creating package script '/home/alumno1/Documents/TP4-PRA-LopezVilaclara/ros2_ws/install/turtlebot3_custom_simulation/share/turtlebot3_custom_simulation/package.bash'
[5.215s] INFO:colcon.colcon_core.shell:Creating package script '/home/alumno1/Documents/TP4-PRA-LopezVilaclara/ros2_ws/install/turtlebot3_custom_simulation/share/turtlebot3_custom_simulation/package.zsh'
[5.216s] Level 1:colcon.colcon_core.environment:create_file_with_runtime_dependencies(/home/alumno1/Documents/TP4-PRA-LopezVilaclara/ros2_ws/install/turtlebot3_custom_simulation/share/colcon-core/packages/turtlebot3_custom_simulation)
[5.216s] Level 1:colcon.colcon_core.environment:create_environment_scripts_only(turtlebot3_custom_simulation)
[5.216s] Level 1:colcon.colcon_core.environment:checking '/home/alumno1/Documents/TP4-PRA-LopezVilaclara/ros2_ws/install/turtlebot3_custom_simulation' for CMake module files
[5.216s] Level 1:colcon.colcon_core.environment:checking '/home/alumno1/Documents/TP4-PRA-LopezVilaclara/ros2_ws/install/turtlebot3_custom_simulation' for CMake config files
[5.217s] Level 1:colcon.colcon_core.shell:create_environment_hook('turtlebot3_custom_simulation', 'cmake_prefix_path')
[5.217s] INFO:colcon.colcon_core.shell:Creating environment hook '/home/alumno1/Documents/TP4-PRA-LopezVilaclara/ros2_ws/install/turtlebot3_custom_simulation/share/turtlebot3_custom_simulation/hook/cmake_prefix_path.ps1'
[5.217s] INFO:colcon.colcon_core.shell:Creating environment descriptor '/home/alumno1/Documents/TP4-PRA-LopezVilaclara/ros2_ws/install/turtlebot3_custom_simulation/share/turtlebot3_custom_simulation/hook/cmake_prefix_path.dsv'
[5.217s] INFO:colcon.colcon_core.shell:Creating environment hook '/home/alumno1/Documents/TP4-PRA-LopezVilaclara/ros2_ws/install/turtlebot3_custom_simulation/share/turtlebot3_custom_simulation/hook/cmake_prefix_path.sh'
[5.218s] Level 1:colcon.colcon_core.environment:checking '/home/alumno1/Documents/TP4-PRA-LopezVilaclara/ros2_ws/install/turtlebot3_custom_simulation/lib'
[5.218s] Level 1:colcon.colcon_core.environment:checking '/home/alumno1/Documents/TP4-PRA-LopezVilaclara/ros2_ws/install/turtlebot3_custom_simulation/bin'
[5.218s] Level 1:colcon.colcon_core.environment:checking '/home/alumno1/Documents/TP4-PRA-LopezVilaclara/ros2_ws/install/turtlebot3_custom_simulation/lib/pkgconfig/turtlebot3_custom_simulation.pc'
[5.218s] Level 1:colcon.colcon_core.environment:checking '/home/alumno1/Documents/TP4-PRA-LopezVilaclara/ros2_ws/install/turtlebot3_custom_simulation/lib/python3.10/site-packages'
[5.218s] Level 1:colcon.colcon_core.environment:checking '/home/alumno1/Documents/TP4-PRA-LopezVilaclara/ros2_ws/install/turtlebot3_custom_simulation/bin'
[5.218s] INFO:colcon.colcon_core.shell:Creating package script '/home/alumno1/Documents/TP4-PRA-LopezVilaclara/ros2_ws/install/turtlebot3_custom_simulation/share/turtlebot3_custom_simulation/package.ps1'
[5.218s] INFO:colcon.colcon_core.shell:Creating package descriptor '/home/alumno1/Documents/TP4-PRA-LopezVilaclara/ros2_ws/install/turtlebot3_custom_simulation/share/turtlebot3_custom_simulation/package.dsv'
[5.219s] INFO:colcon.colcon_core.shell:Creating package script '/home/alumno1/Documents/TP4-PRA-LopezVilaclara/ros2_ws/install/turtlebot3_custom_simulation/share/turtlebot3_custom_simulation/package.sh'
[5.219s] INFO:colcon.colcon_core.shell:Creating package script '/home/alumno1/Documents/TP4-PRA-LopezVilaclara/ros2_ws/install/turtlebot3_custom_simulation/share/turtlebot3_custom_simulation/package.bash'
[5.219s] INFO:colcon.colcon_core.shell:Creating package script '/home/alumno1/Documents/TP4-PRA-LopezVilaclara/ros2_ws/install/turtlebot3_custom_simulation/share/turtlebot3_custom_simulation/package.zsh'
[5.220s] Level 1:colcon.colcon_core.environment:create_file_with_runtime_dependencies(/home/alumno1/Documents/TP4-PRA-LopezVilaclara/ros2_ws/install/turtlebot3_custom_simulation/share/colcon-core/packages/turtlebot3_custom_simulation)
[5.220s] DEBUG:colcon.colcon_parallel_executor.executor.parallel:closing loop
[5.220s] DEBUG:colcon.colcon_parallel_executor.executor.parallel:loop closed
[5.220s] DEBUG:colcon.colcon_parallel_executor.executor.parallel:run_until_complete finished with '0'
[5.220s] DEBUG:colcon.colcon_core.event_reactor:joining thread
[5.228s] INFO:colcon.colcon_core.plugin_system:Skipping extension 'colcon_notification.desktop_notification.terminal_notifier': Not used on non-Darwin systems
[5.228s] INFO:colcon.colcon_core.plugin_system:Skipping extension 'colcon_notification.desktop_notification.win32': Not used on non-Windows systems
[5.228s] INFO:colcon.colcon_notification.desktop_notification:Sending desktop notification using 'notify2'
[5.234s] DEBUG:colcon.colcon_core.event_reactor:joined thread
[5.234s] INFO:colcon.colcon_core.shell:Creating prefix script '/home/alumno1/Documents/TP4-PRA-LopezVilaclara/ros2_ws/install/local_setup.ps1'
[5.234s] INFO:colcon.colcon_core.shell:Creating prefix util module '/home/alumno1/Documents/TP4-PRA-LopezVilaclara/ros2_ws/install/_local_setup_util_ps1.py'
[5.235s] INFO:colcon.colcon_core.shell:Creating prefix chain script '/home/alumno1/Documents/TP4-PRA-LopezVilaclara/ros2_ws/install/setup.ps1'
[5.237s] INFO:colcon.colcon_core.shell:Creating prefix script '/home/alumno1/Documents/TP4-PRA-LopezVilaclara/ros2_ws/install/local_setup.sh'
[5.237s] INFO:colcon.colcon_core.shell:Creating prefix util module '/home/alumno1/Documents/TP4-PRA-LopezVilaclara/ros2_ws/install/_local_setup_util_sh.py'
[5.237s] INFO:colcon.colcon_core.shell:Creating prefix chain script '/home/alumno1/Documents/TP4-PRA-LopezVilaclara/ros2_ws/install/setup.sh'
[5.238s] INFO:colcon.colcon_core.shell:Creating prefix script '/home/alumno1/Documents/TP4-PRA-LopezVilaclara/ros2_ws/install/local_setup.bash'
[5.239s] INFO:colcon.colcon_core.shell:Creating prefix chain script '/home/alumno1/Documents/TP4-PRA-LopezVilaclara/ros2_ws/install/setup.bash'
[5.240s] INFO:colcon.colcon_core.shell:Creating prefix script '/home/alumno1/Documents/TP4-PRA-LopezVilaclara/ros2_ws/install/local_setup.zsh'
[5.240s] INFO:colcon.colcon_core.shell:Creating prefix chain script '/home/alumno1/Documents/TP4-PRA-LopezVilaclara/ros2_ws/install/setup.zsh'
