[0.005s] Invoking command in '/home/alumno1/Documents/TP4-PRA-LopezVilaclara/build/turtlebot3_custom_simulation': CMAKE_PREFIX_PATH=${CMAKE_PREFIX_PATH}:/home/alumno1/turtlebot3_ws/install/turtlebot3_teleop:/home/alumno1/turtlebot3_ws/install/turtlebot3_example:/opt/ros/humble /usr/bin/cmake /home/alumno1/Documents/TP4-PRA-LopezVilaclara/ros2_ws/src/turtlebot3_custom_simulation -DAMENT_CMAKE_SYMLINK_INSTALL=1 -DCMAKE_INSTALL_PREFIX=/home/alumno1/Documents/TP4-PRA-LopezVilaclara/install/turtlebot3_custom_simulation
[0.036s] -- The C compiler identification is GNU 11.4.0
[0.068s] -- The CXX compiler identification is GNU 11.4.0
[0.072s] -- Detecting C compiler ABI info
[0.110s] -- Detecting C compiler ABI info - done
[0.113s] -- Check for working C compiler: /usr/bin/cc - skipped
[0.113s] -- Detecting C compile features
[0.113s] -- Detecting C compile features - done
[0.115s] -- Detecting CXX compiler ABI info
[0.159s] -- Detecting CXX compiler ABI info - done
[0.164s] -- Check for working CXX compiler: /usr/bin/c++ - skipped
[0.164s] -- Detecting CXX compile features
[0.165s] -- Detecting CXX compile features - done
[0.166s] -- Found ament_cmake: 1.3.11 (/opt/ros/humble/share/ament_cmake/cmake)
[0.254s] -- Found Python3: /usr/bin/python3 (found version "3.10.12") found components: Interpreter 
[0.283s] -- Override CMake install command with custom implementation using symlinks instead of copying resources
[0.302s] -- Found geometry_msgs: 4.2.4 (/opt/ros/humble/share/geometry_msgs/cmake)
[0.326s] -- Found rosidl_generator_c: 3.1.6 (/opt/ros/humble/share/rosidl_generator_c/cmake)
[0.329s] -- Found rosidl_adapter: 3.1.6 (/opt/ros/humble/share/rosidl_adapter/cmake)
[0.333s] -- Found rosidl_generator_cpp: 3.1.6 (/opt/ros/humble/share/rosidl_generator_cpp/cmake)
[0.339s] -- Using all available rosidl_typesupport_c: rosidl_typesupport_fastrtps_c;rosidl_typesupport_introspection_c
[0.347s] -- Using all available rosidl_typesupport_cpp: rosidl_typesupport_fastrtps_cpp;rosidl_typesupport_introspection_cpp
[0.365s] -- Found nav_msgs: 4.2.4 (/opt/ros/humble/share/nav_msgs/cmake)
[0.373s] -- Found rclcpp: 16.0.11 (/opt/ros/humble/share/rclcpp/cmake)
[0.393s] -- Found rmw_implementation_cmake: 6.1.2 (/opt/ros/humble/share/rmw_implementation_cmake/cmake)
[0.395s] -- Found rmw_fastrtps_cpp: 6.2.7 (/opt/ros/humble/share/rmw_fastrtps_cpp/cmake)
[0.445s] -- Found OpenSSL: /usr/lib/x86_64-linux-gnu/libcrypto.so (found version "3.0.2")  
[0.459s] -- Found FastRTPS: /opt/ros/humble/include  
[0.480s] -- Using RMW implementation 'rmw_fastrtps_cpp' as default
[0.485s] -- Looking for pthread.h
[0.525s] -- Looking for pthread.h - found
[0.525s] -- Performing Test CMAKE_HAVE_LIBC_PTHREAD
[0.567s] -- Performing Test CMAKE_HAVE_LIBC_PTHREAD - Success
[0.567s] -- Found Threads: TRUE  
[0.587s] -- Found sensor_msgs: 4.2.4 (/opt/ros/humble/share/sensor_msgs/cmake)
[0.595s] -- Found tf2: 0.25.12 (/opt/ros/humble/share/tf2/cmake)
[0.600s] -- Found tf2_msgs: 0.25.12 (/opt/ros/humble/share/tf2_msgs/cmake)
[0.619s] -- Found turtlebot3_msgs: 2.3.0 (/home/alumno1/turtlebot3_ws/install/turtlebot3_msgs/share/turtlebot3_msgs/cmake)
[0.662s] -- Configuring done
[0.667s] -- Generating done
[0.669s] -- Build files have been written to: /home/alumno1/Documents/TP4-PRA-LopezVilaclara/build/turtlebot3_custom_simulation
[0.674s] Invoked command in '/home/alumno1/Documents/TP4-PRA-LopezVilaclara/build/turtlebot3_custom_simulation' returned '0': CMAKE_PREFIX_PATH=${CMAKE_PREFIX_PATH}:/home/alumno1/turtlebot3_ws/install/turtlebot3_teleop:/home/alumno1/turtlebot3_ws/install/turtlebot3_example:/opt/ros/humble /usr/bin/cmake /home/alumno1/Documents/TP4-PRA-LopezVilaclara/ros2_ws/src/turtlebot3_custom_simulation -DAMENT_CMAKE_SYMLINK_INSTALL=1 -DCMAKE_INSTALL_PREFIX=/home/alumno1/Documents/TP4-PRA-LopezVilaclara/install/turtlebot3_custom_simulation
[0.675s] Invoking command in '/home/alumno1/Documents/TP4-PRA-LopezVilaclara/build/turtlebot3_custom_simulation': CMAKE_PREFIX_PATH=${CMAKE_PREFIX_PATH}:/home/alumno1/turtlebot3_ws/install/turtlebot3_teleop:/home/alumno1/turtlebot3_ws/install/turtlebot3_example:/opt/ros/humble /usr/bin/cmake --build /home/alumno1/Documents/TP4-PRA-LopezVilaclara/build/turtlebot3_custom_simulation -- -j28 -l28
[0.706s] [ 50%] [32mBuilding CXX object CMakeFiles/turtlebot3_custom_simulation.dir/src/turtlebot3_custom_simulation.cpp.o[0m
[4.394s] [100%] [32m[1mLinking CXX executable turtlebot3_custom_simulation[0m
[4.597s] [100%] Built target turtlebot3_custom_simulation
[4.605s] Invoked command in '/home/alumno1/Documents/TP4-PRA-LopezVilaclara/build/turtlebot3_custom_simulation' returned '0': CMAKE_PREFIX_PATH=${CMAKE_PREFIX_PATH}:/home/alumno1/turtlebot3_ws/install/turtlebot3_teleop:/home/alumno1/turtlebot3_ws/install/turtlebot3_example:/opt/ros/humble /usr/bin/cmake --build /home/alumno1/Documents/TP4-PRA-LopezVilaclara/build/turtlebot3_custom_simulation -- -j28 -l28
[4.606s] Invoking command in '/home/alumno1/Documents/TP4-PRA-LopezVilaclara/build/turtlebot3_custom_simulation': CMAKE_PREFIX_PATH=${CMAKE_PREFIX_PATH}:/home/alumno1/turtlebot3_ws/install/turtlebot3_teleop:/home/alumno1/turtlebot3_ws/install/turtlebot3_example:/opt/ros/humble /usr/bin/cmake --install /home/alumno1/Documents/TP4-PRA-LopezVilaclara/build/turtlebot3_custom_simulation
[4.611s] -- Install configuration: ""
[4.611s] -- Execute custom install script
[4.611s] -- Symlinking: /home/alumno1/Documents/TP4-PRA-LopezVilaclara/install/turtlebot3_custom_simulation/lib/turtlebot3_custom_simulation/turtlebot3_custom_simulation
[4.617s] -- Symlinking: /home/alumno1/Documents/TP4-PRA-LopezVilaclara/install/turtlebot3_custom_simulation/share/turtlebot3_custom_simulation/launch/custom_room.launch.py
[4.621s] -- Symlinking: /home/alumno1/Documents/TP4-PRA-LopezVilaclara/install/turtlebot3_custom_simulation/share/turtlebot3_custom_simulation/launch/custom_simulation.launch.py
[4.627s] -- Symlinking: /home/alumno1/Documents/TP4-PRA-LopezVilaclara/install/turtlebot3_custom_simulation/share/turtlebot3_custom_simulation/param/burger.yaml
[4.632s] -- Symlinking: /home/alumno1/Documents/TP4-PRA-LopezVilaclara/install/turtlebot3_custom_simulation/share/turtlebot3_custom_simulation/worlds/Walls/model.config
[4.637s] -- Symlinking: /home/alumno1/Documents/TP4-PRA-LopezVilaclara/install/turtlebot3_custom_simulation/share/turtlebot3_custom_simulation/worlds/Walls/model.sdf
[4.641s] -- Symlinking: /home/alumno1/Documents/TP4-PRA-LopezVilaclara/install/turtlebot3_custom_simulation/share/turtlebot3_custom_simulation/worlds/map/map.pgm
[4.646s] -- Symlinking: /home/alumno1/Documents/TP4-PRA-LopezVilaclara/install/turtlebot3_custom_simulation/share/turtlebot3_custom_simulation/worlds/map/map.yaml
[4.650s] -- Symlinking: /home/alumno1/Documents/TP4-PRA-LopezVilaclara/install/turtlebot3_custom_simulation/share/turtlebot3_custom_simulation/worlds/room.world
[4.656s] -- Symlinking: /home/alumno1/Documents/TP4-PRA-LopezVilaclara/install/turtlebot3_custom_simulation/share/turtlebot3_custom_simulation/worlds/slippery.world
[4.660s] -- Symlinking: /home/alumno1/Documents/TP4-PRA-LopezVilaclara/install/turtlebot3_custom_simulation/include//turtlebot3_custom_simulation/turtlebot3_custom_simulation.hpp
[4.665s] -- Symlinking: /home/alumno1/Documents/TP4-PRA-LopezVilaclara/install/turtlebot3_custom_simulation/share/ament_index/resource_index/package_run_dependencies/turtlebot3_custom_simulation
[4.669s] -- Symlinking: /home/alumno1/Documents/TP4-PRA-LopezVilaclara/install/turtlebot3_custom_simulation/share/ament_index/resource_index/parent_prefix_path/turtlebot3_custom_simulation
[4.673s] -- Symlinking: /home/alumno1/Documents/TP4-PRA-LopezVilaclara/install/turtlebot3_custom_simulation/share/turtlebot3_custom_simulation/environment/ament_prefix_path.sh
[4.678s] -- Symlinking: /home/alumno1/Documents/TP4-PRA-LopezVilaclara/install/turtlebot3_custom_simulation/share/turtlebot3_custom_simulation/environment/ament_prefix_path.dsv
[4.683s] -- Symlinking: /home/alumno1/Documents/TP4-PRA-LopezVilaclara/install/turtlebot3_custom_simulation/share/turtlebot3_custom_simulation/environment/path.sh
[4.689s] -- Symlinking: /home/alumno1/Documents/TP4-PRA-LopezVilaclara/install/turtlebot3_custom_simulation/share/turtlebot3_custom_simulation/environment/path.dsv
[4.694s] -- Symlinking: /home/alumno1/Documents/TP4-PRA-LopezVilaclara/install/turtlebot3_custom_simulation/share/turtlebot3_custom_simulation/local_setup.bash
[4.697s] -- Symlinking: /home/alumno1/Documents/TP4-PRA-LopezVilaclara/install/turtlebot3_custom_simulation/share/turtlebot3_custom_simulation/local_setup.sh
[4.702s] -- Symlinking: /home/alumno1/Documents/TP4-PRA-LopezVilaclara/install/turtlebot3_custom_simulation/share/turtlebot3_custom_simulation/local_setup.zsh
[4.706s] -- Symlinking: /home/alumno1/Documents/TP4-PRA-LopezVilaclara/install/turtlebot3_custom_simulation/share/turtlebot3_custom_simulation/local_setup.dsv
[4.710s] -- Symlinking: /home/alumno1/Documents/TP4-PRA-LopezVilaclara/install/turtlebot3_custom_simulation/share/turtlebot3_custom_simulation/package.dsv
[4.715s] -- Symlinking: /home/alumno1/Documents/TP4-PRA-LopezVilaclara/install/turtlebot3_custom_simulation/share/ament_index/resource_index/packages/turtlebot3_custom_simulation
[4.720s] -- Symlinking: /home/alumno1/Documents/TP4-PRA-LopezVilaclara/install/turtlebot3_custom_simulation/share/turtlebot3_custom_simulation/cmake/ament_cmake_export_include_directories-extras.cmake
[4.724s] -- Symlinking: /home/alumno1/Documents/TP4-PRA-LopezVilaclara/install/turtlebot3_custom_simulation/share/turtlebot3_custom_simulation/cmake/ament_cmake_export_dependencies-extras.cmake
[4.729s] -- Symlinking: /home/alumno1/Documents/TP4-PRA-LopezVilaclara/install/turtlebot3_custom_simulation/share/turtlebot3_custom_simulation/cmake/turtlebot3_custom_simulationConfig.cmake
[4.734s] -- Symlinking: /home/alumno1/Documents/TP4-PRA-LopezVilaclara/install/turtlebot3_custom_simulation/share/turtlebot3_custom_simulation/cmake/turtlebot3_custom_simulationConfig-version.cmake
[4.738s] -- Symlinking: /home/alumno1/Documents/TP4-PRA-LopezVilaclara/install/turtlebot3_custom_simulation/share/turtlebot3_custom_simulation/package.xml
[4.744s] Invoked command in '/home/alumno1/Documents/TP4-PRA-LopezVilaclara/build/turtlebot3_custom_simulation' returned '0': CMAKE_PREFIX_PATH=${CMAKE_PREFIX_PATH}:/home/alumno1/turtlebot3_ws/install/turtlebot3_teleop:/home/alumno1/turtlebot3_ws/install/turtlebot3_example:/opt/ros/humble /usr/bin/cmake --install /home/alumno1/Documents/TP4-PRA-LopezVilaclara/build/turtlebot3_custom_simulation
