[0.049s] DEBUG:colcon:Command line arguments: ['/usr/bin/colcon', 'build', '--symlink-install']
[0.049s] DEBUG:colcon:Parsed command line arguments: Namespace(log_base=None, log_level=None, verb_name='build', build_base='build', install_base='install', merge_install=False, symlink_install=True, test_result_base=None, continue_on_error=False, executor='parallel', parallel_workers=28, event_handlers=None, ignore_user_meta=False, metas=['./colcon.meta'], base_paths=['.'], packages_ignore=None, packages_ignore_regex=None, paths=None, packages_up_to=None, packages_up_to_regex=None, packages_above=None, packages_above_and_dependencies=None, packages_above_depth=None, packages_select_by_dep=None, packages_skip_by_dep=None, packages_skip_up_to=None, packages_select_build_failed=False, packages_skip_build_finished=False, packages_select_test_failures=False, packages_skip_test_passed=False, packages_select=None, packages_skip=None, packages_select_regex=None, packages_skip_regex=None, packages_start=None, packages_end=None, allow_overriding=[], cmake_args=None, cmake_target=None, cmake_target_skip_unavailable=False, cmake_clean_cache=False, cmake_clean_first=False, cmake_force_configure=False, ament_cmake_args=None, catkin_cmake_args=None, catkin_skip_building_tests=False, mixin_files=None, mixin=None, verb_parser=<colcon_mixin.mixin.mixin_argument.MixinArgumentDecorator object at 0x745096cc3100>, verb_extension=<colcon_core.verb.build.BuildVerb object at 0x745096e98610>, main=<bound method BuildVerb.main of <colcon_core.verb.build.BuildVerb object at 0x745096e98610>>, mixin_verb=('build',))
[0.118s] Level 1:colcon.colcon_core.package_discovery:discover_packages(colcon_meta) check parameters
[0.118s] Level 1:colcon.colcon_core.package_discovery:discover_packages(recursive) check parameters
[0.118s] Level 1:colcon.colcon_core.package_discovery:discover_packages(ignore) check parameters
[0.118s] Level 1:colcon.colcon_core.package_discovery:discover_packages(path) check parameters
[0.118s] Level 1:colcon.colcon_core.package_discovery:discover_packages(colcon_meta) discover
[0.118s] Level 1:colcon.colcon_core.package_discovery:discover_packages(recursive) discover
[0.118s] INFO:colcon.colcon_core.package_discovery:Crawling recursively for packages in '/home/alumno1/Documents/TP4-PRA-LopezVilaclara'
[0.118s] Level 1:colcon.colcon_core.package_identification:_identify(.) by extensions ['ignore', 'ignore_ament_install']
[0.118s] Level 1:colcon.colcon_core.package_identification:_identify(.) by extension 'ignore'
[0.118s] Level 1:colcon.colcon_core.package_identification:_identify(.) by extension 'ignore_ament_install'
[0.118s] Level 1:colcon.colcon_core.package_identification:_identify(.) by extensions ['colcon_pkg']
[0.118s] Level 1:colcon.colcon_core.package_identification:_identify(.) by extension 'colcon_pkg'
[0.118s] Level 1:colcon.colcon_core.package_identification:_identify(.) by extensions ['colcon_meta']
[0.118s] Level 1:colcon.colcon_core.package_identification:_identify(.) by extension 'colcon_meta'
[0.118s] Level 1:colcon.colcon_core.package_identification:_identify(.) by extensions ['ros']
[0.118s] Level 1:colcon.colcon_core.package_identification:_identify(.) by extension 'ros'
[0.123s] Level 1:colcon.colcon_core.package_identification:_identify(.) by extensions ['cmake', 'python']
[0.123s] Level 1:colcon.colcon_core.package_identification:_identify(.) by extension 'cmake'
[0.123s] Level 1:colcon.colcon_core.package_identification:_identify(.) by extension 'python'
[0.123s] Level 1:colcon.colcon_core.package_identification:_identify(.) by extensions ['python_setup_py']
[0.123s] Level 1:colcon.colcon_core.package_identification:_identify(.) by extension 'python_setup_py'
[0.123s] Level 1:colcon.colcon_core.package_identification:_identify(build) by extensions ['ignore', 'ignore_ament_install']
[0.123s] Level 1:colcon.colcon_core.package_identification:_identify(build) by extension 'ignore'
[0.123s] Level 1:colcon.colcon_core.package_identification:_identify(build) ignored
[0.123s] Level 1:colcon.colcon_core.package_identification:_identify(install) by extensions ['ignore', 'ignore_ament_install']
[0.123s] Level 1:colcon.colcon_core.package_identification:_identify(install) by extension 'ignore'
[0.123s] Level 1:colcon.colcon_core.package_identification:_identify(install) ignored
[0.123s] Level 1:colcon.colcon_core.package_identification:_identify(log) by extensions ['ignore', 'ignore_ament_install']
[0.123s] Level 1:colcon.colcon_core.package_identification:_identify(log) by extension 'ignore'
[0.123s] Level 1:colcon.colcon_core.package_identification:_identify(log) ignored
[0.123s] Level 1:colcon.colcon_core.package_identification:_identify(ros2_ws) by extensions ['ignore', 'ignore_ament_install']
[0.123s] Level 1:colcon.colcon_core.package_identification:_identify(ros2_ws) by extension 'ignore'
[0.123s] Level 1:colcon.colcon_core.package_identification:_identify(ros2_ws) by extension 'ignore_ament_install'
[0.123s] Level 1:colcon.colcon_core.package_identification:_identify(ros2_ws) by extensions ['colcon_pkg']
[0.123s] Level 1:colcon.colcon_core.package_identification:_identify(ros2_ws) by extension 'colcon_pkg'
[0.123s] Level 1:colcon.colcon_core.package_identification:_identify(ros2_ws) by extensions ['colcon_meta']
[0.123s] Level 1:colcon.colcon_core.package_identification:_identify(ros2_ws) by extension 'colcon_meta'
[0.123s] Level 1:colcon.colcon_core.package_identification:_identify(ros2_ws) by extensions ['ros']
[0.123s] Level 1:colcon.colcon_core.package_identification:_identify(ros2_ws) by extension 'ros'
[0.123s] Level 1:colcon.colcon_core.package_identification:_identify(ros2_ws) by extensions ['cmake', 'python']
[0.123s] Level 1:colcon.colcon_core.package_identification:_identify(ros2_ws) by extension 'cmake'
[0.123s] Level 1:colcon.colcon_core.package_identification:_identify(ros2_ws) by extension 'python'
[0.123s] Level 1:colcon.colcon_core.package_identification:_identify(ros2_ws) by extensions ['python_setup_py']
[0.123s] Level 1:colcon.colcon_core.package_identification:_identify(ros2_ws) by extension 'python_setup_py'
[0.123s] Level 1:colcon.colcon_core.package_identification:_identify(ros2_ws/build) by extensions ['ignore', 'ignore_ament_install']
[0.123s] Level 1:colcon.colcon_core.package_identification:_identify(ros2_ws/build) by extension 'ignore'
[0.123s] Level 1:colcon.colcon_core.package_identification:_identify(ros2_ws/build) ignored
[0.123s] Level 1:colcon.colcon_core.package_identification:_identify(ros2_ws/install) by extensions ['ignore', 'ignore_ament_install']
[0.123s] Level 1:colcon.colcon_core.package_identification:_identify(ros2_ws/install) by extension 'ignore'
[0.123s] Level 1:colcon.colcon_core.package_identification:_identify(ros2_ws/install) ignored
[0.123s] Level 1:colcon.colcon_core.package_identification:_identify(ros2_ws/log) by extensions ['ignore', 'ignore_ament_install']
[0.123s] Level 1:colcon.colcon_core.package_identification:_identify(ros2_ws/log) by extension 'ignore'
[0.123s] Level 1:colcon.colcon_core.package_identification:_identify(ros2_ws/log) ignored
[0.123s] Level 1:colcon.colcon_core.package_identification:_identify(ros2_ws/src) by extensions ['ignore', 'ignore_ament_install']
[0.123s] Level 1:colcon.colcon_core.package_identification:_identify(ros2_ws/src) by extension 'ignore'
[0.123s] Level 1:colcon.colcon_core.package_identification:_identify(ros2_ws/src) by extension 'ignore_ament_install'
[0.123s] Level 1:colcon.colcon_core.package_identification:_identify(ros2_ws/src) by extensions ['colcon_pkg']
[0.123s] Level 1:colcon.colcon_core.package_identification:_identify(ros2_ws/src) by extension 'colcon_pkg'
[0.123s] Level 1:colcon.colcon_core.package_identification:_identify(ros2_ws/src) by extensions ['colcon_meta']
[0.123s] Level 1:colcon.colcon_core.package_identification:_identify(ros2_ws/src) by extension 'colcon_meta'
[0.123s] Level 1:colcon.colcon_core.package_identification:_identify(ros2_ws/src) by extensions ['ros']
[0.123s] Level 1:colcon.colcon_core.package_identification:_identify(ros2_ws/src) by extension 'ros'
[0.123s] Level 1:colcon.colcon_core.package_identification:_identify(ros2_ws/src) by extensions ['cmake', 'python']
[0.124s] Level 1:colcon.colcon_core.package_identification:_identify(ros2_ws/src) by extension 'cmake'
[0.124s] Level 1:colcon.colcon_core.package_identification:_identify(ros2_ws/src) by extension 'python'
[0.124s] Level 1:colcon.colcon_core.package_identification:_identify(ros2_ws/src) by extensions ['python_setup_py']
[0.124s] Level 1:colcon.colcon_core.package_identification:_identify(ros2_ws/src) by extension 'python_setup_py'
[0.124s] Level 1:colcon.colcon_core.package_identification:_identify(ros2_ws/src/custom_code) by extensions ['ignore', 'ignore_ament_install']
[0.124s] Level 1:colcon.colcon_core.package_identification:_identify(ros2_ws/src/custom_code) by extension 'ignore'
[0.124s] Level 1:colcon.colcon_core.package_identification:_identify(ros2_ws/src/custom_code) by extension 'ignore_ament_install'
[0.124s] Level 1:colcon.colcon_core.package_identification:_identify(ros2_ws/src/custom_code) by extensions ['colcon_pkg']
[0.124s] Level 1:colcon.colcon_core.package_identification:_identify(ros2_ws/src/custom_code) by extension 'colcon_pkg'
[0.124s] Level 1:colcon.colcon_core.package_identification:_identify(ros2_ws/src/custom_code) by extensions ['colcon_meta']
[0.124s] Level 1:colcon.colcon_core.package_identification:_identify(ros2_ws/src/custom_code) by extension 'colcon_meta'
[0.124s] Level 1:colcon.colcon_core.package_identification:_identify(ros2_ws/src/custom_code) by extensions ['ros']
[0.124s] Level 1:colcon.colcon_core.package_identification:_identify(ros2_ws/src/custom_code) by extension 'ros'
[0.125s] DEBUG:colcon.colcon_core.package_identification:Package 'ros2_ws/src/custom_code' with type 'ros.ament_python' and name 'custom_code'
[0.125s] Level 1:colcon.colcon_core.package_identification:_identify(ros2_ws/src/custom_msgs) by extensions ['ignore', 'ignore_ament_install']
[0.125s] Level 1:colcon.colcon_core.package_identification:_identify(ros2_ws/src/custom_msgs) by extension 'ignore'
[0.125s] Level 1:colcon.colcon_core.package_identification:_identify(ros2_ws/src/custom_msgs) by extension 'ignore_ament_install'
[0.125s] Level 1:colcon.colcon_core.package_identification:_identify(ros2_ws/src/custom_msgs) by extensions ['colcon_pkg']
[0.125s] Level 1:colcon.colcon_core.package_identification:_identify(ros2_ws/src/custom_msgs) by extension 'colcon_pkg'
[0.125s] Level 1:colcon.colcon_core.package_identification:_identify(ros2_ws/src/custom_msgs) by extensions ['colcon_meta']
[0.125s] Level 1:colcon.colcon_core.package_identification:_identify(ros2_ws/src/custom_msgs) by extension 'colcon_meta'
[0.125s] Level 1:colcon.colcon_core.package_identification:_identify(ros2_ws/src/custom_msgs) by extensions ['ros']
[0.125s] Level 1:colcon.colcon_core.package_identification:_identify(ros2_ws/src/custom_msgs) by extension 'ros'
[0.126s] DEBUG:colcon.colcon_core.package_identification:Package 'ros2_ws/src/custom_msgs' with type 'ros.ament_cmake' and name 'custom_msgs'
[0.126s] Level 1:colcon.colcon_core.package_identification:_identify(ros2_ws/src/turtlebot3_custom_simulation) by extensions ['ignore', 'ignore_ament_install']
[0.126s] Level 1:colcon.colcon_core.package_identification:_identify(ros2_ws/src/turtlebot3_custom_simulation) by extension 'ignore'
[0.126s] Level 1:colcon.colcon_core.package_identification:_identify(ros2_ws/src/turtlebot3_custom_simulation) by extension 'ignore_ament_install'
[0.126s] Level 1:colcon.colcon_core.package_identification:_identify(ros2_ws/src/turtlebot3_custom_simulation) by extensions ['colcon_pkg']
[0.126s] Level 1:colcon.colcon_core.package_identification:_identify(ros2_ws/src/turtlebot3_custom_simulation) by extension 'colcon_pkg'
[0.126s] Level 1:colcon.colcon_core.package_identification:_identify(ros2_ws/src/turtlebot3_custom_simulation) by extensions ['colcon_meta']
[0.126s] Level 1:colcon.colcon_core.package_identification:_identify(ros2_ws/src/turtlebot3_custom_simulation) by extension 'colcon_meta'
[0.126s] Level 1:colcon.colcon_core.package_identification:_identify(ros2_ws/src/turtlebot3_custom_simulation) by extensions ['ros']
[0.126s] Level 1:colcon.colcon_core.package_identification:_identify(ros2_ws/src/turtlebot3_custom_simulation) by extension 'ros'
[0.126s] DEBUG:colcon.colcon_core.package_identification:Package 'ros2_ws/src/turtlebot3_custom_simulation' with type 'ros.ament_cmake' and name 'turtlebot3_custom_simulation'
[0.126s] Level 1:colcon.colcon_core.package_discovery:discover_packages(recursive) using defaults
[0.126s] Level 1:colcon.colcon_core.package_discovery:discover_packages(ignore) discover
[0.126s] Level 1:colcon.colcon_core.package_discovery:discover_packages(ignore) using defaults
[0.126s] Level 1:colcon.colcon_core.package_discovery:discover_packages(path) discover
[0.126s] Level 1:colcon.colcon_core.package_discovery:discover_packages(path) using defaults
[0.138s] Level 1:colcon.colcon_core.package_discovery:discover_packages(prefix_path) check parameters
[0.138s] Level 1:colcon.colcon_core.package_discovery:discover_packages(prefix_path) discover
[0.139s] DEBUG:colcon.colcon_installed_package_information.package_discovery:Found 16 installed packages in /home/alumno1/turtlebot3_ws/install
[0.140s] DEBUG:colcon.colcon_installed_package_information.package_discovery:Found 363 installed packages in /opt/ros/humble
[0.140s] Level 1:colcon.colcon_core.package_discovery:discover_packages(prefix_path) using defaults
[0.158s] Level 5:colcon.colcon_core.verb:set package 'custom_msgs' build argument 'cmake_args' from command line to 'None'
[0.158s] Level 5:colcon.colcon_core.verb:set package 'custom_msgs' build argument 'cmake_target' from command line to 'None'
[0.158s] Level 5:colcon.colcon_core.verb:set package 'custom_msgs' build argument 'cmake_target_skip_unavailable' from command line to 'False'
[0.158s] Level 5:colcon.colcon_core.verb:set package 'custom_msgs' build argument 'cmake_clean_cache' from command line to 'False'
[0.158s] Level 5:colcon.colcon_core.verb:set package 'custom_msgs' build argument 'cmake_clean_first' from command line to 'False'
[0.158s] Level 5:colcon.colcon_core.verb:set package 'custom_msgs' build argument 'cmake_force_configure' from command line to 'False'
[0.158s] Level 5:colcon.colcon_core.verb:set package 'custom_msgs' build argument 'ament_cmake_args' from command line to 'None'
[0.158s] Level 5:colcon.colcon_core.verb:set package 'custom_msgs' build argument 'catkin_cmake_args' from command line to 'None'
[0.158s] Level 5:colcon.colcon_core.verb:set package 'custom_msgs' build argument 'catkin_skip_building_tests' from command line to 'False'
[0.158s] DEBUG:colcon.colcon_core.verb:Building package 'custom_msgs' with the following arguments: {'ament_cmake_args': None, 'build_base': '/home/alumno1/Documents/TP4-PRA-LopezVilaclara/build/custom_msgs', 'catkin_cmake_args': None, 'catkin_skip_building_tests': False, 'cmake_args': None, 'cmake_clean_cache': False, 'cmake_clean_first': False, 'cmake_force_configure': False, 'cmake_target': None, 'cmake_target_skip_unavailable': False, 'install_base': '/home/alumno1/Documents/TP4-PRA-LopezVilaclara/install/custom_msgs', 'merge_install': False, 'path': '/home/alumno1/Documents/TP4-PRA-LopezVilaclara/ros2_ws/src/custom_msgs', 'symlink_install': True, 'test_result_base': None}
[0.158s] Level 5:colcon.colcon_core.verb:set package 'turtlebot3_custom_simulation' build argument 'cmake_args' from command line to 'None'
[0.158s] Level 5:colcon.colcon_core.verb:set package 'turtlebot3_custom_simulation' build argument 'cmake_target' from command line to 'None'
[0.158s] Level 5:colcon.colcon_core.verb:set package 'turtlebot3_custom_simulation' build argument 'cmake_target_skip_unavailable' from command line to 'False'
[0.158s] Level 5:colcon.colcon_core.verb:set package 'turtlebot3_custom_simulation' build argument 'cmake_clean_cache' from command line to 'False'
[0.158s] Level 5:colcon.colcon_core.verb:set package 'turtlebot3_custom_simulation' build argument 'cmake_clean_first' from command line to 'False'
[0.158s] Level 5:colcon.colcon_core.verb:set package 'turtlebot3_custom_simulation' build argument 'cmake_force_configure' from command line to 'False'
[0.158s] Level 5:colcon.colcon_core.verb:set package 'turtlebot3_custom_simulation' build argument 'ament_cmake_args' from command line to 'None'
[0.158s] Level 5:colcon.colcon_core.verb:set package 'turtlebot3_custom_simulation' build argument 'catkin_cmake_args' from command line to 'None'
[0.158s] Level 5:colcon.colcon_core.verb:set package 'turtlebot3_custom_simulation' build argument 'catkin_skip_building_tests' from command line to 'False'
[0.158s] DEBUG:colcon.colcon_core.verb:Building package 'turtlebot3_custom_simulation' with the following arguments: {'ament_cmake_args': None, 'build_base': '/home/alumno1/Documents/TP4-PRA-LopezVilaclara/build/turtlebot3_custom_simulation', 'catkin_cmake_args': None, 'catkin_skip_building_tests': False, 'cmake_args': None, 'cmake_clean_cache': False, 'cmake_clean_first': False, 'cmake_force_configure': False, 'cmake_target': None, 'cmake_target_skip_unavailable': False, 'install_base': '/home/alumno1/Documents/TP4-PRA-LopezVilaclara/install/turtlebot3_custom_simulation', 'merge_install': False, 'path': '/home/alumno1/Documents/TP4-PRA-LopezVilaclara/ros2_ws/src/turtlebot3_custom_simulation', 'symlink_install': True, 'test_result_base': None}
[0.158s] Level 5:colcon.colcon_core.verb:set package 'custom_code' build argument 'cmake_args' from command line to 'None'
[0.158s] Level 5:colcon.colcon_core.verb:set package 'custom_code' build argument 'cmake_target' from command line to 'None'
[0.158s] Level 5:colcon.colcon_core.verb:set package 'custom_code' build argument 'cmake_target_skip_unavailable' from command line to 'False'
[0.158s] Level 5:colcon.colcon_core.verb:set package 'custom_code' build argument 'cmake_clean_cache' from command line to 'False'
[0.158s] Level 5:colcon.colcon_core.verb:set package 'custom_code' build argument 'cmake_clean_first' from command line to 'False'
[0.158s] Level 5:colcon.colcon_core.verb:set package 'custom_code' build argument 'cmake_force_configure' from command line to 'False'
[0.158s] Level 5:colcon.colcon_core.verb:set package 'custom_code' build argument 'ament_cmake_args' from command line to 'None'
[0.158s] Level 5:colcon.colcon_core.verb:set package 'custom_code' build argument 'catkin_cmake_args' from command line to 'None'
[0.158s] Level 5:colcon.colcon_core.verb:set package 'custom_code' build argument 'catkin_skip_building_tests' from command line to 'False'
[0.158s] DEBUG:colcon.colcon_core.verb:Building package 'custom_code' with the following arguments: {'ament_cmake_args': None, 'build_base': '/home/alumno1/Documents/TP4-PRA-LopezVilaclara/build/custom_code', 'catkin_cmake_args': None, 'catkin_skip_building_tests': False, 'cmake_args': None, 'cmake_clean_cache': False, 'cmake_clean_first': False, 'cmake_force_configure': False, 'cmake_target': None, 'cmake_target_skip_unavailable': False, 'install_base': '/home/alumno1/Documents/TP4-PRA-LopezVilaclara/install/custom_code', 'merge_install': False, 'path': '/home/alumno1/Documents/TP4-PRA-LopezVilaclara/ros2_ws/src/custom_code', 'symlink_install': True, 'test_result_base': None}
[0.158s] INFO:colcon.colcon_core.executor:Executing jobs using 'parallel' executor
[0.159s] DEBUG:colcon.colcon_parallel_executor.executor.parallel:run_until_complete
[0.159s] INFO:colcon.colcon_ros.task.ament_cmake.build:Building ROS package in '/home/alumno1/Documents/TP4-PRA-LopezVilaclara/ros2_ws/src/custom_msgs' with build type 'ament_cmake'
[0.159s] INFO:colcon.colcon_cmake.task.cmake.build:Building CMake package in '/home/alumno1/Documents/TP4-PRA-LopezVilaclara/ros2_ws/src/custom_msgs'
[0.160s] INFO:colcon.colcon_core.plugin_system:Skipping extension 'colcon_core.shell.bat': Not used on non-Windows systems
[0.160s] INFO:colcon.colcon_core.shell:Skip shell extension 'powershell' for command environment: Not usable outside of PowerShell
[0.160s] DEBUG:colcon.colcon_core.shell:Skip shell extension 'dsv' for command environment
[0.162s] INFO:colcon.colcon_ros.task.ament_cmake.build:Building ROS package in '/home/alumno1/Documents/TP4-PRA-LopezVilaclara/ros2_ws/src/turtlebot3_custom_simulation' with build type 'ament_cmake'
[0.162s] INFO:colcon.colcon_cmake.task.cmake.build:Building CMake package in '/home/alumno1/Documents/TP4-PRA-LopezVilaclara/ros2_ws/src/turtlebot3_custom_simulation'
[0.162s] INFO:colcon.colcon_core.shell:Skip shell extension 'powershell' for command environment: Not usable outside of PowerShell
[0.162s] DEBUG:colcon.colcon_core.shell:Skip shell extension 'dsv' for command environment
[0.166s] DEBUG:colcon.colcon_core.event_handler.log_command:Invoking command in '/home/alumno1/Documents/TP4-PRA-LopezVilaclara/build/custom_msgs': CMAKE_PREFIX_PATH=${CMAKE_PREFIX_PATH}:/home/alumno1/turtlebot3_ws/install/turtlebot3_teleop:/home/alumno1/turtlebot3_ws/install/turtlebot3_example:/opt/ros/humble /usr/bin/cmake /home/alumno1/Documents/TP4-PRA-LopezVilaclara/ros2_ws/src/custom_msgs -DAMENT_CMAKE_SYMLINK_INSTALL=1 -DCMAKE_INSTALL_PREFIX=/home/alumno1/Documents/TP4-PRA-LopezVilaclara/install/custom_msgs
[0.167s] DEBUG:colcon.colcon_core.event_handler.log_command:Invoking command in '/home/alumno1/Documents/TP4-PRA-LopezVilaclara/build/turtlebot3_custom_simulation': CMAKE_PREFIX_PATH=${CMAKE_PREFIX_PATH}:/home/alumno1/turtlebot3_ws/install/turtlebot3_teleop:/home/alumno1/turtlebot3_ws/install/turtlebot3_example:/opt/ros/humble /usr/bin/cmake /home/alumno1/Documents/TP4-PRA-LopezVilaclara/ros2_ws/src/turtlebot3_custom_simulation -DAMENT_CMAKE_SYMLINK_INSTALL=1 -DCMAKE_INSTALL_PREFIX=/home/alumno1/Documents/TP4-PRA-LopezVilaclara/install/turtlebot3_custom_simulation
[0.836s] DEBUG:colcon.colcon_core.event_handler.log_command:Invoked command in '/home/alumno1/Documents/TP4-PRA-LopezVilaclara/build/turtlebot3_custom_simulation' returned '0': CMAKE_PREFIX_PATH=${CMAKE_PREFIX_PATH}:/home/alumno1/turtlebot3_ws/install/turtlebot3_teleop:/home/alumno1/turtlebot3_ws/install/turtlebot3_example:/opt/ros/humble /usr/bin/cmake /home/alumno1/Documents/TP4-PRA-LopezVilaclara/ros2_ws/src/turtlebot3_custom_simulation -DAMENT_CMAKE_SYMLINK_INSTALL=1 -DCMAKE_INSTALL_PREFIX=/home/alumno1/Documents/TP4-PRA-LopezVilaclara/install/turtlebot3_custom_simulation
[0.837s] DEBUG:colcon.colcon_core.event_handler.log_command:Invoking command in '/home/alumno1/Documents/TP4-PRA-LopezVilaclara/build/turtlebot3_custom_simulation': CMAKE_PREFIX_PATH=${CMAKE_PREFIX_PATH}:/home/alumno1/turtlebot3_ws/install/turtlebot3_teleop:/home/alumno1/turtlebot3_ws/install/turtlebot3_example:/opt/ros/humble /usr/bin/cmake --build /home/alumno1/Documents/TP4-PRA-LopezVilaclara/build/turtlebot3_custom_simulation -- -j28 -l28
[1.074s] DEBUG:colcon.colcon_core.event_handler.log_command:Invoked command in '/home/alumno1/Documents/TP4-PRA-LopezVilaclara/build/custom_msgs' returned '0': CMAKE_PREFIX_PATH=${CMAKE_PREFIX_PATH}:/home/alumno1/turtlebot3_ws/install/turtlebot3_teleop:/home/alumno1/turtlebot3_ws/install/turtlebot3_example:/opt/ros/humble /usr/bin/cmake /home/alumno1/Documents/TP4-PRA-LopezVilaclara/ros2_ws/src/custom_msgs -DAMENT_CMAKE_SYMLINK_INSTALL=1 -DCMAKE_INSTALL_PREFIX=/home/alumno1/Documents/TP4-PRA-LopezVilaclara/install/custom_msgs
[1.075s] DEBUG:colcon.colcon_core.event_handler.log_command:Invoking command in '/home/alumno1/Documents/TP4-PRA-LopezVilaclara/build/custom_msgs': CMAKE_PREFIX_PATH=${CMAKE_PREFIX_PATH}:/home/alumno1/turtlebot3_ws/install/turtlebot3_teleop:/home/alumno1/turtlebot3_ws/install/turtlebot3_example:/opt/ros/humble /usr/bin/cmake --build /home/alumno1/Documents/TP4-PRA-LopezVilaclara/build/custom_msgs -- -j28 -l28
[2.003s] DEBUG:colcon.colcon_core.event_handler.log_command:Invoked command in '/home/alumno1/Documents/TP4-PRA-LopezVilaclara/build/custom_msgs' returned '0': CMAKE_PREFIX_PATH=${CMAKE_PREFIX_PATH}:/home/alumno1/turtlebot3_ws/install/turtlebot3_teleop:/home/alumno1/turtlebot3_ws/install/turtlebot3_example:/opt/ros/humble /usr/bin/cmake --build /home/alumno1/Documents/TP4-PRA-LopezVilaclara/build/custom_msgs -- -j28 -l28
[2.008s] DEBUG:colcon.colcon_core.event_handler.log_command:Invoking command in '/home/alumno1/Documents/TP4-PRA-LopezVilaclara/build/custom_msgs': CMAKE_PREFIX_PATH=${CMAKE_PREFIX_PATH}:/home/alumno1/turtlebot3_ws/install/turtlebot3_teleop:/home/alumno1/turtlebot3_ws/install/turtlebot3_example:/opt/ros/humble /usr/bin/cmake --install /home/alumno1/Documents/TP4-PRA-LopezVilaclara/build/custom_msgs
[2.393s] Level 1:colcon.colcon_core.environment:create_environment_scripts_only(custom_msgs)
[2.394s] DEBUG:colcon.colcon_core.event_handler.log_command:Invoked command in '/home/alumno1/Documents/TP4-PRA-LopezVilaclara/build/custom_msgs' returned '0': CMAKE_PREFIX_PATH=${CMAKE_PREFIX_PATH}:/home/alumno1/turtlebot3_ws/install/turtlebot3_teleop:/home/alumno1/turtlebot3_ws/install/turtlebot3_example:/opt/ros/humble /usr/bin/cmake --install /home/alumno1/Documents/TP4-PRA-LopezVilaclara/build/custom_msgs
[2.395s] Level 1:colcon.colcon_core.environment:checking '/home/alumno1/Documents/TP4-PRA-LopezVilaclara/install/custom_msgs' for CMake module files
[2.396s] Level 1:colcon.colcon_core.environment:checking '/home/alumno1/Documents/TP4-PRA-LopezVilaclara/install/custom_msgs' for CMake config files
[2.396s] Level 1:colcon.colcon_core.shell:create_environment_hook('custom_msgs', 'cmake_prefix_path')
[2.396s] INFO:colcon.colcon_core.shell:Creating environment hook '/home/alumno1/Documents/TP4-PRA-LopezVilaclara/install/custom_msgs/share/custom_msgs/hook/cmake_prefix_path.ps1'
[2.397s] INFO:colcon.colcon_core.shell:Creating environment descriptor '/home/alumno1/Documents/TP4-PRA-LopezVilaclara/install/custom_msgs/share/custom_msgs/hook/cmake_prefix_path.dsv'
[2.397s] INFO:colcon.colcon_core.shell:Creating environment hook '/home/alumno1/Documents/TP4-PRA-LopezVilaclara/install/custom_msgs/share/custom_msgs/hook/cmake_prefix_path.sh'
[2.397s] Level 1:colcon.colcon_core.environment:checking '/home/alumno1/Documents/TP4-PRA-LopezVilaclara/install/custom_msgs/lib'
[2.397s] Level 1:colcon.colcon_core.shell:create_environment_hook('custom_msgs', 'ld_library_path_lib')
[2.398s] INFO:colcon.colcon_core.shell:Creating environment hook '/home/alumno1/Documents/TP4-PRA-LopezVilaclara/install/custom_msgs/share/custom_msgs/hook/ld_library_path_lib.ps1'
[2.398s] INFO:colcon.colcon_core.shell:Creating environment descriptor '/home/alumno1/Documents/TP4-PRA-LopezVilaclara/install/custom_msgs/share/custom_msgs/hook/ld_library_path_lib.dsv'
[2.398s] INFO:colcon.colcon_core.shell:Creating environment hook '/home/alumno1/Documents/TP4-PRA-LopezVilaclara/install/custom_msgs/share/custom_msgs/hook/ld_library_path_lib.sh'
[2.398s] Level 1:colcon.colcon_core.environment:checking '/home/alumno1/Documents/TP4-PRA-LopezVilaclara/install/custom_msgs/bin'
[2.398s] Level 1:colcon.colcon_core.environment:checking '/home/alumno1/Documents/TP4-PRA-LopezVilaclara/install/custom_msgs/lib/pkgconfig/custom_msgs.pc'
[2.399s] Level 1:colcon.colcon_core.environment:checking '/home/alumno1/Documents/TP4-PRA-LopezVilaclara/install/custom_msgs/lib/python3.10/site-packages'
[2.399s] Level 1:colcon.colcon_core.environment:checking '/home/alumno1/Documents/TP4-PRA-LopezVilaclara/install/custom_msgs/bin'
[2.399s] INFO:colcon.colcon_core.shell:Creating package script '/home/alumno1/Documents/TP4-PRA-LopezVilaclara/install/custom_msgs/share/custom_msgs/package.ps1'
[2.399s] INFO:colcon.colcon_core.shell:Creating package descriptor '/home/alumno1/Documents/TP4-PRA-LopezVilaclara/install/custom_msgs/share/custom_msgs/package.dsv'
[2.399s] INFO:colcon.colcon_core.shell:Creating package script '/home/alumno1/Documents/TP4-PRA-LopezVilaclara/install/custom_msgs/share/custom_msgs/package.sh'
[2.400s] INFO:colcon.colcon_core.shell:Creating package script '/home/alumno1/Documents/TP4-PRA-LopezVilaclara/install/custom_msgs/share/custom_msgs/package.bash'
[2.400s] INFO:colcon.colcon_core.shell:Creating package script '/home/alumno1/Documents/TP4-PRA-LopezVilaclara/install/custom_msgs/share/custom_msgs/package.zsh'
[2.400s] Level 1:colcon.colcon_core.environment:create_file_with_runtime_dependencies(/home/alumno1/Documents/TP4-PRA-LopezVilaclara/install/custom_msgs/share/colcon-core/packages/custom_msgs)
[2.400s] Level 1:colcon.colcon_core.environment:create_environment_scripts_only(custom_msgs)
[2.401s] Level 1:colcon.colcon_core.environment:checking '/home/alumno1/Documents/TP4-PRA-LopezVilaclara/install/custom_msgs' for CMake module files
[2.401s] Level 1:colcon.colcon_core.environment:checking '/home/alumno1/Documents/TP4-PRA-LopezVilaclara/install/custom_msgs' for CMake config files
[2.401s] Level 1:colcon.colcon_core.shell:create_environment_hook('custom_msgs', 'cmake_prefix_path')
[2.401s] INFO:colcon.colcon_core.shell:Creating environment hook '/home/alumno1/Documents/TP4-PRA-LopezVilaclara/install/custom_msgs/share/custom_msgs/hook/cmake_prefix_path.ps1'
[2.401s] INFO:colcon.colcon_core.shell:Creating environment descriptor '/home/alumno1/Documents/TP4-PRA-LopezVilaclara/install/custom_msgs/share/custom_msgs/hook/cmake_prefix_path.dsv'
[2.401s] INFO:colcon.colcon_core.shell:Creating environment hook '/home/alumno1/Documents/TP4-PRA-LopezVilaclara/install/custom_msgs/share/custom_msgs/hook/cmake_prefix_path.sh'
[2.401s] Level 1:colcon.colcon_core.environment:checking '/home/alumno1/Documents/TP4-PRA-LopezVilaclara/install/custom_msgs/lib'
[2.401s] Level 1:colcon.colcon_core.shell:create_environment_hook('custom_msgs', 'ld_library_path_lib')
[2.401s] INFO:colcon.colcon_core.shell:Creating environment hook '/home/alumno1/Documents/TP4-PRA-LopezVilaclara/install/custom_msgs/share/custom_msgs/hook/ld_library_path_lib.ps1'
[2.402s] INFO:colcon.colcon_core.shell:Creating environment descriptor '/home/alumno1/Documents/TP4-PRA-LopezVilaclara/install/custom_msgs/share/custom_msgs/hook/ld_library_path_lib.dsv'
[2.402s] INFO:colcon.colcon_core.shell:Creating environment hook '/home/alumno1/Documents/TP4-PRA-LopezVilaclara/install/custom_msgs/share/custom_msgs/hook/ld_library_path_lib.sh'
[2.402s] Level 1:colcon.colcon_core.environment:checking '/home/alumno1/Documents/TP4-PRA-LopezVilaclara/install/custom_msgs/bin'
[2.402s] Level 1:colcon.colcon_core.environment:checking '/home/alumno1/Documents/TP4-PRA-LopezVilaclara/install/custom_msgs/lib/pkgconfig/custom_msgs.pc'
[2.402s] Level 1:colcon.colcon_core.environment:checking '/home/alumno1/Documents/TP4-PRA-LopezVilaclara/install/custom_msgs/lib/python3.10/site-packages'
[2.402s] Level 1:colcon.colcon_core.environment:checking '/home/alumno1/Documents/TP4-PRA-LopezVilaclara/install/custom_msgs/bin'
[2.402s] INFO:colcon.colcon_core.shell:Creating package script '/home/alumno1/Documents/TP4-PRA-LopezVilaclara/install/custom_msgs/share/custom_msgs/package.ps1'
[2.402s] INFO:colcon.colcon_core.shell:Creating package descriptor '/home/alumno1/Documents/TP4-PRA-LopezVilaclara/install/custom_msgs/share/custom_msgs/package.dsv'
[2.403s] INFO:colcon.colcon_core.shell:Creating package script '/home/alumno1/Documents/TP4-PRA-LopezVilaclara/install/custom_msgs/share/custom_msgs/package.sh'
[2.403s] INFO:colcon.colcon_core.shell:Creating package script '/home/alumno1/Documents/TP4-PRA-LopezVilaclara/install/custom_msgs/share/custom_msgs/package.bash'
[2.403s] INFO:colcon.colcon_core.shell:Creating package script '/home/alumno1/Documents/TP4-PRA-LopezVilaclara/install/custom_msgs/share/custom_msgs/package.zsh'
[2.403s] Level 1:colcon.colcon_core.environment:create_file_with_runtime_dependencies(/home/alumno1/Documents/TP4-PRA-LopezVilaclara/install/custom_msgs/share/colcon-core/packages/custom_msgs)
[2.403s] INFO:colcon.colcon_ros.task.ament_python.build:Building ROS package in '/home/alumno1/Documents/TP4-PRA-LopezVilaclara/ros2_ws/src/custom_code' with build type 'ament_python'
[2.403s] Level 1:colcon.colcon_core.shell:create_environment_hook('custom_code', 'ament_prefix_path')
[2.403s] INFO:colcon.colcon_core.shell:Creating environment hook '/home/alumno1/Documents/TP4-PRA-LopezVilaclara/install/custom_code/share/custom_code/hook/ament_prefix_path.ps1'
[2.404s] INFO:colcon.colcon_core.shell:Creating environment descriptor '/home/alumno1/Documents/TP4-PRA-LopezVilaclara/install/custom_code/share/custom_code/hook/ament_prefix_path.dsv'
[2.404s] INFO:colcon.colcon_core.shell:Creating environment hook '/home/alumno1/Documents/TP4-PRA-LopezVilaclara/install/custom_code/share/custom_code/hook/ament_prefix_path.sh'
[2.404s] INFO:colcon.colcon_core.shell:Skip shell extension 'powershell' for command environment: Not usable outside of PowerShell
[2.404s] DEBUG:colcon.colcon_core.shell:Skip shell extension 'dsv' for command environment
[2.524s] INFO:colcon.colcon_core.task.python.build:Building Python package in '/home/alumno1/Documents/TP4-PRA-LopezVilaclara/ros2_ws/src/custom_code'
[2.524s] INFO:colcon.colcon_core.shell:Skip shell extension 'powershell' for command environment: Not usable outside of PowerShell
[2.524s] DEBUG:colcon.colcon_core.shell:Skip shell extension 'dsv' for command environment
[2.684s] DEBUG:colcon.colcon_core.event_handler.log_command:Invoking command in '/home/alumno1/Documents/TP4-PRA-LopezVilaclara/build/custom_code': AMENT_PREFIX_PATH=/home/alumno1/Documents/TP4-PRA-LopezVilaclara/install/custom_msgs:${AMENT_PREFIX_PATH} CMAKE_PREFIX_PATH=/home/alumno1/Documents/TP4-PRA-LopezVilaclara/install/custom_msgs:${CMAKE_PREFIX_PATH} LD_LIBRARY_PATH=/home/alumno1/Documents/TP4-PRA-LopezVilaclara/install/custom_msgs/lib:/home/alumno1/turtlebot3_ws/install/turtlebot3_msgs/lib:/home/alumno1/turtlebot3_ws/install/dynamixel_sdk_custom_interfaces/lib:/home/alumno1/turtlebot3_ws/install/dynamixel_sdk/lib:/usr/lib/x86_64-linux-gnu/gazebo-11/plugins:/opt/ros/humble/opt/rviz_ogre_vendor/lib:/opt/ros/humble/lib/x86_64-linux-gnu:/opt/ros/humble/lib:/usr/lib/x86_64-linux-gnu/gazebo-11/plugins PYTHONPATH=/home/alumno1/Documents/TP4-PRA-LopezVilaclara/build/custom_code/prefix_override:/usr/lib/python3/dist-packages/colcon_core/task/python/colcon_distutils_commands:/home/alumno1/Documents/TP4-PRA-LopezVilaclara/install/custom_code/lib/python3.10/site-packages:/home/alumno1/Documents/TP4-PRA-LopezVilaclara/install/custom_msgs/local/lib/python3.10/dist-packages:${PYTHONPATH} /usr/bin/python3 -W ignore:setup.py install is deprecated -W ignore:easy_install command is deprecated setup.py develop --editable --build-directory /home/alumno1/Documents/TP4-PRA-LopezVilaclara/build/custom_code/build --no-deps symlink_data
[2.877s] Level 1:colcon.colcon_core.shell:create_environment_hook('custom_code', 'pythonpath_develop')
[2.877s] INFO:colcon.colcon_core.shell:Creating environment hook '/home/alumno1/Documents/TP4-PRA-LopezVilaclara/build/custom_code/share/custom_code/hook/pythonpath_develop.ps1'
[2.878s] DEBUG:colcon.colcon_core.event_handler.log_command:Invoked command in '/home/alumno1/Documents/TP4-PRA-LopezVilaclara/build/custom_code' returned '0': AMENT_PREFIX_PATH=/home/alumno1/Documents/TP4-PRA-LopezVilaclara/install/custom_msgs:${AMENT_PREFIX_PATH} CMAKE_PREFIX_PATH=/home/alumno1/Documents/TP4-PRA-LopezVilaclara/install/custom_msgs:${CMAKE_PREFIX_PATH} LD_LIBRARY_PATH=/home/alumno1/Documents/TP4-PRA-LopezVilaclara/install/custom_msgs/lib:/home/alumno1/turtlebot3_ws/install/turtlebot3_msgs/lib:/home/alumno1/turtlebot3_ws/install/dynamixel_sdk_custom_interfaces/lib:/home/alumno1/turtlebot3_ws/install/dynamixel_sdk/lib:/usr/lib/x86_64-linux-gnu/gazebo-11/plugins:/opt/ros/humble/opt/rviz_ogre_vendor/lib:/opt/ros/humble/lib/x86_64-linux-gnu:/opt/ros/humble/lib:/usr/lib/x86_64-linux-gnu/gazebo-11/plugins PYTHONPATH=/home/alumno1/Documents/TP4-PRA-LopezVilaclara/build/custom_code/prefix_override:/usr/lib/python3/dist-packages/colcon_core/task/python/colcon_distutils_commands:/home/alumno1/Documents/TP4-PRA-LopezVilaclara/install/custom_code/lib/python3.10/site-packages:/home/alumno1/Documents/TP4-PRA-LopezVilaclara/install/custom_msgs/local/lib/python3.10/dist-packages:${PYTHONPATH} /usr/bin/python3 -W ignore:setup.py install is deprecated -W ignore:easy_install command is deprecated setup.py develop --editable --build-directory /home/alumno1/Documents/TP4-PRA-LopezVilaclara/build/custom_code/build --no-deps symlink_data
[2.878s] INFO:colcon.colcon_core.shell:Creating environment descriptor '/home/alumno1/Documents/TP4-PRA-LopezVilaclara/build/custom_code/share/custom_code/hook/pythonpath_develop.dsv'
[2.878s] INFO:colcon.colcon_core.shell:Creating environment hook '/home/alumno1/Documents/TP4-PRA-LopezVilaclara/build/custom_code/share/custom_code/hook/pythonpath_develop.sh'
[2.878s] Level 1:colcon.colcon_core.environment:checking '/home/alumno1/Documents/TP4-PRA-LopezVilaclara/install/custom_code' for CMake module files
[2.878s] Level 1:colcon.colcon_core.environment:checking '/home/alumno1/Documents/TP4-PRA-LopezVilaclara/install/custom_code' for CMake config files
[2.878s] Level 1:colcon.colcon_core.environment:checking '/home/alumno1/Documents/TP4-PRA-LopezVilaclara/install/custom_code/lib'
[2.878s] Level 1:colcon.colcon_core.environment:checking '/home/alumno1/Documents/TP4-PRA-LopezVilaclara/install/custom_code/bin'
[2.878s] Level 1:colcon.colcon_core.environment:checking '/home/alumno1/Documents/TP4-PRA-LopezVilaclara/install/custom_code/lib/pkgconfig/custom_code.pc'
[2.879s] Level 1:colcon.colcon_core.environment:checking '/home/alumno1/Documents/TP4-PRA-LopezVilaclara/install/custom_code/lib/python3.10/site-packages'
[2.879s] Level 1:colcon.colcon_core.shell:create_environment_hook('custom_code', 'pythonpath')
[2.879s] INFO:colcon.colcon_core.shell:Creating environment hook '/home/alumno1/Documents/TP4-PRA-LopezVilaclara/install/custom_code/share/custom_code/hook/pythonpath.ps1'
[2.879s] INFO:colcon.colcon_core.shell:Creating environment descriptor '/home/alumno1/Documents/TP4-PRA-LopezVilaclara/install/custom_code/share/custom_code/hook/pythonpath.dsv'
[2.879s] INFO:colcon.colcon_core.shell:Creating environment hook '/home/alumno1/Documents/TP4-PRA-LopezVilaclara/install/custom_code/share/custom_code/hook/pythonpath.sh'
[2.879s] Level 1:colcon.colcon_core.environment:checking '/home/alumno1/Documents/TP4-PRA-LopezVilaclara/install/custom_code/bin'
[2.879s] Level 1:colcon.colcon_core.environment:create_environment_scripts_only(custom_code)
[2.879s] INFO:colcon.colcon_core.shell:Creating package script '/home/alumno1/Documents/TP4-PRA-LopezVilaclara/install/custom_code/share/custom_code/package.ps1'
[2.879s] INFO:colcon.colcon_core.shell:Creating package descriptor '/home/alumno1/Documents/TP4-PRA-LopezVilaclara/install/custom_code/share/custom_code/package.dsv'
[2.880s] INFO:colcon.colcon_core.shell:Creating package script '/home/alumno1/Documents/TP4-PRA-LopezVilaclara/install/custom_code/share/custom_code/package.sh'
[2.880s] INFO:colcon.colcon_core.shell:Creating package script '/home/alumno1/Documents/TP4-PRA-LopezVilaclara/install/custom_code/share/custom_code/package.bash'
[2.880s] INFO:colcon.colcon_core.shell:Creating package script '/home/alumno1/Documents/TP4-PRA-LopezVilaclara/install/custom_code/share/custom_code/package.zsh'
[2.880s] Level 1:colcon.colcon_core.environment:create_file_with_runtime_dependencies(/home/alumno1/Documents/TP4-PRA-LopezVilaclara/install/custom_code/share/colcon-core/packages/custom_code)
[4.767s] DEBUG:colcon.colcon_core.event_handler.log_command:Invoked command in '/home/alumno1/Documents/TP4-PRA-LopezVilaclara/build/turtlebot3_custom_simulation' returned '0': CMAKE_PREFIX_PATH=${CMAKE_PREFIX_PATH}:/home/alumno1/turtlebot3_ws/install/turtlebot3_teleop:/home/alumno1/turtlebot3_ws/install/turtlebot3_example:/opt/ros/humble /usr/bin/cmake --build /home/alumno1/Documents/TP4-PRA-LopezVilaclara/build/turtlebot3_custom_simulation -- -j28 -l28
[4.768s] DEBUG:colcon.colcon_core.event_handler.log_command:Invoking command in '/home/alumno1/Documents/TP4-PRA-LopezVilaclara/build/turtlebot3_custom_simulation': CMAKE_PREFIX_PATH=${CMAKE_PREFIX_PATH}:/home/alumno1/turtlebot3_ws/install/turtlebot3_teleop:/home/alumno1/turtlebot3_ws/install/turtlebot3_example:/opt/ros/humble /usr/bin/cmake --install /home/alumno1/Documents/TP4-PRA-LopezVilaclara/build/turtlebot3_custom_simulation
[4.906s] Level 1:colcon.colcon_core.environment:create_environment_scripts_only(turtlebot3_custom_simulation)
[4.906s] Level 1:colcon.colcon_core.environment:checking '/home/alumno1/Documents/TP4-PRA-LopezVilaclara/install/turtlebot3_custom_simulation' for CMake module files
[4.906s] DEBUG:colcon.colcon_core.event_handler.log_command:Invoked command in '/home/alumno1/Documents/TP4-PRA-LopezVilaclara/build/turtlebot3_custom_simulation' returned '0': CMAKE_PREFIX_PATH=${CMAKE_PREFIX_PATH}:/home/alumno1/turtlebot3_ws/install/turtlebot3_teleop:/home/alumno1/turtlebot3_ws/install/turtlebot3_example:/opt/ros/humble /usr/bin/cmake --install /home/alumno1/Documents/TP4-PRA-LopezVilaclara/build/turtlebot3_custom_simulation
[4.906s] Level 1:colcon.colcon_core.environment:checking '/home/alumno1/Documents/TP4-PRA-LopezVilaclara/install/turtlebot3_custom_simulation' for CMake config files
[4.907s] Level 1:colcon.colcon_core.shell:create_environment_hook('turtlebot3_custom_simulation', 'cmake_prefix_path')
[4.907s] INFO:colcon.colcon_core.shell:Creating environment hook '/home/alumno1/Documents/TP4-PRA-LopezVilaclara/install/turtlebot3_custom_simulation/share/turtlebot3_custom_simulation/hook/cmake_prefix_path.ps1'
[4.907s] INFO:colcon.colcon_core.shell:Creating environment descriptor '/home/alumno1/Documents/TP4-PRA-LopezVilaclara/install/turtlebot3_custom_simulation/share/turtlebot3_custom_simulation/hook/cmake_prefix_path.dsv'
[4.907s] INFO:colcon.colcon_core.shell:Creating environment hook '/home/alumno1/Documents/TP4-PRA-LopezVilaclara/install/turtlebot3_custom_simulation/share/turtlebot3_custom_simulation/hook/cmake_prefix_path.sh'
[4.908s] Level 1:colcon.colcon_core.environment:checking '/home/alumno1/Documents/TP4-PRA-LopezVilaclara/install/turtlebot3_custom_simulation/lib'
[4.908s] Level 1:colcon.colcon_core.environment:checking '/home/alumno1/Documents/TP4-PRA-LopezVilaclara/install/turtlebot3_custom_simulation/bin'
[4.908s] Level 1:colcon.colcon_core.environment:checking '/home/alumno1/Documents/TP4-PRA-LopezVilaclara/install/turtlebot3_custom_simulation/lib/pkgconfig/turtlebot3_custom_simulation.pc'
[4.908s] Level 1:colcon.colcon_core.environment:checking '/home/alumno1/Documents/TP4-PRA-LopezVilaclara/install/turtlebot3_custom_simulation/lib/python3.10/site-packages'
[4.908s] Level 1:colcon.colcon_core.environment:checking '/home/alumno1/Documents/TP4-PRA-LopezVilaclara/install/turtlebot3_custom_simulation/bin'
[4.908s] INFO:colcon.colcon_core.shell:Creating package script '/home/alumno1/Documents/TP4-PRA-LopezVilaclara/install/turtlebot3_custom_simulation/share/turtlebot3_custom_simulation/package.ps1'
[4.909s] INFO:colcon.colcon_core.shell:Creating package descriptor '/home/alumno1/Documents/TP4-PRA-LopezVilaclara/install/turtlebot3_custom_simulation/share/turtlebot3_custom_simulation/package.dsv'
[4.909s] INFO:colcon.colcon_core.shell:Creating package script '/home/alumno1/Documents/TP4-PRA-LopezVilaclara/install/turtlebot3_custom_simulation/share/turtlebot3_custom_simulation/package.sh'
[4.909s] INFO:colcon.colcon_core.shell:Creating package script '/home/alumno1/Documents/TP4-PRA-LopezVilaclara/install/turtlebot3_custom_simulation/share/turtlebot3_custom_simulation/package.bash'
[4.909s] INFO:colcon.colcon_core.shell:Creating package script '/home/alumno1/Documents/TP4-PRA-LopezVilaclara/install/turtlebot3_custom_simulation/share/turtlebot3_custom_simulation/package.zsh'
[4.910s] Level 1:colcon.colcon_core.environment:create_file_with_runtime_dependencies(/home/alumno1/Documents/TP4-PRA-LopezVilaclara/install/turtlebot3_custom_simulation/share/colcon-core/packages/turtlebot3_custom_simulation)
[4.910s] Level 1:colcon.colcon_core.environment:create_environment_scripts_only(turtlebot3_custom_simulation)
[4.910s] Level 1:colcon.colcon_core.environment:checking '/home/alumno1/Documents/TP4-PRA-LopezVilaclara/install/turtlebot3_custom_simulation' for CMake module files
[4.910s] Level 1:colcon.colcon_core.environment:checking '/home/alumno1/Documents/TP4-PRA-LopezVilaclara/install/turtlebot3_custom_simulation' for CMake config files
[4.911s] Level 1:colcon.colcon_core.shell:create_environment_hook('turtlebot3_custom_simulation', 'cmake_prefix_path')
[4.911s] INFO:colcon.colcon_core.shell:Creating environment hook '/home/alumno1/Documents/TP4-PRA-LopezVilaclara/install/turtlebot3_custom_simulation/share/turtlebot3_custom_simulation/hook/cmake_prefix_path.ps1'
[4.911s] INFO:colcon.colcon_core.shell:Creating environment descriptor '/home/alumno1/Documents/TP4-PRA-LopezVilaclara/install/turtlebot3_custom_simulation/share/turtlebot3_custom_simulation/hook/cmake_prefix_path.dsv'
[4.911s] INFO:colcon.colcon_core.shell:Creating environment hook '/home/alumno1/Documents/TP4-PRA-LopezVilaclara/install/turtlebot3_custom_simulation/share/turtlebot3_custom_simulation/hook/cmake_prefix_path.sh'
[4.912s] Level 1:colcon.colcon_core.environment:checking '/home/alumno1/Documents/TP4-PRA-LopezVilaclara/install/turtlebot3_custom_simulation/lib'
[4.912s] Level 1:colcon.colcon_core.environment:checking '/home/alumno1/Documents/TP4-PRA-LopezVilaclara/install/turtlebot3_custom_simulation/bin'
[4.912s] Level 1:colcon.colcon_core.environment:checking '/home/alumno1/Documents/TP4-PRA-LopezVilaclara/install/turtlebot3_custom_simulation/lib/pkgconfig/turtlebot3_custom_simulation.pc'
[4.912s] Level 1:colcon.colcon_core.environment:checking '/home/alumno1/Documents/TP4-PRA-LopezVilaclara/install/turtlebot3_custom_simulation/lib/python3.10/site-packages'
[4.912s] Level 1:colcon.colcon_core.environment:checking '/home/alumno1/Documents/TP4-PRA-LopezVilaclara/install/turtlebot3_custom_simulation/bin'
[4.912s] INFO:colcon.colcon_core.shell:Creating package script '/home/alumno1/Documents/TP4-PRA-LopezVilaclara/install/turtlebot3_custom_simulation/share/turtlebot3_custom_simulation/package.ps1'
[4.912s] INFO:colcon.colcon_core.shell:Creating package descriptor '/home/alumno1/Documents/TP4-PRA-LopezVilaclara/install/turtlebot3_custom_simulation/share/turtlebot3_custom_simulation/package.dsv'
[4.912s] INFO:colcon.colcon_core.shell:Creating package script '/home/alumno1/Documents/TP4-PRA-LopezVilaclara/install/turtlebot3_custom_simulation/share/turtlebot3_custom_simulation/package.sh'
[4.913s] INFO:colcon.colcon_core.shell:Creating package script '/home/alumno1/Documents/TP4-PRA-LopezVilaclara/install/turtlebot3_custom_simulation/share/turtlebot3_custom_simulation/package.bash'
[4.913s] INFO:colcon.colcon_core.shell:Creating package script '/home/alumno1/Documents/TP4-PRA-LopezVilaclara/install/turtlebot3_custom_simulation/share/turtlebot3_custom_simulation/package.zsh'
[4.913s] Level 1:colcon.colcon_core.environment:create_file_with_runtime_dependencies(/home/alumno1/Documents/TP4-PRA-LopezVilaclara/install/turtlebot3_custom_simulation/share/colcon-core/packages/turtlebot3_custom_simulation)
[4.913s] DEBUG:colcon.colcon_parallel_executor.executor.parallel:closing loop
[4.913s] DEBUG:colcon.colcon_parallel_executor.executor.parallel:loop closed
[4.913s] DEBUG:colcon.colcon_parallel_executor.executor.parallel:run_until_complete finished with '0'
[4.913s] DEBUG:colcon.colcon_core.event_reactor:joining thread
[4.916s] INFO:colcon.colcon_core.plugin_system:Skipping extension 'colcon_notification.desktop_notification.terminal_notifier': Not used on non-Darwin systems
[4.916s] INFO:colcon.colcon_core.plugin_system:Skipping extension 'colcon_notification.desktop_notification.win32': Not used on non-Windows systems
[4.916s] INFO:colcon.colcon_notification.desktop_notification:Sending desktop notification using 'notify2'
[4.921s] DEBUG:colcon.colcon_core.event_reactor:joined thread
[4.921s] INFO:colcon.colcon_core.shell:Creating prefix script '/home/alumno1/Documents/TP4-PRA-LopezVilaclara/install/local_setup.ps1'
[4.922s] INFO:colcon.colcon_core.shell:Creating prefix util module '/home/alumno1/Documents/TP4-PRA-LopezVilaclara/install/_local_setup_util_ps1.py'
[4.922s] INFO:colcon.colcon_core.shell:Creating prefix chain script '/home/alumno1/Documents/TP4-PRA-LopezVilaclara/install/setup.ps1'
[4.923s] INFO:colcon.colcon_core.shell:Creating prefix script '/home/alumno1/Documents/TP4-PRA-LopezVilaclara/install/local_setup.sh'
[4.923s] INFO:colcon.colcon_core.shell:Creating prefix util module '/home/alumno1/Documents/TP4-PRA-LopezVilaclara/install/_local_setup_util_sh.py'
[4.923s] INFO:colcon.colcon_core.shell:Creating prefix chain script '/home/alumno1/Documents/TP4-PRA-LopezVilaclara/install/setup.sh'
[4.924s] INFO:colcon.colcon_core.shell:Creating prefix script '/home/alumno1/Documents/TP4-PRA-LopezVilaclara/install/local_setup.bash'
[4.924s] INFO:colcon.colcon_core.shell:Creating prefix chain script '/home/alumno1/Documents/TP4-PRA-LopezVilaclara/install/setup.bash'
[4.924s] INFO:colcon.colcon_core.shell:Creating prefix script '/home/alumno1/Documents/TP4-PRA-LopezVilaclara/install/local_setup.zsh'
[4.924s] INFO:colcon.colcon_core.shell:Creating prefix chain script '/home/alumno1/Documents/TP4-PRA-LopezVilaclara/install/setup.zsh'
