[0.302s] Invoking command in '/home/alumno1/Documents/TP4-PRA-LopezVilaclara/build/custom_code': PYTHONPATH=/home/alumno1/Documents/TP4-PRA-LopezVilaclara/build/custom_code/prefix_override:/usr/lib/python3/dist-packages/colcon_core/task/python/colcon_distutils_commands:/home/alumno1/Documents/TP4-PRA-LopezVilaclara/install/custom_code/lib/python3.10/site-packages:${PYTHONPATH} /usr/bin/python3 -W ignore:setup.py install is deprecated -W ignore:easy_install command is deprecated setup.py develop --editable --build-directory /home/alumno1/Documents/TP4-PRA-LopezVilaclara/build/custom_code/build --no-deps symlink_data
[0.416s] running develop
[0.482s] running egg_info
[0.482s] writing custom_code.egg-info/PKG-INFO
[0.482s] writing dependency_links to custom_code.egg-info/dependency_links.txt
[0.482s] writing entry points to custom_code.egg-info/entry_points.txt
[0.483s] writing requirements to custom_code.egg-info/requires.txt
[0.483s] writing top-level names to custom_code.egg-info/top_level.txt
[0.483s] reading manifest file 'custom_code.egg-info/SOURCES.txt'
[0.483s] writing manifest file 'custom_code.egg-info/SOURCES.txt'
[0.484s] running build_ext
[0.484s] Creating /home/alumno1/Documents/TP4-PRA-LopezVilaclara/install/custom_code/lib/python3.10/site-packages/custom-code.egg-link (link to .)
[0.484s] Installing ekf script to /home/alumno1/Documents/TP4-PRA-LopezVilaclara/install/custom_code/lib/custom_code
[0.485s] Installing ekf_correction script to /home/alumno1/Documents/TP4-PRA-LopezVilaclara/install/custom_code/lib/custom_code
[0.485s] Installing ekf_prediction script to /home/alumno1/Documents/TP4-PRA-LopezVilaclara/install/custom_code/lib/custom_code
[0.485s] Installing feature_finder script to /home/alumno1/Documents/TP4-PRA-LopezVilaclara/install/custom_code/lib/custom_code
[0.485s] Installing features script to /home/alumno1/Documents/TP4-PRA-LopezVilaclara/install/custom_code/lib/custom_code
[0.485s] Installing likelihood script to /home/alumno1/Documents/TP4-PRA-LopezVilaclara/install/custom_code/lib/custom_code
[0.485s] Installing localization script to /home/alumno1/Documents/TP4-PRA-LopezVilaclara/install/custom_code/lib/custom_code
[0.485s] Installing my_tf script to /home/alumno1/Documents/TP4-PRA-LopezVilaclara/install/custom_code/lib/custom_code
[0.485s] 
[0.485s] Installed /home/alumno1/Documents/TP4-PRA-LopezVilaclara/build/custom_code
[0.485s] running symlink_data
[0.495s] Invoked command in '/home/alumno1/Documents/TP4-PRA-LopezVilaclara/build/custom_code' returned '0': PYTHONPATH=/home/alumno1/Documents/TP4-PRA-LopezVilaclara/build/custom_code/prefix_override:/usr/lib/python3/dist-packages/colcon_core/task/python/colcon_distutils_commands:/home/alumno1/Documents/TP4-PRA-LopezVilaclara/install/custom_code/lib/python3.10/site-packages:${PYTHONPATH} /usr/bin/python3 -W ignore:setup.py install is deprecated -W ignore:easy_install command is deprecated setup.py develop --editable --build-directory /home/alumno1/Documents/TP4-PRA-LopezVilaclara/build/custom_code/build --no-deps symlink_data
