[0.007s] Invoking command in '/home/alumno1/Documents/TP4-PRA-LopezVilaclara/ros2_ws/build/custom_msgs': CMAKE_PREFIX_PATH=${CMAKE_PREFIX_PATH}:/home/alumno1/turtlebot3_ws/install/turtlebot3_teleop:/home/alumno1/turtlebot3_ws/install/turtlebot3_example:/opt/ros/humble /usr/bin/cmake /home/alumno1/Documents/TP4-PRA-LopezVilaclara/ros2_ws/src/custom_msgs -DAMENT_CMAKE_SYMLINK_INSTALL=1 -DCMAKE_INSTALL_PREFIX=/home/alumno1/Documents/TP4-PRA-LopezVilaclara/ros2_ws/install/custom_msgs
[0.076s] -- The C compiler identification is GNU 11.4.0
[0.121s] -- The CXX compiler identification is GNU 11.4.0
[0.126s] -- Detecting C compiler ABI info
[0.165s] -- Detecting C compiler ABI info - done
[0.171s] -- Check for working C compiler: /usr/bin/cc - skipped
[0.171s] -- Detecting C compile features
[0.171s] -- Detecting C compile features - done
[0.173s] -- Detecting CXX compiler ABI info
[0.214s] -- Detecting CXX compiler ABI info - done
[0.218s] -- Check for working CXX compiler: /usr/bin/c++ - skipped
[0.218s] -- Detecting CXX compile features
[0.218s] -- Detecting CXX compile features - done
[0.222s] -- Found ament_cmake: 1.3.11 (/opt/ros/humble/share/ament_cmake/cmake)
[0.307s] -- Found Python3: /usr/bin/python3 (found version "3.10.12") found components: Interpreter 
[0.340s] -- Override CMake install command with custom implementation using symlinks instead of copying resources
[0.363s] -- Found geometry_msgs: 4.2.4 (/opt/ros/humble/share/geometry_msgs/cmake)
[0.388s] -- Found rosidl_generator_c: 3.1.6 (/opt/ros/humble/share/rosidl_generator_c/cmake)
[0.392s] -- Found rosidl_adapter: 3.1.6 (/opt/ros/humble/share/rosidl_adapter/cmake)
[0.398s] -- Found rosidl_generator_cpp: 3.1.6 (/opt/ros/humble/share/rosidl_generator_cpp/cmake)
[0.407s] -- Using all available rosidl_typesupport_c: rosidl_typesupport_fastrtps_c;rosidl_typesupport_introspection_c
[0.417s] -- Using all available rosidl_typesupport_cpp: rosidl_typesupport_fastrtps_cpp;rosidl_typesupport_introspection_cpp
[0.441s] -- Found rosidl_default_generators: 1.2.0 (/opt/ros/humble/share/rosidl_default_generators/cmake)
[0.447s] -- Found ament_lint_auto: 0.12.11 (/opt/ros/humble/share/ament_lint_auto/cmake)
[0.596s] -- Found ament_cmake_ros: 0.10.0 (/opt/ros/humble/share/ament_cmake_ros/cmake)
[0.804s] -- Using all available rosidl_typesupport_c: rosidl_typesupport_fastrtps_c;rosidl_typesupport_introspection_c
[0.880s] -- Using all available rosidl_typesupport_cpp: rosidl_typesupport_fastrtps_cpp;rosidl_typesupport_introspection_cpp
[0.891s] -- Found PythonInterp: /usr/bin/python3 (found suitable version "3.10.12", minimum required is "3.6") 
[0.893s] -- Found python_cmake_module: 0.10.0 (/opt/ros/humble/share/python_cmake_module/cmake)
[0.907s] -- Found PythonLibs: /usr/lib/x86_64-linux-gnu/libpython3.10.so (found suitable version "3.10.12", minimum required is "3.5") 
[0.907s] -- Using PYTHON_EXECUTABLE: /usr/bin/python3
[0.907s] -- Using PYTHON_INCLUDE_DIRS: /usr/include/python3.10
[0.907s] -- Using PYTHON_LIBRARIES: /usr/lib/x86_64-linux-gnu/libpython3.10.so
[0.918s] -- Found PythonExtra: .so  
[0.953s] -- Added test 'lint_cmake' to check CMake code style
[0.953s] -- Added test 'xmllint' to check XML markup files
[0.956s] -- Configuring done
[0.970s] -- Generating done
[0.975s] -- Build files have been written to: /home/alumno1/Documents/TP4-PRA-LopezVilaclara/ros2_ws/build/custom_msgs
[0.980s] Invoked command in '/home/alumno1/Documents/TP4-PRA-LopezVilaclara/ros2_ws/build/custom_msgs' returned '0': CMAKE_PREFIX_PATH=${CMAKE_PREFIX_PATH}:/home/alumno1/turtlebot3_ws/install/turtlebot3_teleop:/home/alumno1/turtlebot3_ws/install/turtlebot3_example:/opt/ros/humble /usr/bin/cmake /home/alumno1/Documents/TP4-PRA-LopezVilaclara/ros2_ws/src/custom_msgs -DAMENT_CMAKE_SYMLINK_INSTALL=1 -DCMAKE_INSTALL_PREFIX=/home/alumno1/Documents/TP4-PRA-LopezVilaclara/ros2_ws/install/custom_msgs
[0.981s] Invoking command in '/home/alumno1/Documents/TP4-PRA-LopezVilaclara/ros2_ws/build/custom_msgs': CMAKE_PREFIX_PATH=${CMAKE_PREFIX_PATH}:/home/alumno1/turtlebot3_ws/install/turtlebot3_teleop:/home/alumno1/turtlebot3_ws/install/turtlebot3_example:/opt/ros/humble /usr/bin/cmake --build /home/alumno1/Documents/TP4-PRA-LopezVilaclara/ros2_ws/build/custom_msgs -- -j28 -l28
[1.007s] [  2%] [34m[1mGenerating C code for ROS interfaces[0m
[1.013s] [  5%] [34m[1mGenerating C++ code for ROS interfaces[0m
[1.017s] [  5%] Built target ament_cmake_python_symlink_custom_msgs
[1.125s] running egg_info
[1.125s] creating custom_msgs.egg-info
[1.125s] writing custom_msgs.egg-info/PKG-INFO
[1.125s] writing dependency_links to custom_msgs.egg-info/dependency_links.txt
[1.125s] writing top-level names to custom_msgs.egg-info/top_level.txt
[1.126s] writing manifest file 'custom_msgs.egg-info/SOURCES.txt'
[1.127s] reading manifest file 'custom_msgs.egg-info/SOURCES.txt'
[1.127s] writing manifest file 'custom_msgs.egg-info/SOURCES.txt'
[1.141s] [  5%] Built target ament_cmake_python_build_custom_msgs_egg
[1.148s] [  5%] Built target custom_msgs__cpp
[1.154s] [  7%] [34m[1mGenerating C++ type support dispatch for ROS interfaces[0m
[1.154s] [ 10%] [34m[1mGenerating C++ type support for eProsima Fast-RTPS[0m
[1.155s] [ 17%] [34m[1mGenerating C++ introspection for ROS interfaces[0m
[1.155s] [ 17%] [32mBuilding C object CMakeFiles/custom_msgs__rosidl_generator_c.dir/rosidl_generator_c/custom_msgs/msg/detail/belief__functions.c.o[0m
[1.155s] [ 15%] [32mBuilding C object CMakeFiles/custom_msgs__rosidl_generator_c.dir/rosidl_generator_c/custom_msgs/msg/detail/delta_odom__functions.c.o[0m
[1.185s] [ 20%] [32m[1mLinking C shared library libcustom_msgs__rosidl_generator_c.so[0m
[1.206s] [ 20%] Built target custom_msgs__rosidl_generator_c
[1.212s] [ 25%] [34m[1mGenerating C introspection for ROS interfaces[0m
[1.212s] [ 25%] [34m[1mGenerating C type support dispatch for ROS interfaces[0m
[1.213s] [ 28%] [34m[1mGenerating C type support for eProsima Fast-RTPS[0m
[1.271s] [ 30%] [32mBuilding CXX object CMakeFiles/custom_msgs__rosidl_typesupport_cpp.dir/rosidl_typesupport_cpp/custom_msgs/msg/delta_odom__type_support.cpp.o[0m
[1.271s] [ 33%] [32mBuilding CXX object CMakeFiles/custom_msgs__rosidl_typesupport_cpp.dir/rosidl_typesupport_cpp/custom_msgs/msg/belief__type_support.cpp.o[0m
[1.282s] [ 35%] [32mBuilding CXX object CMakeFiles/custom_msgs__rosidl_typesupport_introspection_cpp.dir/rosidl_typesupport_introspection_cpp/custom_msgs/msg/detail/delta_odom__type_support.cpp.o[0m
[1.282s] [ 38%] [32mBuilding CXX object CMakeFiles/custom_msgs__rosidl_typesupport_introspection_cpp.dir/rosidl_typesupport_introspection_cpp/custom_msgs/msg/detail/belief__type_support.cpp.o[0m
[1.289s] [ 43%] [32mBuilding CXX object CMakeFiles/custom_msgs__rosidl_typesupport_fastrtps_cpp.dir/rosidl_typesupport_fastrtps_cpp/custom_msgs/msg/detail/dds_fastrtps/delta_odom__type_support.cpp.o[0m
[1.289s] [ 43%] [32mBuilding CXX object CMakeFiles/custom_msgs__rosidl_typesupport_fastrtps_cpp.dir/rosidl_typesupport_fastrtps_cpp/custom_msgs/msg/detail/dds_fastrtps/belief__type_support.cpp.o[0m
[1.331s] [ 46%] [32mBuilding CXX object CMakeFiles/custom_msgs__rosidl_typesupport_c.dir/rosidl_typesupport_c/custom_msgs/msg/belief__type_support.cpp.o[0m
[1.332s] [ 48%] [32mBuilding CXX object CMakeFiles/custom_msgs__rosidl_typesupport_c.dir/rosidl_typesupport_c/custom_msgs/msg/delta_odom__type_support.cpp.o[0m
[1.341s] [ 51%] [32mBuilding C object CMakeFiles/custom_msgs__rosidl_typesupport_introspection_c.dir/rosidl_typesupport_introspection_c/custom_msgs/msg/detail/belief__type_support.c.o[0m
[1.341s] [ 53%] [32mBuilding C object CMakeFiles/custom_msgs__rosidl_typesupport_introspection_c.dir/rosidl_typesupport_introspection_c/custom_msgs/msg/detail/delta_odom__type_support.c.o[0m
[1.347s] [ 56%] [32mBuilding CXX object CMakeFiles/custom_msgs__rosidl_typesupport_fastrtps_c.dir/rosidl_typesupport_fastrtps_c/custom_msgs/msg/detail/delta_odom__type_support_c.cpp.o[0m
[1.348s] [ 58%] [32m[1mLinking CXX shared library libcustom_msgs__rosidl_typesupport_c.so[0m
[1.348s] [ 61%] [32mBuilding CXX object CMakeFiles/custom_msgs__rosidl_typesupport_fastrtps_c.dir/rosidl_typesupport_fastrtps_c/custom_msgs/msg/detail/belief__type_support_c.cpp.o[0m
[1.366s] [ 64%] [32m[1mLinking C shared library libcustom_msgs__rosidl_typesupport_introspection_c.so[0m
[1.377s] [ 64%] Built target custom_msgs__rosidl_typesupport_c
[1.388s] [ 64%] Built target custom_msgs__rosidl_typesupport_introspection_c
[1.397s] [ 66%] [32m[1mLinking CXX shared library libcustom_msgs__rosidl_typesupport_cpp.so[0m
[1.421s] [ 66%] Built target custom_msgs__rosidl_typesupport_cpp
[1.474s] [ 69%] [32m[1mLinking CXX shared library libcustom_msgs__rosidl_typesupport_fastrtps_cpp.so[0m
[1.500s] [ 71%] [32m[1mLinking CXX shared library libcustom_msgs__rosidl_typesupport_introspection_cpp.so[0m
[1.500s] [ 74%] [32m[1mLinking CXX shared library libcustom_msgs__rosidl_typesupport_fastrtps_c.so[0m
[1.515s] [ 74%] Built target custom_msgs__rosidl_typesupport_fastrtps_cpp
[1.537s] [ 74%] Built target custom_msgs__rosidl_typesupport_fastrtps_c
[1.540s] [ 74%] Built target custom_msgs__rosidl_typesupport_introspection_cpp
[1.552s] [ 74%] Built target custom_msgs
[1.564s] [ 76%] [34m[1mGenerating Python code for ROS interfaces[0m
[1.731s] [ 76%] Built target custom_msgs__py
[1.743s] [ 79%] [32mBuilding C object CMakeFiles/custom_msgs__rosidl_generator_py.dir/rosidl_generator_py/custom_msgs/msg/_delta_odom_s.c.o[0m
[1.743s] [ 82%] [32mBuilding C object CMakeFiles/custom_msgs__rosidl_generator_py.dir/rosidl_generator_py/custom_msgs/msg/_belief_s.c.o[0m
[1.803s] [ 84%] [32m[1mLinking C shared library rosidl_generator_py/custom_msgs/libcustom_msgs__rosidl_generator_py.so[0m
[1.827s] [ 84%] Built target custom_msgs__rosidl_generator_py
[1.840s] [ 89%] [32mBuilding C object CMakeFiles/custom_msgs__rosidl_typesupport_fastrtps_c__pyext.dir/rosidl_generator_py/custom_msgs/_custom_msgs_s.ep.rosidl_typesupport_fastrtps_c.c.o[0m
[1.840s] [ 89%] [32mBuilding C object CMakeFiles/custom_msgs__rosidl_typesupport_c__pyext.dir/rosidl_generator_py/custom_msgs/_custom_msgs_s.ep.rosidl_typesupport_c.c.o[0m
[1.840s] [ 92%] [32mBuilding C object CMakeFiles/custom_msgs__rosidl_typesupport_introspection_c__pyext.dir/rosidl_generator_py/custom_msgs/_custom_msgs_s.ep.rosidl_typesupport_introspection_c.c.o[0m
[1.889s] [ 97%] [32m[1mLinking C shared library rosidl_generator_py/custom_msgs/custom_msgs_s__rosidl_typesupport_c.cpython-310-x86_64-linux-gnu.so[0m
[1.889s] [ 97%] [32m[1mLinking C shared library rosidl_generator_py/custom_msgs/custom_msgs_s__rosidl_typesupport_introspection_c.cpython-310-x86_64-linux-gnu.so[0m
[1.890s] [100%] [32m[1mLinking C shared library rosidl_generator_py/custom_msgs/custom_msgs_s__rosidl_typesupport_fastrtps_c.cpython-310-x86_64-linux-gnu.so[0m
[1.909s] [100%] Built target custom_msgs__rosidl_typesupport_introspection_c__pyext
[1.909s] [100%] Built target custom_msgs__rosidl_typesupport_c__pyext
[1.910s] [100%] Built target custom_msgs__rosidl_typesupport_fastrtps_c__pyext
[1.918s] Invoked command in '/home/alumno1/Documents/TP4-PRA-LopezVilaclara/ros2_ws/build/custom_msgs' returned '0': CMAKE_PREFIX_PATH=${CMAKE_PREFIX_PATH}:/home/alumno1/turtlebot3_ws/install/turtlebot3_teleop:/home/alumno1/turtlebot3_ws/install/turtlebot3_example:/opt/ros/humble /usr/bin/cmake --build /home/alumno1/Documents/TP4-PRA-LopezVilaclara/ros2_ws/build/custom_msgs -- -j28 -l28
[1.923s] Invoking command in '/home/alumno1/Documents/TP4-PRA-LopezVilaclara/ros2_ws/build/custom_msgs': CMAKE_PREFIX_PATH=${CMAKE_PREFIX_PATH}:/home/alumno1/turtlebot3_ws/install/turtlebot3_teleop:/home/alumno1/turtlebot3_ws/install/turtlebot3_example:/opt/ros/humble /usr/bin/cmake --install /home/alumno1/Documents/TP4-PRA-LopezVilaclara/ros2_ws/build/custom_msgs
[1.927s] -- Install configuration: ""
[1.927s] -- Execute custom install script
[1.928s] -- Symlinking: /home/alumno1/Documents/TP4-PRA-LopezVilaclara/ros2_ws/install/custom_msgs/share/ament_index/resource_index/rosidl_interfaces/custom_msgs
[1.933s] -- Symlinking: /home/alumno1/Documents/TP4-PRA-LopezVilaclara/ros2_ws/install/custom_msgs/include/custom_msgs/custom_msgs/msg/belief.h
[1.938s] -- Symlinking: /home/alumno1/Documents/TP4-PRA-LopezVilaclara/ros2_ws/install/custom_msgs/include/custom_msgs/custom_msgs/msg/delta_odom.h
[1.944s] -- Symlinking: /home/alumno1/Documents/TP4-PRA-LopezVilaclara/ros2_ws/install/custom_msgs/include/custom_msgs/custom_msgs/msg/detail/belief__functions.h
[1.949s] -- Symlinking: /home/alumno1/Documents/TP4-PRA-LopezVilaclara/ros2_ws/install/custom_msgs/include/custom_msgs/custom_msgs/msg/detail/belief__struct.h
[1.952s] -- Symlinking: /home/alumno1/Documents/TP4-PRA-LopezVilaclara/ros2_ws/install/custom_msgs/include/custom_msgs/custom_msgs/msg/detail/belief__type_support.h
[1.957s] -- Symlinking: /home/alumno1/Documents/TP4-PRA-LopezVilaclara/ros2_ws/install/custom_msgs/include/custom_msgs/custom_msgs/msg/detail/delta_odom__functions.h
[1.961s] -- Symlinking: /home/alumno1/Documents/TP4-PRA-LopezVilaclara/ros2_ws/install/custom_msgs/include/custom_msgs/custom_msgs/msg/detail/delta_odom__struct.h
[1.966s] -- Symlinking: /home/alumno1/Documents/TP4-PRA-LopezVilaclara/ros2_ws/install/custom_msgs/include/custom_msgs/custom_msgs/msg/detail/delta_odom__type_support.h
[1.970s] -- Symlinking: /home/alumno1/Documents/TP4-PRA-LopezVilaclara/ros2_ws/install/custom_msgs/include/custom_msgs/custom_msgs/msg/rosidl_generator_c__visibility_control.h
[1.975s] -- Symlinking: /home/alumno1/Documents/TP4-PRA-LopezVilaclara/ros2_ws/install/custom_msgs/share/custom_msgs/environment/library_path.sh
[1.979s] -- Symlinking: /home/alumno1/Documents/TP4-PRA-LopezVilaclara/ros2_ws/install/custom_msgs/share/custom_msgs/environment/library_path.dsv
[1.984s] -- Symlinking: /home/alumno1/Documents/TP4-PRA-LopezVilaclara/ros2_ws/install/custom_msgs/include/custom_msgs/custom_msgs/msg/detail/belief__rosidl_typesupport_fastrtps_c.h
[1.988s] -- Symlinking: /home/alumno1/Documents/TP4-PRA-LopezVilaclara/ros2_ws/install/custom_msgs/include/custom_msgs/custom_msgs/msg/detail/delta_odom__rosidl_typesupport_fastrtps_c.h
[1.993s] -- Symlinking: /home/alumno1/Documents/TP4-PRA-LopezVilaclara/ros2_ws/install/custom_msgs/include/custom_msgs/custom_msgs/msg/rosidl_typesupport_fastrtps_c__visibility_control.h
[1.999s] -- Symlinking: /home/alumno1/Documents/TP4-PRA-LopezVilaclara/ros2_ws/install/custom_msgs/include/custom_msgs/custom_msgs/msg/belief.hpp
[2.004s] -- Symlinking: /home/alumno1/Documents/TP4-PRA-LopezVilaclara/ros2_ws/install/custom_msgs/include/custom_msgs/custom_msgs/msg/delta_odom.hpp
[2.008s] -- Symlinking: /home/alumno1/Documents/TP4-PRA-LopezVilaclara/ros2_ws/install/custom_msgs/include/custom_msgs/custom_msgs/msg/detail/belief__builder.hpp
[2.012s] -- Symlinking: /home/alumno1/Documents/TP4-PRA-LopezVilaclara/ros2_ws/install/custom_msgs/include/custom_msgs/custom_msgs/msg/detail/belief__struct.hpp
[2.016s] -- Symlinking: /home/alumno1/Documents/TP4-PRA-LopezVilaclara/ros2_ws/install/custom_msgs/include/custom_msgs/custom_msgs/msg/detail/belief__traits.hpp
[2.020s] -- Symlinking: /home/alumno1/Documents/TP4-PRA-LopezVilaclara/ros2_ws/install/custom_msgs/include/custom_msgs/custom_msgs/msg/detail/belief__type_support.hpp
[2.025s] -- Symlinking: /home/alumno1/Documents/TP4-PRA-LopezVilaclara/ros2_ws/install/custom_msgs/include/custom_msgs/custom_msgs/msg/detail/delta_odom__builder.hpp
[2.029s] -- Symlinking: /home/alumno1/Documents/TP4-PRA-LopezVilaclara/ros2_ws/install/custom_msgs/include/custom_msgs/custom_msgs/msg/detail/delta_odom__struct.hpp
[2.034s] -- Symlinking: /home/alumno1/Documents/TP4-PRA-LopezVilaclara/ros2_ws/install/custom_msgs/include/custom_msgs/custom_msgs/msg/detail/delta_odom__traits.hpp
[2.037s] -- Symlinking: /home/alumno1/Documents/TP4-PRA-LopezVilaclara/ros2_ws/install/custom_msgs/include/custom_msgs/custom_msgs/msg/detail/delta_odom__type_support.hpp
[2.042s] -- Symlinking: /home/alumno1/Documents/TP4-PRA-LopezVilaclara/ros2_ws/install/custom_msgs/include/custom_msgs/custom_msgs/msg/rosidl_generator_cpp__visibility_control.hpp
[2.046s] -- Symlinking: /home/alumno1/Documents/TP4-PRA-LopezVilaclara/ros2_ws/install/custom_msgs/include/custom_msgs/custom_msgs/msg/detail/belief__rosidl_typesupport_fastrtps_cpp.hpp
[2.049s] -- Symlinking: /home/alumno1/Documents/TP4-PRA-LopezVilaclara/ros2_ws/install/custom_msgs/include/custom_msgs/custom_msgs/msg/detail/delta_odom__rosidl_typesupport_fastrtps_cpp.hpp
[2.053s] -- Symlinking: /home/alumno1/Documents/TP4-PRA-LopezVilaclara/ros2_ws/install/custom_msgs/include/custom_msgs/custom_msgs/msg/rosidl_typesupport_fastrtps_cpp__visibility_control.h
[2.058s] -- Symlinking: /home/alumno1/Documents/TP4-PRA-LopezVilaclara/ros2_ws/install/custom_msgs/include/custom_msgs/custom_msgs/msg/detail/belief__rosidl_typesupport_introspection_c.h
[2.063s] -- Symlinking: /home/alumno1/Documents/TP4-PRA-LopezVilaclara/ros2_ws/install/custom_msgs/include/custom_msgs/custom_msgs/msg/detail/delta_odom__rosidl_typesupport_introspection_c.h
[2.067s] -- Symlinking: /home/alumno1/Documents/TP4-PRA-LopezVilaclara/ros2_ws/install/custom_msgs/include/custom_msgs/custom_msgs/msg/rosidl_typesupport_introspection_c__visibility_control.h
[2.073s] -- Symlinking: /home/alumno1/Documents/TP4-PRA-LopezVilaclara/ros2_ws/install/custom_msgs/include/custom_msgs/custom_msgs/msg/detail/belief__rosidl_typesupport_introspection_cpp.hpp
[2.078s] -- Symlinking: /home/alumno1/Documents/TP4-PRA-LopezVilaclara/ros2_ws/install/custom_msgs/include/custom_msgs/custom_msgs/msg/detail/delta_odom__rosidl_typesupport_introspection_cpp.hpp
[2.083s] -- Symlinking: /home/alumno1/Documents/TP4-PRA-LopezVilaclara/ros2_ws/install/custom_msgs/share/custom_msgs/environment/pythonpath.sh
[2.088s] -- Symlinking: /home/alumno1/Documents/TP4-PRA-LopezVilaclara/ros2_ws/install/custom_msgs/share/custom_msgs/environment/pythonpath.dsv
[2.093s] -- Symlinking: /home/alumno1/Documents/TP4-PRA-LopezVilaclara/ros2_ws/install/custom_msgs/local/lib/python3.10/dist-packages/custom_msgs-0.0.0-py3.10.egg-info/PKG-INFO
[2.097s] -- Symlinking: /home/alumno1/Documents/TP4-PRA-LopezVilaclara/ros2_ws/install/custom_msgs/local/lib/python3.10/dist-packages/custom_msgs-0.0.0-py3.10.egg-info/SOURCES.txt
[2.101s] -- Symlinking: /home/alumno1/Documents/TP4-PRA-LopezVilaclara/ros2_ws/install/custom_msgs/local/lib/python3.10/dist-packages/custom_msgs-0.0.0-py3.10.egg-info/dependency_links.txt
[2.106s] -- Symlinking: /home/alumno1/Documents/TP4-PRA-LopezVilaclara/ros2_ws/install/custom_msgs/local/lib/python3.10/dist-packages/custom_msgs-0.0.0-py3.10.egg-info/top_level.txt
[2.111s] -- Symlinking: /home/alumno1/Documents/TP4-PRA-LopezVilaclara/ros2_ws/install/custom_msgs/local/lib/python3.10/dist-packages/custom_msgs/__init__.py
[2.116s] -- Symlinking: /home/alumno1/Documents/TP4-PRA-LopezVilaclara/ros2_ws/install/custom_msgs/local/lib/python3.10/dist-packages/custom_msgs/_custom_msgs_s.ep.rosidl_typesupport_c.c
[2.121s] -- Symlinking: /home/alumno1/Documents/TP4-PRA-LopezVilaclara/ros2_ws/install/custom_msgs/local/lib/python3.10/dist-packages/custom_msgs/_custom_msgs_s.ep.rosidl_typesupport_fastrtps_c.c
[2.125s] -- Symlinking: /home/alumno1/Documents/TP4-PRA-LopezVilaclara/ros2_ws/install/custom_msgs/local/lib/python3.10/dist-packages/custom_msgs/_custom_msgs_s.ep.rosidl_typesupport_introspection_c.c
[2.129s] -- Symlinking: /home/alumno1/Documents/TP4-PRA-LopezVilaclara/ros2_ws/install/custom_msgs/local/lib/python3.10/dist-packages/custom_msgs/custom_msgs_s__rosidl_typesupport_c.cpython-310-x86_64-linux-gnu.so
[2.134s] -- Symlinking: /home/alumno1/Documents/TP4-PRA-LopezVilaclara/ros2_ws/install/custom_msgs/local/lib/python3.10/dist-packages/custom_msgs/custom_msgs_s__rosidl_typesupport_fastrtps_c.cpython-310-x86_64-linux-gnu.so
[2.139s] -- Symlinking: /home/alumno1/Documents/TP4-PRA-LopezVilaclara/ros2_ws/install/custom_msgs/local/lib/python3.10/dist-packages/custom_msgs/custom_msgs_s__rosidl_typesupport_introspection_c.cpython-310-x86_64-linux-gnu.so
[2.143s] -- Symlinking: /home/alumno1/Documents/TP4-PRA-LopezVilaclara/ros2_ws/install/custom_msgs/local/lib/python3.10/dist-packages/custom_msgs/libcustom_msgs__rosidl_generator_py.so
[2.148s] -- Symlinking: /home/alumno1/Documents/TP4-PRA-LopezVilaclara/ros2_ws/install/custom_msgs/local/lib/python3.10/dist-packages/custom_msgs/msg/__init__.py
[2.152s] -- Symlinking: /home/alumno1/Documents/TP4-PRA-LopezVilaclara/ros2_ws/install/custom_msgs/local/lib/python3.10/dist-packages/custom_msgs/msg/_belief.py
[2.157s] -- Symlinking: /home/alumno1/Documents/TP4-PRA-LopezVilaclara/ros2_ws/install/custom_msgs/local/lib/python3.10/dist-packages/custom_msgs/msg/_belief_s.c
[2.162s] -- Symlinking: /home/alumno1/Documents/TP4-PRA-LopezVilaclara/ros2_ws/install/custom_msgs/local/lib/python3.10/dist-packages/custom_msgs/msg/_delta_odom.py
[2.166s] -- Symlinking: /home/alumno1/Documents/TP4-PRA-LopezVilaclara/ros2_ws/install/custom_msgs/local/lib/python3.10/dist-packages/custom_msgs/msg/_delta_odom_s.c
[2.172s] -- Up-to-date symlink: /home/alumno1/Documents/TP4-PRA-LopezVilaclara/ros2_ws/install/custom_msgs/local/lib/python3.10/dist-packages/custom_msgs/custom_msgs_s__rosidl_typesupport_fastrtps_c.cpython-310-x86_64-linux-gnu.so
[2.172s] -- Up-to-date symlink: /home/alumno1/Documents/TP4-PRA-LopezVilaclara/ros2_ws/install/custom_msgs/local/lib/python3.10/dist-packages/custom_msgs/custom_msgs_s__rosidl_typesupport_introspection_c.cpython-310-x86_64-linux-gnu.so
[2.172s] -- Up-to-date symlink: /home/alumno1/Documents/TP4-PRA-LopezVilaclara/ros2_ws/install/custom_msgs/local/lib/python3.10/dist-packages/custom_msgs/custom_msgs_s__rosidl_typesupport_c.cpython-310-x86_64-linux-gnu.so
[2.172s] -- Symlinking: /home/alumno1/Documents/TP4-PRA-LopezVilaclara/ros2_ws/install/custom_msgs/share/custom_msgs/msg/DeltaOdom.idl
[2.177s] -- Symlinking: /home/alumno1/Documents/TP4-PRA-LopezVilaclara/ros2_ws/install/custom_msgs/share/custom_msgs/msg/Belief.idl
[2.181s] -- Symlinking: /home/alumno1/Documents/TP4-PRA-LopezVilaclara/ros2_ws/install/custom_msgs/share/custom_msgs/msg/DeltaOdom.msg
[2.185s] -- Symlinking: /home/alumno1/Documents/TP4-PRA-LopezVilaclara/ros2_ws/install/custom_msgs/share/custom_msgs/msg/Belief.msg
[2.190s] -- Symlinking: /home/alumno1/Documents/TP4-PRA-LopezVilaclara/ros2_ws/install/custom_msgs/share/ament_index/resource_index/package_run_dependencies/custom_msgs
[2.195s] -- Symlinking: /home/alumno1/Documents/TP4-PRA-LopezVilaclara/ros2_ws/install/custom_msgs/share/ament_index/resource_index/parent_prefix_path/custom_msgs
[2.200s] -- Symlinking: /home/alumno1/Documents/TP4-PRA-LopezVilaclara/ros2_ws/install/custom_msgs/share/custom_msgs/environment/ament_prefix_path.sh
[2.205s] -- Symlinking: /home/alumno1/Documents/TP4-PRA-LopezVilaclara/ros2_ws/install/custom_msgs/share/custom_msgs/environment/ament_prefix_path.dsv
[2.208s] -- Symlinking: /home/alumno1/Documents/TP4-PRA-LopezVilaclara/ros2_ws/install/custom_msgs/share/custom_msgs/environment/path.sh
[2.214s] -- Symlinking: /home/alumno1/Documents/TP4-PRA-LopezVilaclara/ros2_ws/install/custom_msgs/share/custom_msgs/environment/path.dsv
[2.219s] -- Symlinking: /home/alumno1/Documents/TP4-PRA-LopezVilaclara/ros2_ws/install/custom_msgs/share/custom_msgs/local_setup.bash
[2.223s] -- Symlinking: /home/alumno1/Documents/TP4-PRA-LopezVilaclara/ros2_ws/install/custom_msgs/share/custom_msgs/local_setup.sh
[2.229s] -- Symlinking: /home/alumno1/Documents/TP4-PRA-LopezVilaclara/ros2_ws/install/custom_msgs/share/custom_msgs/local_setup.zsh
[2.233s] -- Symlinking: /home/alumno1/Documents/TP4-PRA-LopezVilaclara/ros2_ws/install/custom_msgs/share/custom_msgs/local_setup.dsv
[2.237s] -- Symlinking: /home/alumno1/Documents/TP4-PRA-LopezVilaclara/ros2_ws/install/custom_msgs/share/custom_msgs/package.dsv
[2.241s] -- Symlinking: /home/alumno1/Documents/TP4-PRA-LopezVilaclara/ros2_ws/install/custom_msgs/share/ament_index/resource_index/packages/custom_msgs
[2.247s] -- Symlinking: /home/alumno1/Documents/TP4-PRA-LopezVilaclara/ros2_ws/install/custom_msgs/share/custom_msgs/cmake/rosidl_cmake-extras.cmake
[2.251s] -- Symlinking: /home/alumno1/Documents/TP4-PRA-LopezVilaclara/ros2_ws/install/custom_msgs/share/custom_msgs/cmake/ament_cmake_export_dependencies-extras.cmake
[2.257s] -- Symlinking: /home/alumno1/Documents/TP4-PRA-LopezVilaclara/ros2_ws/install/custom_msgs/share/custom_msgs/cmake/ament_cmake_export_include_directories-extras.cmake
[2.261s] -- Symlinking: /home/alumno1/Documents/TP4-PRA-LopezVilaclara/ros2_ws/install/custom_msgs/share/custom_msgs/cmake/ament_cmake_export_libraries-extras.cmake
[2.265s] -- Symlinking: /home/alumno1/Documents/TP4-PRA-LopezVilaclara/ros2_ws/install/custom_msgs/share/custom_msgs/cmake/ament_cmake_export_targets-extras.cmake
[2.269s] -- Symlinking: /home/alumno1/Documents/TP4-PRA-LopezVilaclara/ros2_ws/install/custom_msgs/share/custom_msgs/cmake/rosidl_cmake_export_typesupport_targets-extras.cmake
[2.275s] -- Symlinking: /home/alumno1/Documents/TP4-PRA-LopezVilaclara/ros2_ws/install/custom_msgs/share/custom_msgs/cmake/rosidl_cmake_export_typesupport_libraries-extras.cmake
[2.279s] -- Symlinking: /home/alumno1/Documents/TP4-PRA-LopezVilaclara/ros2_ws/install/custom_msgs/share/custom_msgs/cmake/custom_msgsConfig.cmake
[2.284s] -- Symlinking: /home/alumno1/Documents/TP4-PRA-LopezVilaclara/ros2_ws/install/custom_msgs/share/custom_msgs/cmake/custom_msgsConfig-version.cmake
[2.289s] -- Symlinking: /home/alumno1/Documents/TP4-PRA-LopezVilaclara/ros2_ws/install/custom_msgs/share/custom_msgs/package.xml
[2.293s] -- Installing: /home/alumno1/Documents/TP4-PRA-LopezVilaclara/ros2_ws/install/custom_msgs/lib/libcustom_msgs__rosidl_generator_c.so
[2.293s] -- Set runtime path of "/home/alumno1/Documents/TP4-PRA-LopezVilaclara/ros2_ws/install/custom_msgs/lib/libcustom_msgs__rosidl_generator_c.so" to ""
[2.293s] -- Installing: /home/alumno1/Documents/TP4-PRA-LopezVilaclara/ros2_ws/install/custom_msgs/lib/libcustom_msgs__rosidl_typesupport_fastrtps_c.so
[2.293s] -- Set runtime path of "/home/alumno1/Documents/TP4-PRA-LopezVilaclara/ros2_ws/install/custom_msgs/lib/libcustom_msgs__rosidl_typesupport_fastrtps_c.so" to ""
[2.293s] -- Installing: /home/alumno1/Documents/TP4-PRA-LopezVilaclara/ros2_ws/install/custom_msgs/lib/libcustom_msgs__rosidl_typesupport_fastrtps_cpp.so
[2.293s] -- Set runtime path of "/home/alumno1/Documents/TP4-PRA-LopezVilaclara/ros2_ws/install/custom_msgs/lib/libcustom_msgs__rosidl_typesupport_fastrtps_cpp.so" to ""
[2.293s] -- Installing: /home/alumno1/Documents/TP4-PRA-LopezVilaclara/ros2_ws/install/custom_msgs/lib/libcustom_msgs__rosidl_typesupport_introspection_c.so
[2.293s] -- Set runtime path of "/home/alumno1/Documents/TP4-PRA-LopezVilaclara/ros2_ws/install/custom_msgs/lib/libcustom_msgs__rosidl_typesupport_introspection_c.so" to ""
[2.293s] -- Installing: /home/alumno1/Documents/TP4-PRA-LopezVilaclara/ros2_ws/install/custom_msgs/lib/libcustom_msgs__rosidl_typesupport_c.so
[2.293s] -- Set runtime path of "/home/alumno1/Documents/TP4-PRA-LopezVilaclara/ros2_ws/install/custom_msgs/lib/libcustom_msgs__rosidl_typesupport_c.so" to ""
[2.293s] -- Installing: /home/alumno1/Documents/TP4-PRA-LopezVilaclara/ros2_ws/install/custom_msgs/lib/libcustom_msgs__rosidl_typesupport_introspection_cpp.so
[2.294s] -- Set runtime path of "/home/alumno1/Documents/TP4-PRA-LopezVilaclara/ros2_ws/install/custom_msgs/lib/libcustom_msgs__rosidl_typesupport_introspection_cpp.so" to ""
[2.294s] -- Installing: /home/alumno1/Documents/TP4-PRA-LopezVilaclara/ros2_ws/install/custom_msgs/lib/libcustom_msgs__rosidl_typesupport_cpp.so
[2.294s] -- Set runtime path of "/home/alumno1/Documents/TP4-PRA-LopezVilaclara/ros2_ws/install/custom_msgs/lib/libcustom_msgs__rosidl_typesupport_cpp.so" to ""
[2.311s] Listing '/home/alumno1/Documents/TP4-PRA-LopezVilaclara/ros2_ws/install/custom_msgs/local/lib/python3.10/dist-packages/custom_msgs'...
[2.311s] Compiling '/home/alumno1/Documents/TP4-PRA-LopezVilaclara/ros2_ws/install/custom_msgs/local/lib/python3.10/dist-packages/custom_msgs/__init__.py'...
[2.311s] Listing '/home/alumno1/Documents/TP4-PRA-LopezVilaclara/ros2_ws/install/custom_msgs/local/lib/python3.10/dist-packages/custom_msgs/msg'...
[2.311s] Compiling '/home/alumno1/Documents/TP4-PRA-LopezVilaclara/ros2_ws/install/custom_msgs/local/lib/python3.10/dist-packages/custom_msgs/msg/__init__.py'...
[2.311s] Compiling '/home/alumno1/Documents/TP4-PRA-LopezVilaclara/ros2_ws/install/custom_msgs/local/lib/python3.10/dist-packages/custom_msgs/msg/_belief.py'...
[2.311s] Compiling '/home/alumno1/Documents/TP4-PRA-LopezVilaclara/ros2_ws/install/custom_msgs/local/lib/python3.10/dist-packages/custom_msgs/msg/_delta_odom.py'...
[2.313s] -- Installing: /home/alumno1/Documents/TP4-PRA-LopezVilaclara/ros2_ws/install/custom_msgs/lib/libcustom_msgs__rosidl_generator_py.so
[2.313s] -- Set runtime path of "/home/alumno1/Documents/TP4-PRA-LopezVilaclara/ros2_ws/install/custom_msgs/lib/libcustom_msgs__rosidl_generator_py.so" to ""
[2.313s] -- Installing: /home/alumno1/Documents/TP4-PRA-LopezVilaclara/ros2_ws/install/custom_msgs/share/custom_msgs/cmake/export_custom_msgs__rosidl_generator_cExport.cmake
[2.313s] -- Installing: /home/alumno1/Documents/TP4-PRA-LopezVilaclara/ros2_ws/install/custom_msgs/share/custom_msgs/cmake/export_custom_msgs__rosidl_generator_cExport-noconfig.cmake
[2.314s] -- Installing: /home/alumno1/Documents/TP4-PRA-LopezVilaclara/ros2_ws/install/custom_msgs/share/custom_msgs/cmake/export_custom_msgs__rosidl_typesupport_fastrtps_cExport.cmake
[2.314s] -- Installing: /home/alumno1/Documents/TP4-PRA-LopezVilaclara/ros2_ws/install/custom_msgs/share/custom_msgs/cmake/export_custom_msgs__rosidl_typesupport_fastrtps_cExport-noconfig.cmake
[2.314s] -- Installing: /home/alumno1/Documents/TP4-PRA-LopezVilaclara/ros2_ws/install/custom_msgs/share/custom_msgs/cmake/export_custom_msgs__rosidl_generator_cppExport.cmake
[2.314s] -- Installing: /home/alumno1/Documents/TP4-PRA-LopezVilaclara/ros2_ws/install/custom_msgs/share/custom_msgs/cmake/export_custom_msgs__rosidl_typesupport_fastrtps_cppExport.cmake
[2.314s] -- Installing: /home/alumno1/Documents/TP4-PRA-LopezVilaclara/ros2_ws/install/custom_msgs/share/custom_msgs/cmake/export_custom_msgs__rosidl_typesupport_fastrtps_cppExport-noconfig.cmake
[2.314s] -- Installing: /home/alumno1/Documents/TP4-PRA-LopezVilaclara/ros2_ws/install/custom_msgs/share/custom_msgs/cmake/custom_msgs__rosidl_typesupport_introspection_cExport.cmake
[2.314s] -- Installing: /home/alumno1/Documents/TP4-PRA-LopezVilaclara/ros2_ws/install/custom_msgs/share/custom_msgs/cmake/custom_msgs__rosidl_typesupport_introspection_cExport-noconfig.cmake
[2.314s] -- Installing: /home/alumno1/Documents/TP4-PRA-LopezVilaclara/ros2_ws/install/custom_msgs/share/custom_msgs/cmake/custom_msgs__rosidl_typesupport_cExport.cmake
[2.314s] -- Installing: /home/alumno1/Documents/TP4-PRA-LopezVilaclara/ros2_ws/install/custom_msgs/share/custom_msgs/cmake/custom_msgs__rosidl_typesupport_cExport-noconfig.cmake
[2.314s] -- Installing: /home/alumno1/Documents/TP4-PRA-LopezVilaclara/ros2_ws/install/custom_msgs/share/custom_msgs/cmake/custom_msgs__rosidl_typesupport_introspection_cppExport.cmake
[2.314s] -- Installing: /home/alumno1/Documents/TP4-PRA-LopezVilaclara/ros2_ws/install/custom_msgs/share/custom_msgs/cmake/custom_msgs__rosidl_typesupport_introspection_cppExport-noconfig.cmake
[2.314s] -- Installing: /home/alumno1/Documents/TP4-PRA-LopezVilaclara/ros2_ws/install/custom_msgs/share/custom_msgs/cmake/custom_msgs__rosidl_typesupport_cppExport.cmake
[2.314s] -- Installing: /home/alumno1/Documents/TP4-PRA-LopezVilaclara/ros2_ws/install/custom_msgs/share/custom_msgs/cmake/custom_msgs__rosidl_typesupport_cppExport-noconfig.cmake
[2.314s] -- Installing: /home/alumno1/Documents/TP4-PRA-LopezVilaclara/ros2_ws/install/custom_msgs/share/custom_msgs/cmake/export_custom_msgs__rosidl_generator_pyExport.cmake
[2.314s] -- Installing: /home/alumno1/Documents/TP4-PRA-LopezVilaclara/ros2_ws/install/custom_msgs/share/custom_msgs/cmake/export_custom_msgs__rosidl_generator_pyExport-noconfig.cmake
[2.315s] Invoked command in '/home/alumno1/Documents/TP4-PRA-LopezVilaclara/ros2_ws/build/custom_msgs' returned '0': CMAKE_PREFIX_PATH=${CMAKE_PREFIX_PATH}:/home/alumno1/turtlebot3_ws/install/turtlebot3_teleop:/home/alumno1/turtlebot3_ws/install/turtlebot3_example:/opt/ros/humble /usr/bin/cmake --install /home/alumno1/Documents/TP4-PRA-LopezVilaclara/ros2_ws/build/custom_msgs
