[0.055s] DEBUG:colcon:Command line arguments: ['/usr/bin/colcon', 'build', '--symlink-install']
[0.055s] DEBUG:colcon:Parsed command line arguments: Namespace(log_base=None, log_level=None, verb_name='build', build_base='build', install_base='install', merge_install=False, symlink_install=True, test_result_base=None, continue_on_error=False, executor='parallel', parallel_workers=28, event_handlers=None, ignore_user_meta=False, metas=['./colcon.meta'], base_paths=['.'], packages_ignore=None, packages_ignore_regex=None, paths=None, packages_up_to=None, packages_up_to_regex=None, packages_above=None, packages_above_and_dependencies=None, packages_above_depth=None, packages_select_by_dep=None, packages_skip_by_dep=None, packages_skip_up_to=None, packages_select_build_failed=False, packages_skip_build_finished=False, packages_select_test_failures=False, packages_skip_test_passed=False, packages_select=None, packages_skip=None, packages_select_regex=None, packages_skip_regex=None, packages_start=None, packages_end=None, allow_overriding=[], cmake_args=None, cmake_target=None, cmake_target_skip_unavailable=False, cmake_clean_cache=False, cmake_clean_first=False, cmake_force_configure=False, ament_cmake_args=None, catkin_cmake_args=None, catkin_skip_building_tests=False, mixin_files=None, mixin=None, verb_parser=<colcon_mixin.mixin.mixin_argument.MixinArgumentDecorator object at 0x7893d0e2ba30>, verb_extension=<colcon_core.verb.build.BuildVerb object at 0x7893d0f98eb0>, main=<bound method BuildVerb.main of <colcon_core.verb.build.BuildVerb object at 0x7893d0f98eb0>>, mixin_verb=('build',))
[0.139s] Level 1:colcon.colcon_core.package_discovery:discover_packages(colcon_meta) check parameters
[0.139s] Level 1:colcon.colcon_core.package_discovery:discover_packages(recursive) check parameters
[0.139s] Level 1:colcon.colcon_core.package_discovery:discover_packages(ignore) check parameters
[0.139s] Level 1:colcon.colcon_core.package_discovery:discover_packages(path) check parameters
[0.139s] Level 1:colcon.colcon_core.package_discovery:discover_packages(colcon_meta) discover
[0.139s] Level 1:colcon.colcon_core.package_discovery:discover_packages(recursive) discover
[0.139s] INFO:colcon.colcon_core.package_discovery:Crawling recursively for packages in '/home/alumno1/Documents/TP4-PRA-LopezVilaclara'
[0.139s] Level 1:colcon.colcon_core.package_identification:_identify(.) by extensions ['ignore', 'ignore_ament_install']
[0.139s] Level 1:colcon.colcon_core.package_identification:_identify(.) by extension 'ignore'
[0.139s] Level 1:colcon.colcon_core.package_identification:_identify(.) by extension 'ignore_ament_install'
[0.139s] Level 1:colcon.colcon_core.package_identification:_identify(.) by extensions ['colcon_pkg']
[0.139s] Level 1:colcon.colcon_core.package_identification:_identify(.) by extension 'colcon_pkg'
[0.139s] Level 1:colcon.colcon_core.package_identification:_identify(.) by extensions ['colcon_meta']
[0.140s] Level 1:colcon.colcon_core.package_identification:_identify(.) by extension 'colcon_meta'
[0.140s] Level 1:colcon.colcon_core.package_identification:_identify(.) by extensions ['ros']
[0.140s] Level 1:colcon.colcon_core.package_identification:_identify(.) by extension 'ros'
[0.145s] Level 1:colcon.colcon_core.package_identification:_identify(.) by extensions ['cmake', 'python']
[0.145s] Level 1:colcon.colcon_core.package_identification:_identify(.) by extension 'cmake'
[0.145s] Level 1:colcon.colcon_core.package_identification:_identify(.) by extension 'python'
[0.145s] Level 1:colcon.colcon_core.package_identification:_identify(.) by extensions ['python_setup_py']
[0.145s] Level 1:colcon.colcon_core.package_identification:_identify(.) by extension 'python_setup_py'
[0.145s] Level 1:colcon.colcon_core.package_identification:_identify(build) by extensions ['ignore', 'ignore_ament_install']
[0.145s] Level 1:colcon.colcon_core.package_identification:_identify(build) by extension 'ignore'
[0.145s] Level 1:colcon.colcon_core.package_identification:_identify(build) ignored
[0.146s] Level 1:colcon.colcon_core.package_identification:_identify(install) by extensions ['ignore', 'ignore_ament_install']
[0.146s] Level 1:colcon.colcon_core.package_identification:_identify(install) by extension 'ignore'
[0.146s] Level 1:colcon.colcon_core.package_identification:_identify(install) ignored
[0.146s] Level 1:colcon.colcon_core.package_identification:_identify(log) by extensions ['ignore', 'ignore_ament_install']
[0.146s] Level 1:colcon.colcon_core.package_identification:_identify(log) by extension 'ignore'
[0.146s] Level 1:colcon.colcon_core.package_identification:_identify(log) ignored
[0.146s] Level 1:colcon.colcon_core.package_identification:_identify(ros2_ws) by extensions ['ignore', 'ignore_ament_install']
[0.146s] Level 1:colcon.colcon_core.package_identification:_identify(ros2_ws) by extension 'ignore'
[0.146s] Level 1:colcon.colcon_core.package_identification:_identify(ros2_ws) by extension 'ignore_ament_install'
[0.146s] Level 1:colcon.colcon_core.package_identification:_identify(ros2_ws) by extensions ['colcon_pkg']
[0.146s] Level 1:colcon.colcon_core.package_identification:_identify(ros2_ws) by extension 'colcon_pkg'
[0.146s] Level 1:colcon.colcon_core.package_identification:_identify(ros2_ws) by extensions ['colcon_meta']
[0.146s] Level 1:colcon.colcon_core.package_identification:_identify(ros2_ws) by extension 'colcon_meta'
[0.146s] Level 1:colcon.colcon_core.package_identification:_identify(ros2_ws) by extensions ['ros']
[0.146s] Level 1:colcon.colcon_core.package_identification:_identify(ros2_ws) by extension 'ros'
[0.146s] Level 1:colcon.colcon_core.package_identification:_identify(ros2_ws) by extensions ['cmake', 'python']
[0.146s] Level 1:colcon.colcon_core.package_identification:_identify(ros2_ws) by extension 'cmake'
[0.146s] Level 1:colcon.colcon_core.package_identification:_identify(ros2_ws) by extension 'python'
[0.146s] Level 1:colcon.colcon_core.package_identification:_identify(ros2_ws) by extensions ['python_setup_py']
[0.146s] Level 1:colcon.colcon_core.package_identification:_identify(ros2_ws) by extension 'python_setup_py'
[0.146s] Level 1:colcon.colcon_core.package_identification:_identify(ros2_ws/build) by extensions ['ignore', 'ignore_ament_install']
[0.146s] Level 1:colcon.colcon_core.package_identification:_identify(ros2_ws/build) by extension 'ignore'
[0.146s] Level 1:colcon.colcon_core.package_identification:_identify(ros2_ws/build) ignored
[0.146s] Level 1:colcon.colcon_core.package_identification:_identify(ros2_ws/install) by extensions ['ignore', 'ignore_ament_install']
[0.146s] Level 1:colcon.colcon_core.package_identification:_identify(ros2_ws/install) by extension 'ignore'
[0.146s] Level 1:colcon.colcon_core.package_identification:_identify(ros2_ws/install) ignored
[0.146s] Level 1:colcon.colcon_core.package_identification:_identify(ros2_ws/log) by extensions ['ignore', 'ignore_ament_install']
[0.146s] Level 1:colcon.colcon_core.package_identification:_identify(ros2_ws/log) by extension 'ignore'
[0.146s] Level 1:colcon.colcon_core.package_identification:_identify(ros2_ws/log) ignored
[0.146s] Level 1:colcon.colcon_core.package_identification:_identify(ros2_ws/src) by extensions ['ignore', 'ignore_ament_install']
[0.146s] Level 1:colcon.colcon_core.package_identification:_identify(ros2_ws/src) by extension 'ignore'
[0.146s] Level 1:colcon.colcon_core.package_identification:_identify(ros2_ws/src) by extension 'ignore_ament_install'
[0.146s] Level 1:colcon.colcon_core.package_identification:_identify(ros2_ws/src) by extensions ['colcon_pkg']
[0.146s] Level 1:colcon.colcon_core.package_identification:_identify(ros2_ws/src) by extension 'colcon_pkg'
[0.146s] Level 1:colcon.colcon_core.package_identification:_identify(ros2_ws/src) by extensions ['colcon_meta']
[0.146s] Level 1:colcon.colcon_core.package_identification:_identify(ros2_ws/src) by extension 'colcon_meta'
[0.146s] Level 1:colcon.colcon_core.package_identification:_identify(ros2_ws/src) by extensions ['ros']
[0.146s] Level 1:colcon.colcon_core.package_identification:_identify(ros2_ws/src) by extension 'ros'
[0.147s] Level 1:colcon.colcon_core.package_identification:_identify(ros2_ws/src) by extensions ['cmake', 'python']
[0.147s] Level 1:colcon.colcon_core.package_identification:_identify(ros2_ws/src) by extension 'cmake'
[0.147s] Level 1:colcon.colcon_core.package_identification:_identify(ros2_ws/src) by extension 'python'
[0.147s] Level 1:colcon.colcon_core.package_identification:_identify(ros2_ws/src) by extensions ['python_setup_py']
[0.147s] Level 1:colcon.colcon_core.package_identification:_identify(ros2_ws/src) by extension 'python_setup_py'
[0.147s] Level 1:colcon.colcon_core.package_identification:_identify(ros2_ws/src/custom_code) by extensions ['ignore', 'ignore_ament_install']
[0.147s] Level 1:colcon.colcon_core.package_identification:_identify(ros2_ws/src/custom_code) by extension 'ignore'
[0.147s] Level 1:colcon.colcon_core.package_identification:_identify(ros2_ws/src/custom_code) by extension 'ignore_ament_install'
[0.147s] Level 1:colcon.colcon_core.package_identification:_identify(ros2_ws/src/custom_code) by extensions ['colcon_pkg']
[0.147s] Level 1:colcon.colcon_core.package_identification:_identify(ros2_ws/src/custom_code) by extension 'colcon_pkg'
[0.147s] Level 1:colcon.colcon_core.package_identification:_identify(ros2_ws/src/custom_code) by extensions ['colcon_meta']
[0.147s] Level 1:colcon.colcon_core.package_identification:_identify(ros2_ws/src/custom_code) by extension 'colcon_meta'
[0.147s] Level 1:colcon.colcon_core.package_identification:_identify(ros2_ws/src/custom_code) by extensions ['ros']
[0.147s] Level 1:colcon.colcon_core.package_identification:_identify(ros2_ws/src/custom_code) by extension 'ros'
[0.147s] DEBUG:colcon.colcon_core.package_identification:Failed to parse potential ROS package manifest in'ros2_ws/src/custom_code': Error(s) in package 'ros2_ws/src/custom_code/package.xml':
The manifest contains invalid XML:
mismatched tag: line 22, column 23
[0.147s] Level 1:colcon.colcon_core.package_identification:_identify(ros2_ws/src/custom_code) by extensions ['cmake', 'python']
[0.147s] Level 1:colcon.colcon_core.package_identification:_identify(ros2_ws/src/custom_code) by extension 'cmake'
[0.147s] Level 1:colcon.colcon_core.package_identification:_identify(ros2_ws/src/custom_code) by extension 'python'
[0.148s] DEBUG:colcon.colcon_core.package_identification:Python package in 'ros2_ws/src/custom_code' passes arguments to the setup() function which requires a different identification extension than 'python'
[0.148s] Level 1:colcon.colcon_core.package_identification:_identify(ros2_ws/src/custom_code) by extensions ['python_setup_py']
[0.148s] Level 1:colcon.colcon_core.package_identification:_identify(ros2_ws/src/custom_code) by extension 'python_setup_py'
[0.279s] DEBUG:colcon.colcon_core.package_identification:Package 'ros2_ws/src/custom_code' with type 'python' and name 'custom_code'
[0.279s] Level 1:colcon.colcon_core.package_identification:_identify(ros2_ws/src/custom_msgs) by extensions ['ignore', 'ignore_ament_install']
[0.279s] Level 1:colcon.colcon_core.package_identification:_identify(ros2_ws/src/custom_msgs) by extension 'ignore'
[0.279s] Level 1:colcon.colcon_core.package_identification:_identify(ros2_ws/src/custom_msgs) by extension 'ignore_ament_install'
[0.279s] Level 1:colcon.colcon_core.package_identification:_identify(ros2_ws/src/custom_msgs) by extensions ['colcon_pkg']
[0.279s] Level 1:colcon.colcon_core.package_identification:_identify(ros2_ws/src/custom_msgs) by extension 'colcon_pkg'
[0.279s] Level 1:colcon.colcon_core.package_identification:_identify(ros2_ws/src/custom_msgs) by extensions ['colcon_meta']
[0.279s] Level 1:colcon.colcon_core.package_identification:_identify(ros2_ws/src/custom_msgs) by extension 'colcon_meta'
[0.279s] Level 1:colcon.colcon_core.package_identification:_identify(ros2_ws/src/custom_msgs) by extensions ['ros']
[0.279s] Level 1:colcon.colcon_core.package_identification:_identify(ros2_ws/src/custom_msgs) by extension 'ros'
[0.280s] DEBUG:colcon.colcon_core.package_identification:Package 'ros2_ws/src/custom_msgs' with type 'ros.ament_cmake' and name 'custom_msgs'
[0.280s] Level 1:colcon.colcon_core.package_identification:_identify(ros2_ws/src/turtlebot3_custom_simulation) by extensions ['ignore', 'ignore_ament_install']
[0.280s] Level 1:colcon.colcon_core.package_identification:_identify(ros2_ws/src/turtlebot3_custom_simulation) by extension 'ignore'
[0.281s] Level 1:colcon.colcon_core.package_identification:_identify(ros2_ws/src/turtlebot3_custom_simulation) by extension 'ignore_ament_install'
[0.281s] Level 1:colcon.colcon_core.package_identification:_identify(ros2_ws/src/turtlebot3_custom_simulation) by extensions ['colcon_pkg']
[0.281s] Level 1:colcon.colcon_core.package_identification:_identify(ros2_ws/src/turtlebot3_custom_simulation) by extension 'colcon_pkg'
[0.281s] Level 1:colcon.colcon_core.package_identification:_identify(ros2_ws/src/turtlebot3_custom_simulation) by extensions ['colcon_meta']
[0.281s] Level 1:colcon.colcon_core.package_identification:_identify(ros2_ws/src/turtlebot3_custom_simulation) by extension 'colcon_meta'
[0.281s] Level 1:colcon.colcon_core.package_identification:_identify(ros2_ws/src/turtlebot3_custom_simulation) by extensions ['ros']
[0.281s] Level 1:colcon.colcon_core.package_identification:_identify(ros2_ws/src/turtlebot3_custom_simulation) by extension 'ros'
[0.281s] DEBUG:colcon.colcon_core.package_identification:Package 'ros2_ws/src/turtlebot3_custom_simulation' with type 'ros.ament_cmake' and name 'turtlebot3_custom_simulation'
[0.281s] Level 1:colcon.colcon_core.package_discovery:discover_packages(recursive) using defaults
[0.281s] Level 1:colcon.colcon_core.package_discovery:discover_packages(ignore) discover
[0.281s] Level 1:colcon.colcon_core.package_discovery:discover_packages(ignore) using defaults
[0.281s] Level 1:colcon.colcon_core.package_discovery:discover_packages(path) discover
[0.281s] Level 1:colcon.colcon_core.package_discovery:discover_packages(path) using defaults
[0.296s] Level 1:colcon.colcon_core.package_discovery:discover_packages(prefix_path) check parameters
[0.296s] Level 1:colcon.colcon_core.package_discovery:discover_packages(prefix_path) discover
[0.297s] DEBUG:colcon.colcon_installed_package_information.package_discovery:Found 3 installed packages in /home/alumno1/Documents/TP4-PRA-LopezVilaclara/install
[0.298s] DEBUG:colcon.colcon_installed_package_information.package_discovery:Found 16 installed packages in /home/alumno1/turtlebot3_ws/install
[0.298s] DEBUG:colcon.colcon_installed_package_information.package_discovery:Found 363 installed packages in /opt/ros/humble
[0.299s] Level 1:colcon.colcon_core.package_discovery:discover_packages(prefix_path) using defaults
[0.320s] Level 5:colcon.colcon_core.verb:set package 'custom_code' build argument 'cmake_args' from command line to 'None'
[0.320s] Level 5:colcon.colcon_core.verb:set package 'custom_code' build argument 'cmake_target' from command line to 'None'
[0.320s] Level 5:colcon.colcon_core.verb:set package 'custom_code' build argument 'cmake_target_skip_unavailable' from command line to 'False'
[0.320s] Level 5:colcon.colcon_core.verb:set package 'custom_code' build argument 'cmake_clean_cache' from command line to 'False'
[0.320s] Level 5:colcon.colcon_core.verb:set package 'custom_code' build argument 'cmake_clean_first' from command line to 'False'
[0.320s] Level 5:colcon.colcon_core.verb:set package 'custom_code' build argument 'cmake_force_configure' from command line to 'False'
[0.320s] Level 5:colcon.colcon_core.verb:set package 'custom_code' build argument 'ament_cmake_args' from command line to 'None'
[0.320s] Level 5:colcon.colcon_core.verb:set package 'custom_code' build argument 'catkin_cmake_args' from command line to 'None'
[0.320s] Level 5:colcon.colcon_core.verb:set package 'custom_code' build argument 'catkin_skip_building_tests' from command line to 'False'
[0.320s] DEBUG:colcon.colcon_core.verb:Building package 'custom_code' with the following arguments: {'ament_cmake_args': None, 'build_base': '/home/alumno1/Documents/TP4-PRA-LopezVilaclara/build/custom_code', 'catkin_cmake_args': None, 'catkin_skip_building_tests': False, 'cmake_args': None, 'cmake_clean_cache': False, 'cmake_clean_first': False, 'cmake_force_configure': False, 'cmake_target': None, 'cmake_target_skip_unavailable': False, 'install_base': '/home/alumno1/Documents/TP4-PRA-LopezVilaclara/install/custom_code', 'merge_install': False, 'path': '/home/alumno1/Documents/TP4-PRA-LopezVilaclara/ros2_ws/src/custom_code', 'symlink_install': True, 'test_result_base': None}
[0.321s] Level 5:colcon.colcon_core.verb:set package 'custom_msgs' build argument 'cmake_args' from command line to 'None'
[0.321s] Level 5:colcon.colcon_core.verb:set package 'custom_msgs' build argument 'cmake_target' from command line to 'None'
[0.321s] Level 5:colcon.colcon_core.verb:set package 'custom_msgs' build argument 'cmake_target_skip_unavailable' from command line to 'False'
[0.321s] Level 5:colcon.colcon_core.verb:set package 'custom_msgs' build argument 'cmake_clean_cache' from command line to 'False'
[0.321s] Level 5:colcon.colcon_core.verb:set package 'custom_msgs' build argument 'cmake_clean_first' from command line to 'False'
[0.321s] Level 5:colcon.colcon_core.verb:set package 'custom_msgs' build argument 'cmake_force_configure' from command line to 'False'
[0.321s] Level 5:colcon.colcon_core.verb:set package 'custom_msgs' build argument 'ament_cmake_args' from command line to 'None'
[0.321s] Level 5:colcon.colcon_core.verb:set package 'custom_msgs' build argument 'catkin_cmake_args' from command line to 'None'
[0.321s] Level 5:colcon.colcon_core.verb:set package 'custom_msgs' build argument 'catkin_skip_building_tests' from command line to 'False'
[0.321s] DEBUG:colcon.colcon_core.verb:Building package 'custom_msgs' with the following arguments: {'ament_cmake_args': None, 'build_base': '/home/alumno1/Documents/TP4-PRA-LopezVilaclara/build/custom_msgs', 'catkin_cmake_args': None, 'catkin_skip_building_tests': False, 'cmake_args': None, 'cmake_clean_cache': False, 'cmake_clean_first': False, 'cmake_force_configure': False, 'cmake_target': None, 'cmake_target_skip_unavailable': False, 'install_base': '/home/alumno1/Documents/TP4-PRA-LopezVilaclara/install/custom_msgs', 'merge_install': False, 'path': '/home/alumno1/Documents/TP4-PRA-LopezVilaclara/ros2_ws/src/custom_msgs', 'symlink_install': True, 'test_result_base': None}
[0.321s] Level 5:colcon.colcon_core.verb:set package 'turtlebot3_custom_simulation' build argument 'cmake_args' from command line to 'None'
[0.321s] Level 5:colcon.colcon_core.verb:set package 'turtlebot3_custom_simulation' build argument 'cmake_target' from command line to 'None'
[0.321s] Level 5:colcon.colcon_core.verb:set package 'turtlebot3_custom_simulation' build argument 'cmake_target_skip_unavailable' from command line to 'False'
[0.321s] Level 5:colcon.colcon_core.verb:set package 'turtlebot3_custom_simulation' build argument 'cmake_clean_cache' from command line to 'False'
[0.321s] Level 5:colcon.colcon_core.verb:set package 'turtlebot3_custom_simulation' build argument 'cmake_clean_first' from command line to 'False'
[0.321s] Level 5:colcon.colcon_core.verb:set package 'turtlebot3_custom_simulation' build argument 'cmake_force_configure' from command line to 'False'
[0.321s] Level 5:colcon.colcon_core.verb:set package 'turtlebot3_custom_simulation' build argument 'ament_cmake_args' from command line to 'None'
[0.321s] Level 5:colcon.colcon_core.verb:set package 'turtlebot3_custom_simulation' build argument 'catkin_cmake_args' from command line to 'None'
[0.321s] Level 5:colcon.colcon_core.verb:set package 'turtlebot3_custom_simulation' build argument 'catkin_skip_building_tests' from command line to 'False'
[0.321s] DEBUG:colcon.colcon_core.verb:Building package 'turtlebot3_custom_simulation' with the following arguments: {'ament_cmake_args': None, 'build_base': '/home/alumno1/Documents/TP4-PRA-LopezVilaclara/build/turtlebot3_custom_simulation', 'catkin_cmake_args': None, 'catkin_skip_building_tests': False, 'cmake_args': None, 'cmake_clean_cache': False, 'cmake_clean_first': False, 'cmake_force_configure': False, 'cmake_target': None, 'cmake_target_skip_unavailable': False, 'install_base': '/home/alumno1/Documents/TP4-PRA-LopezVilaclara/install/turtlebot3_custom_simulation', 'merge_install': False, 'path': '/home/alumno1/Documents/TP4-PRA-LopezVilaclara/ros2_ws/src/turtlebot3_custom_simulation', 'symlink_install': True, 'test_result_base': None}
[0.321s] INFO:colcon.colcon_core.executor:Executing jobs using 'parallel' executor
[0.322s] DEBUG:colcon.colcon_parallel_executor.executor.parallel:run_until_complete
[0.322s] INFO:colcon.colcon_core.task.python.build:Building Python package in '/home/alumno1/Documents/TP4-PRA-LopezVilaclara/ros2_ws/src/custom_code'
[0.323s] INFO:colcon.colcon_core.plugin_system:Skipping extension 'colcon_core.shell.bat': Not used on non-Windows systems
[0.323s] INFO:colcon.colcon_core.shell:Skip shell extension 'powershell' for command environment: Not usable outside of PowerShell
[0.323s] DEBUG:colcon.colcon_core.shell:Skip shell extension 'dsv' for command environment
[0.326s] INFO:colcon.colcon_ros.task.ament_cmake.build:Building ROS package in '/home/alumno1/Documents/TP4-PRA-LopezVilaclara/ros2_ws/src/custom_msgs' with build type 'ament_cmake'
[0.326s] INFO:colcon.colcon_cmake.task.cmake.build:Building CMake package in '/home/alumno1/Documents/TP4-PRA-LopezVilaclara/ros2_ws/src/custom_msgs'
[0.326s] INFO:colcon.colcon_core.shell:Skip shell extension 'powershell' for command environment: Not usable outside of PowerShell
[0.326s] DEBUG:colcon.colcon_core.shell:Skip shell extension 'dsv' for command environment
[0.328s] INFO:colcon.colcon_ros.task.ament_cmake.build:Building ROS package in '/home/alumno1/Documents/TP4-PRA-LopezVilaclara/ros2_ws/src/turtlebot3_custom_simulation' with build type 'ament_cmake'
[0.328s] INFO:colcon.colcon_cmake.task.cmake.build:Building CMake package in '/home/alumno1/Documents/TP4-PRA-LopezVilaclara/ros2_ws/src/turtlebot3_custom_simulation'
[0.328s] INFO:colcon.colcon_core.shell:Skip shell extension 'powershell' for command environment: Not usable outside of PowerShell
[0.328s] DEBUG:colcon.colcon_core.shell:Skip shell extension 'dsv' for command environment
[0.465s] DEBUG:colcon.colcon_core.event_handler.log_command:Invoking command in '/home/alumno1/Documents/TP4-PRA-LopezVilaclara/build/custom_msgs': CMAKE_PREFIX_PATH=${CMAKE_PREFIX_PATH}:/home/alumno1/Documents/TP4-PRA-LopezVilaclara/install/custom_code:/home/alumno1/turtlebot3_ws/install/turtlebot3_teleop:/home/alumno1/turtlebot3_ws/install/turtlebot3_example:/opt/ros/humble /usr/bin/cmake --build /home/alumno1/Documents/TP4-PRA-LopezVilaclara/build/custom_msgs -- -j28 -l28
[0.467s] DEBUG:colcon.colcon_core.event_handler.log_command:Invoking command in '/home/alumno1/Documents/TP4-PRA-LopezVilaclara/build/turtlebot3_custom_simulation': CMAKE_PREFIX_PATH=${CMAKE_PREFIX_PATH}:/home/alumno1/Documents/TP4-PRA-LopezVilaclara/install/custom_code:/home/alumno1/turtlebot3_ws/install/turtlebot3_teleop:/home/alumno1/turtlebot3_ws/install/turtlebot3_example:/opt/ros/humble /usr/bin/cmake --build /home/alumno1/Documents/TP4-PRA-LopezVilaclara/build/turtlebot3_custom_simulation -- -j28 -l28
[0.511s] DEBUG:colcon.colcon_core.event_handler.log_command:Invoked command in '/home/alumno1/Documents/TP4-PRA-LopezVilaclara/build/turtlebot3_custom_simulation' returned '0': CMAKE_PREFIX_PATH=${CMAKE_PREFIX_PATH}:/home/alumno1/Documents/TP4-PRA-LopezVilaclara/install/custom_code:/home/alumno1/turtlebot3_ws/install/turtlebot3_teleop:/home/alumno1/turtlebot3_ws/install/turtlebot3_example:/opt/ros/humble /usr/bin/cmake --build /home/alumno1/Documents/TP4-PRA-LopezVilaclara/build/turtlebot3_custom_simulation -- -j28 -l28
[0.516s] DEBUG:colcon.colcon_core.event_handler.log_command:Invoking command in '/home/alumno1/Documents/TP4-PRA-LopezVilaclara/build/turtlebot3_custom_simulation': CMAKE_PREFIX_PATH=${CMAKE_PREFIX_PATH}:/home/alumno1/Documents/TP4-PRA-LopezVilaclara/install/custom_code:/home/alumno1/turtlebot3_ws/install/turtlebot3_teleop:/home/alumno1/turtlebot3_ws/install/turtlebot3_example:/opt/ros/humble /usr/bin/cmake --install /home/alumno1/Documents/TP4-PRA-LopezVilaclara/build/turtlebot3_custom_simulation
[0.527s] Level 1:colcon.colcon_core.environment:create_environment_scripts_only(turtlebot3_custom_simulation)
[0.528s] DEBUG:colcon.colcon_core.event_handler.log_command:Invoked command in '/home/alumno1/Documents/TP4-PRA-LopezVilaclara/build/turtlebot3_custom_simulation' returned '0': CMAKE_PREFIX_PATH=${CMAKE_PREFIX_PATH}:/home/alumno1/Documents/TP4-PRA-LopezVilaclara/install/custom_code:/home/alumno1/turtlebot3_ws/install/turtlebot3_teleop:/home/alumno1/turtlebot3_ws/install/turtlebot3_example:/opt/ros/humble /usr/bin/cmake --install /home/alumno1/Documents/TP4-PRA-LopezVilaclara/build/turtlebot3_custom_simulation
[0.529s] Level 1:colcon.colcon_core.environment:checking '/home/alumno1/Documents/TP4-PRA-LopezVilaclara/install/turtlebot3_custom_simulation' for CMake module files
[0.530s] Level 1:colcon.colcon_core.environment:checking '/home/alumno1/Documents/TP4-PRA-LopezVilaclara/install/turtlebot3_custom_simulation' for CMake config files
[0.530s] Level 1:colcon.colcon_core.shell:create_environment_hook('turtlebot3_custom_simulation', 'cmake_prefix_path')
[0.530s] INFO:colcon.colcon_core.shell:Creating environment hook '/home/alumno1/Documents/TP4-PRA-LopezVilaclara/install/turtlebot3_custom_simulation/share/turtlebot3_custom_simulation/hook/cmake_prefix_path.ps1'
[0.530s] INFO:colcon.colcon_core.shell:Creating environment descriptor '/home/alumno1/Documents/TP4-PRA-LopezVilaclara/install/turtlebot3_custom_simulation/share/turtlebot3_custom_simulation/hook/cmake_prefix_path.dsv'
[0.530s] INFO:colcon.colcon_core.shell:Creating environment hook '/home/alumno1/Documents/TP4-PRA-LopezVilaclara/install/turtlebot3_custom_simulation/share/turtlebot3_custom_simulation/hook/cmake_prefix_path.sh'
[0.531s] Level 1:colcon.colcon_core.environment:checking '/home/alumno1/Documents/TP4-PRA-LopezVilaclara/install/turtlebot3_custom_simulation/lib'
[0.531s] Level 1:colcon.colcon_core.environment:checking '/home/alumno1/Documents/TP4-PRA-LopezVilaclara/install/turtlebot3_custom_simulation/bin'
[0.531s] Level 1:colcon.colcon_core.environment:checking '/home/alumno1/Documents/TP4-PRA-LopezVilaclara/install/turtlebot3_custom_simulation/lib/pkgconfig/turtlebot3_custom_simulation.pc'
[0.531s] Level 1:colcon.colcon_core.environment:checking '/home/alumno1/Documents/TP4-PRA-LopezVilaclara/install/turtlebot3_custom_simulation/lib/python3.10/site-packages'
[0.531s] Level 1:colcon.colcon_core.environment:checking '/home/alumno1/Documents/TP4-PRA-LopezVilaclara/install/turtlebot3_custom_simulation/bin'
[0.531s] INFO:colcon.colcon_core.shell:Creating package script '/home/alumno1/Documents/TP4-PRA-LopezVilaclara/install/turtlebot3_custom_simulation/share/turtlebot3_custom_simulation/package.ps1'
[0.532s] INFO:colcon.colcon_core.shell:Creating package descriptor '/home/alumno1/Documents/TP4-PRA-LopezVilaclara/install/turtlebot3_custom_simulation/share/turtlebot3_custom_simulation/package.dsv'
[0.532s] INFO:colcon.colcon_core.shell:Creating package script '/home/alumno1/Documents/TP4-PRA-LopezVilaclara/install/turtlebot3_custom_simulation/share/turtlebot3_custom_simulation/package.sh'
[0.532s] INFO:colcon.colcon_core.shell:Creating package script '/home/alumno1/Documents/TP4-PRA-LopezVilaclara/install/turtlebot3_custom_simulation/share/turtlebot3_custom_simulation/package.bash'
[0.532s] INFO:colcon.colcon_core.shell:Creating package script '/home/alumno1/Documents/TP4-PRA-LopezVilaclara/install/turtlebot3_custom_simulation/share/turtlebot3_custom_simulation/package.zsh'
[0.533s] Level 1:colcon.colcon_core.environment:create_file_with_runtime_dependencies(/home/alumno1/Documents/TP4-PRA-LopezVilaclara/install/turtlebot3_custom_simulation/share/colcon-core/packages/turtlebot3_custom_simulation)
[0.533s] Level 1:colcon.colcon_core.environment:create_environment_scripts_only(turtlebot3_custom_simulation)
[0.533s] Level 1:colcon.colcon_core.environment:checking '/home/alumno1/Documents/TP4-PRA-LopezVilaclara/install/turtlebot3_custom_simulation' for CMake module files
[0.533s] Level 1:colcon.colcon_core.environment:checking '/home/alumno1/Documents/TP4-PRA-LopezVilaclara/install/turtlebot3_custom_simulation' for CMake config files
[0.533s] Level 1:colcon.colcon_core.shell:create_environment_hook('turtlebot3_custom_simulation', 'cmake_prefix_path')
[0.534s] INFO:colcon.colcon_core.shell:Creating environment hook '/home/alumno1/Documents/TP4-PRA-LopezVilaclara/install/turtlebot3_custom_simulation/share/turtlebot3_custom_simulation/hook/cmake_prefix_path.ps1'
[0.534s] INFO:colcon.colcon_core.shell:Creating environment descriptor '/home/alumno1/Documents/TP4-PRA-LopezVilaclara/install/turtlebot3_custom_simulation/share/turtlebot3_custom_simulation/hook/cmake_prefix_path.dsv'
[0.534s] INFO:colcon.colcon_core.shell:Creating environment hook '/home/alumno1/Documents/TP4-PRA-LopezVilaclara/install/turtlebot3_custom_simulation/share/turtlebot3_custom_simulation/hook/cmake_prefix_path.sh'
[0.534s] Level 1:colcon.colcon_core.environment:checking '/home/alumno1/Documents/TP4-PRA-LopezVilaclara/install/turtlebot3_custom_simulation/lib'
[0.534s] Level 1:colcon.colcon_core.environment:checking '/home/alumno1/Documents/TP4-PRA-LopezVilaclara/install/turtlebot3_custom_simulation/bin'
[0.534s] Level 1:colcon.colcon_core.environment:checking '/home/alumno1/Documents/TP4-PRA-LopezVilaclara/install/turtlebot3_custom_simulation/lib/pkgconfig/turtlebot3_custom_simulation.pc'
[0.534s] Level 1:colcon.colcon_core.environment:checking '/home/alumno1/Documents/TP4-PRA-LopezVilaclara/install/turtlebot3_custom_simulation/lib/python3.10/site-packages'
[0.534s] Level 1:colcon.colcon_core.environment:checking '/home/alumno1/Documents/TP4-PRA-LopezVilaclara/install/turtlebot3_custom_simulation/bin'
[0.535s] INFO:colcon.colcon_core.shell:Creating package script '/home/alumno1/Documents/TP4-PRA-LopezVilaclara/install/turtlebot3_custom_simulation/share/turtlebot3_custom_simulation/package.ps1'
[0.535s] INFO:colcon.colcon_core.shell:Creating package descriptor '/home/alumno1/Documents/TP4-PRA-LopezVilaclara/install/turtlebot3_custom_simulation/share/turtlebot3_custom_simulation/package.dsv'
[0.535s] INFO:colcon.colcon_core.shell:Creating package script '/home/alumno1/Documents/TP4-PRA-LopezVilaclara/install/turtlebot3_custom_simulation/share/turtlebot3_custom_simulation/package.sh'
[0.535s] INFO:colcon.colcon_core.shell:Creating package script '/home/alumno1/Documents/TP4-PRA-LopezVilaclara/install/turtlebot3_custom_simulation/share/turtlebot3_custom_simulation/package.bash'
[0.535s] INFO:colcon.colcon_core.shell:Creating package script '/home/alumno1/Documents/TP4-PRA-LopezVilaclara/install/turtlebot3_custom_simulation/share/turtlebot3_custom_simulation/package.zsh'
[0.535s] Level 1:colcon.colcon_core.environment:create_file_with_runtime_dependencies(/home/alumno1/Documents/TP4-PRA-LopezVilaclara/install/turtlebot3_custom_simulation/share/colcon-core/packages/turtlebot3_custom_simulation)
[0.624s] DEBUG:colcon.colcon_core.event_handler.log_command:Invoking command in '/home/alumno1/Documents/TP4-PRA-LopezVilaclara/build/custom_code': PYTHONPATH=/home/alumno1/Documents/TP4-PRA-LopezVilaclara/build/custom_code/prefix_override:/usr/lib/python3/dist-packages/colcon_core/task/python/colcon_distutils_commands:/home/alumno1/Documents/TP4-PRA-LopezVilaclara/install/custom_code/lib/python3.10/site-packages:${PYTHONPATH} /usr/bin/python3 -W ignore:setup.py install is deprecated -W ignore:easy_install command is deprecated setup.py develop --editable --build-directory /home/alumno1/Documents/TP4-PRA-LopezVilaclara/build/custom_code/build --no-deps symlink_data
[0.635s] DEBUG:colcon.colcon_core.event_handler.log_command:Invoked command in '/home/alumno1/Documents/TP4-PRA-LopezVilaclara/build/custom_msgs' returned '0': CMAKE_PREFIX_PATH=${CMAKE_PREFIX_PATH}:/home/alumno1/Documents/TP4-PRA-LopezVilaclara/install/custom_code:/home/alumno1/turtlebot3_ws/install/turtlebot3_teleop:/home/alumno1/turtlebot3_ws/install/turtlebot3_example:/opt/ros/humble /usr/bin/cmake --build /home/alumno1/Documents/TP4-PRA-LopezVilaclara/build/custom_msgs -- -j28 -l28
[0.636s] DEBUG:colcon.colcon_core.event_handler.log_command:Invoking command in '/home/alumno1/Documents/TP4-PRA-LopezVilaclara/build/custom_msgs': CMAKE_PREFIX_PATH=${CMAKE_PREFIX_PATH}:/home/alumno1/Documents/TP4-PRA-LopezVilaclara/install/custom_code:/home/alumno1/turtlebot3_ws/install/turtlebot3_teleop:/home/alumno1/turtlebot3_ws/install/turtlebot3_example:/opt/ros/humble /usr/bin/cmake --install /home/alumno1/Documents/TP4-PRA-LopezVilaclara/build/custom_msgs
[0.667s] Level 1:colcon.colcon_core.environment:create_environment_scripts_only(custom_msgs)
[0.668s] Level 1:colcon.colcon_core.environment:checking '/home/alumno1/Documents/TP4-PRA-LopezVilaclara/install/custom_msgs' for CMake module files
[0.668s] DEBUG:colcon.colcon_core.event_handler.log_command:Invoked command in '/home/alumno1/Documents/TP4-PRA-LopezVilaclara/build/custom_msgs' returned '0': CMAKE_PREFIX_PATH=${CMAKE_PREFIX_PATH}:/home/alumno1/Documents/TP4-PRA-LopezVilaclara/install/custom_code:/home/alumno1/turtlebot3_ws/install/turtlebot3_teleop:/home/alumno1/turtlebot3_ws/install/turtlebot3_example:/opt/ros/humble /usr/bin/cmake --install /home/alumno1/Documents/TP4-PRA-LopezVilaclara/build/custom_msgs
[0.668s] Level 1:colcon.colcon_core.environment:checking '/home/alumno1/Documents/TP4-PRA-LopezVilaclara/install/custom_msgs' for CMake config files
[0.669s] Level 1:colcon.colcon_core.shell:create_environment_hook('custom_msgs', 'cmake_prefix_path')
[0.669s] INFO:colcon.colcon_core.shell:Creating environment hook '/home/alumno1/Documents/TP4-PRA-LopezVilaclara/install/custom_msgs/share/custom_msgs/hook/cmake_prefix_path.ps1'
[0.669s] INFO:colcon.colcon_core.shell:Creating environment descriptor '/home/alumno1/Documents/TP4-PRA-LopezVilaclara/install/custom_msgs/share/custom_msgs/hook/cmake_prefix_path.dsv'
[0.669s] INFO:colcon.colcon_core.shell:Creating environment hook '/home/alumno1/Documents/TP4-PRA-LopezVilaclara/install/custom_msgs/share/custom_msgs/hook/cmake_prefix_path.sh'
[0.670s] Level 1:colcon.colcon_core.environment:checking '/home/alumno1/Documents/TP4-PRA-LopezVilaclara/install/custom_msgs/lib'
[0.670s] Level 1:colcon.colcon_core.shell:create_environment_hook('custom_msgs', 'ld_library_path_lib')
[0.670s] INFO:colcon.colcon_core.shell:Creating environment hook '/home/alumno1/Documents/TP4-PRA-LopezVilaclara/install/custom_msgs/share/custom_msgs/hook/ld_library_path_lib.ps1'
[0.670s] INFO:colcon.colcon_core.shell:Creating environment descriptor '/home/alumno1/Documents/TP4-PRA-LopezVilaclara/install/custom_msgs/share/custom_msgs/hook/ld_library_path_lib.dsv'
[0.670s] INFO:colcon.colcon_core.shell:Creating environment hook '/home/alumno1/Documents/TP4-PRA-LopezVilaclara/install/custom_msgs/share/custom_msgs/hook/ld_library_path_lib.sh'
[0.671s] Level 1:colcon.colcon_core.environment:checking '/home/alumno1/Documents/TP4-PRA-LopezVilaclara/install/custom_msgs/bin'
[0.671s] Level 1:colcon.colcon_core.environment:checking '/home/alumno1/Documents/TP4-PRA-LopezVilaclara/install/custom_msgs/lib/pkgconfig/custom_msgs.pc'
[0.671s] Level 1:colcon.colcon_core.environment:checking '/home/alumno1/Documents/TP4-PRA-LopezVilaclara/install/custom_msgs/lib/python3.10/site-packages'
[0.671s] Level 1:colcon.colcon_core.environment:checking '/home/alumno1/Documents/TP4-PRA-LopezVilaclara/install/custom_msgs/bin'
[0.671s] INFO:colcon.colcon_core.shell:Creating package script '/home/alumno1/Documents/TP4-PRA-LopezVilaclara/install/custom_msgs/share/custom_msgs/package.ps1'
[0.672s] INFO:colcon.colcon_core.shell:Creating package descriptor '/home/alumno1/Documents/TP4-PRA-LopezVilaclara/install/custom_msgs/share/custom_msgs/package.dsv'
[0.672s] INFO:colcon.colcon_core.shell:Creating package script '/home/alumno1/Documents/TP4-PRA-LopezVilaclara/install/custom_msgs/share/custom_msgs/package.sh'
[0.672s] INFO:colcon.colcon_core.shell:Creating package script '/home/alumno1/Documents/TP4-PRA-LopezVilaclara/install/custom_msgs/share/custom_msgs/package.bash'
[0.672s] INFO:colcon.colcon_core.shell:Creating package script '/home/alumno1/Documents/TP4-PRA-LopezVilaclara/install/custom_msgs/share/custom_msgs/package.zsh'
[0.673s] Level 1:colcon.colcon_core.environment:create_file_with_runtime_dependencies(/home/alumno1/Documents/TP4-PRA-LopezVilaclara/install/custom_msgs/share/colcon-core/packages/custom_msgs)
[0.673s] Level 1:colcon.colcon_core.environment:create_environment_scripts_only(custom_msgs)
[0.673s] Level 1:colcon.colcon_core.environment:checking '/home/alumno1/Documents/TP4-PRA-LopezVilaclara/install/custom_msgs' for CMake module files
[0.673s] Level 1:colcon.colcon_core.environment:checking '/home/alumno1/Documents/TP4-PRA-LopezVilaclara/install/custom_msgs' for CMake config files
[0.673s] Level 1:colcon.colcon_core.shell:create_environment_hook('custom_msgs', 'cmake_prefix_path')
[0.673s] INFO:colcon.colcon_core.shell:Creating environment hook '/home/alumno1/Documents/TP4-PRA-LopezVilaclara/install/custom_msgs/share/custom_msgs/hook/cmake_prefix_path.ps1'
[0.673s] INFO:colcon.colcon_core.shell:Creating environment descriptor '/home/alumno1/Documents/TP4-PRA-LopezVilaclara/install/custom_msgs/share/custom_msgs/hook/cmake_prefix_path.dsv'
[0.674s] INFO:colcon.colcon_core.shell:Creating environment hook '/home/alumno1/Documents/TP4-PRA-LopezVilaclara/install/custom_msgs/share/custom_msgs/hook/cmake_prefix_path.sh'
[0.674s] Level 1:colcon.colcon_core.environment:checking '/home/alumno1/Documents/TP4-PRA-LopezVilaclara/install/custom_msgs/lib'
[0.674s] Level 1:colcon.colcon_core.shell:create_environment_hook('custom_msgs', 'ld_library_path_lib')
[0.674s] INFO:colcon.colcon_core.shell:Creating environment hook '/home/alumno1/Documents/TP4-PRA-LopezVilaclara/install/custom_msgs/share/custom_msgs/hook/ld_library_path_lib.ps1'
[0.674s] INFO:colcon.colcon_core.shell:Creating environment descriptor '/home/alumno1/Documents/TP4-PRA-LopezVilaclara/install/custom_msgs/share/custom_msgs/hook/ld_library_path_lib.dsv'
[0.674s] INFO:colcon.colcon_core.shell:Creating environment hook '/home/alumno1/Documents/TP4-PRA-LopezVilaclara/install/custom_msgs/share/custom_msgs/hook/ld_library_path_lib.sh'
[0.674s] Level 1:colcon.colcon_core.environment:checking '/home/alumno1/Documents/TP4-PRA-LopezVilaclara/install/custom_msgs/bin'
[0.674s] Level 1:colcon.colcon_core.environment:checking '/home/alumno1/Documents/TP4-PRA-LopezVilaclara/install/custom_msgs/lib/pkgconfig/custom_msgs.pc'
[0.674s] Level 1:colcon.colcon_core.environment:checking '/home/alumno1/Documents/TP4-PRA-LopezVilaclara/install/custom_msgs/lib/python3.10/site-packages'
[0.674s] Level 1:colcon.colcon_core.environment:checking '/home/alumno1/Documents/TP4-PRA-LopezVilaclara/install/custom_msgs/bin'
[0.675s] INFO:colcon.colcon_core.shell:Creating package script '/home/alumno1/Documents/TP4-PRA-LopezVilaclara/install/custom_msgs/share/custom_msgs/package.ps1'
[0.675s] INFO:colcon.colcon_core.shell:Creating package descriptor '/home/alumno1/Documents/TP4-PRA-LopezVilaclara/install/custom_msgs/share/custom_msgs/package.dsv'
[0.675s] INFO:colcon.colcon_core.shell:Creating package script '/home/alumno1/Documents/TP4-PRA-LopezVilaclara/install/custom_msgs/share/custom_msgs/package.sh'
[0.675s] INFO:colcon.colcon_core.shell:Creating package script '/home/alumno1/Documents/TP4-PRA-LopezVilaclara/install/custom_msgs/share/custom_msgs/package.bash'
[0.675s] INFO:colcon.colcon_core.shell:Creating package script '/home/alumno1/Documents/TP4-PRA-LopezVilaclara/install/custom_msgs/share/custom_msgs/package.zsh'
[0.675s] Level 1:colcon.colcon_core.environment:create_file_with_runtime_dependencies(/home/alumno1/Documents/TP4-PRA-LopezVilaclara/install/custom_msgs/share/colcon-core/packages/custom_msgs)
[0.817s] Level 1:colcon.colcon_core.shell:create_environment_hook('custom_code', 'pythonpath_develop')
[0.818s] DEBUG:colcon.colcon_core.event_handler.log_command:Invoked command in '/home/alumno1/Documents/TP4-PRA-LopezVilaclara/build/custom_code' returned '0': PYTHONPATH=/home/alumno1/Documents/TP4-PRA-LopezVilaclara/build/custom_code/prefix_override:/usr/lib/python3/dist-packages/colcon_core/task/python/colcon_distutils_commands:/home/alumno1/Documents/TP4-PRA-LopezVilaclara/install/custom_code/lib/python3.10/site-packages:${PYTHONPATH} /usr/bin/python3 -W ignore:setup.py install is deprecated -W ignore:easy_install command is deprecated setup.py develop --editable --build-directory /home/alumno1/Documents/TP4-PRA-LopezVilaclara/build/custom_code/build --no-deps symlink_data
[0.818s] INFO:colcon.colcon_core.shell:Creating environment hook '/home/alumno1/Documents/TP4-PRA-LopezVilaclara/build/custom_code/share/custom_code/hook/pythonpath_develop.ps1'
[0.818s] INFO:colcon.colcon_core.shell:Creating environment descriptor '/home/alumno1/Documents/TP4-PRA-LopezVilaclara/build/custom_code/share/custom_code/hook/pythonpath_develop.dsv'
[0.819s] INFO:colcon.colcon_core.shell:Creating environment hook '/home/alumno1/Documents/TP4-PRA-LopezVilaclara/build/custom_code/share/custom_code/hook/pythonpath_develop.sh'
[0.819s] Level 1:colcon.colcon_core.environment:checking '/home/alumno1/Documents/TP4-PRA-LopezVilaclara/install/custom_code' for CMake module files
[0.819s] Level 1:colcon.colcon_core.environment:checking '/home/alumno1/Documents/TP4-PRA-LopezVilaclara/install/custom_code' for CMake config files
[0.820s] Level 1:colcon.colcon_core.environment:checking '/home/alumno1/Documents/TP4-PRA-LopezVilaclara/install/custom_code/lib'
[0.820s] Level 1:colcon.colcon_core.environment:checking '/home/alumno1/Documents/TP4-PRA-LopezVilaclara/install/custom_code/bin'
[0.820s] Level 1:colcon.colcon_core.environment:checking '/home/alumno1/Documents/TP4-PRA-LopezVilaclara/install/custom_code/lib/pkgconfig/custom_code.pc'
[0.820s] Level 1:colcon.colcon_core.environment:checking '/home/alumno1/Documents/TP4-PRA-LopezVilaclara/install/custom_code/lib/python3.10/site-packages'
[0.820s] Level 1:colcon.colcon_core.shell:create_environment_hook('custom_code', 'pythonpath')
[0.820s] INFO:colcon.colcon_core.shell:Creating environment hook '/home/alumno1/Documents/TP4-PRA-LopezVilaclara/install/custom_code/share/custom_code/hook/pythonpath.ps1'
[0.820s] INFO:colcon.colcon_core.shell:Creating environment descriptor '/home/alumno1/Documents/TP4-PRA-LopezVilaclara/install/custom_code/share/custom_code/hook/pythonpath.dsv'
[0.821s] INFO:colcon.colcon_core.shell:Creating environment hook '/home/alumno1/Documents/TP4-PRA-LopezVilaclara/install/custom_code/share/custom_code/hook/pythonpath.sh'
[0.821s] Level 1:colcon.colcon_core.environment:checking '/home/alumno1/Documents/TP4-PRA-LopezVilaclara/install/custom_code/bin'
[0.821s] Level 1:colcon.colcon_core.environment:create_environment_scripts_only(custom_code)
[0.821s] INFO:colcon.colcon_core.shell:Creating package script '/home/alumno1/Documents/TP4-PRA-LopezVilaclara/install/custom_code/share/custom_code/package.ps1'
[0.822s] INFO:colcon.colcon_core.shell:Creating package descriptor '/home/alumno1/Documents/TP4-PRA-LopezVilaclara/install/custom_code/share/custom_code/package.dsv'
[0.822s] INFO:colcon.colcon_core.shell:Creating package script '/home/alumno1/Documents/TP4-PRA-LopezVilaclara/install/custom_code/share/custom_code/package.sh'
[0.822s] INFO:colcon.colcon_core.shell:Creating package script '/home/alumno1/Documents/TP4-PRA-LopezVilaclara/install/custom_code/share/custom_code/package.bash'
[0.822s] INFO:colcon.colcon_core.shell:Creating package script '/home/alumno1/Documents/TP4-PRA-LopezVilaclara/install/custom_code/share/custom_code/package.zsh'
[0.823s] Level 1:colcon.colcon_core.environment:create_file_with_runtime_dependencies(/home/alumno1/Documents/TP4-PRA-LopezVilaclara/install/custom_code/share/colcon-core/packages/custom_code)
[0.823s] DEBUG:colcon.colcon_parallel_executor.executor.parallel:closing loop
[0.823s] DEBUG:colcon.colcon_parallel_executor.executor.parallel:loop closed
[0.823s] DEBUG:colcon.colcon_parallel_executor.executor.parallel:run_until_complete finished with '0'
[0.823s] DEBUG:colcon.colcon_core.event_reactor:joining thread
[0.826s] INFO:colcon.colcon_core.plugin_system:Skipping extension 'colcon_notification.desktop_notification.terminal_notifier': Not used on non-Darwin systems
[0.826s] INFO:colcon.colcon_core.plugin_system:Skipping extension 'colcon_notification.desktop_notification.win32': Not used on non-Windows systems
[0.826s] INFO:colcon.colcon_notification.desktop_notification:Sending desktop notification using 'notify2'
[0.831s] DEBUG:colcon.colcon_core.event_reactor:joined thread
[0.831s] INFO:colcon.colcon_core.shell:Creating prefix script '/home/alumno1/Documents/TP4-PRA-LopezVilaclara/install/local_setup.ps1'
[0.831s] INFO:colcon.colcon_core.shell:Creating prefix util module '/home/alumno1/Documents/TP4-PRA-LopezVilaclara/install/_local_setup_util_ps1.py'
[0.832s] INFO:colcon.colcon_core.shell:Creating prefix chain script '/home/alumno1/Documents/TP4-PRA-LopezVilaclara/install/setup.ps1'
[0.833s] INFO:colcon.colcon_core.shell:Creating prefix script '/home/alumno1/Documents/TP4-PRA-LopezVilaclara/install/local_setup.sh'
[0.833s] INFO:colcon.colcon_core.shell:Creating prefix util module '/home/alumno1/Documents/TP4-PRA-LopezVilaclara/install/_local_setup_util_sh.py'
[0.833s] INFO:colcon.colcon_core.shell:Creating prefix chain script '/home/alumno1/Documents/TP4-PRA-LopezVilaclara/install/setup.sh'
[0.834s] INFO:colcon.colcon_core.shell:Creating prefix script '/home/alumno1/Documents/TP4-PRA-LopezVilaclara/install/local_setup.bash'
[0.834s] INFO:colcon.colcon_core.shell:Creating prefix chain script '/home/alumno1/Documents/TP4-PRA-LopezVilaclara/install/setup.bash'
[0.835s] INFO:colcon.colcon_core.shell:Creating prefix script '/home/alumno1/Documents/TP4-PRA-LopezVilaclara/install/local_setup.zsh'
[0.835s] INFO:colcon.colcon_core.shell:Creating prefix chain script '/home/alumno1/Documents/TP4-PRA-LopezVilaclara/install/setup.zsh'
